<?xml version="1.0" encoding="utf-8"?><testsuites name="pytest tests"><testsuite name="pytest" errors="1" failures="0" skipped="0" tests="1" time="0.172" timestamp="2026-09-06T15:14:21.020378-04:00" hostname="Allenzjx"><testcase classname="" name="outputs.ppo_semantic_v3.reports.post_mapper_headroom_candidate.test_headroom_candidate" time="0.000"><error message="collection failure">outputs/ppo_semantic_v3/reports/post_mapper_headroom_candidate/test_headroom_candidate.py::test_outside_reserve_never_relocates_baseline: 'request' is a reserved name and cannot be used in @pytest.mark.parametrize</error></testcase></testsuite></testsuites>