<?xml version="1.0" encoding="utf-8"?><testsuites name="pytest tests"><testsuite name="pytest" errors="0" failures="0" skipped="0" tests="97" time="0.227" timestamp="2026-09-06T15:21:21.714712-04:00" hostname="Allenzjx"><testcase classname="tests.unit.test_semantic_headroom" name="test_actual_base_config_margin_and_frozen_hard_limits" time="0.004" /><testcase classname="tests.unit.test_semantic_headroom" name="test_real_static_counterexample_uses_mapper_output_not_logical_nominal" time="0.001" /><testcase classname="tests.unit.test_semantic_headroom" name="test_reverse_boundary_cannot_spend_nominal_headroom" time="0.000" /><testcase classname="tests.unit.test_semantic_headroom" name="test_outside_reserve_never_relocates_baseline[0.0-0.0--59.0]" time="0.001" /><testcase classname="tests.unit.test_semantic_headroom" name="test_outside_reserve_never_relocates_baseline[-0.0--0.0--59.0]" time="0.001" /><testcase classname="tests.unit.test_semantic_headroom" name="test_outside_reserve_never_relocates_baseline[0.5-0.5--58.5]" time="0.000" /><testcase classname="tests.unit.test_semantic_headroom" name="test_outside_reserve_never_relocates_baseline[-0.5-0.0--59.0]" time="0.000" /><testcase classname="tests.unit.test_semantic_headroom" name="test_geometry_corrected_baseline_not_uncorrected_or_previous_slew_target" time="0.000" /><testcase classname="tests.unit.test_semantic_headroom" name="test_bounded_controller_is_in_headroom_but_residual_not_capped_to_ten" time="0.000" /><testcase classname="tests.unit.test_semantic_headroom" name="test_each_servo_bound_and_one_degree_reserve_violation[lower-0]" time="0.001" /><testcase classname="tests.unit.test_semantic_headroom" name="test_each_servo_bound_and_one_degree_reserve_violation[lower-1]" time="0.001" /><testcase classname="tests.unit.test_semantic_headroom" name="test_each_servo_bound_and_one_degree_reserve_violation[lower-2]" time="0.001" /><testcase classname="tests.unit.test_semantic_headroom" name="test_each_servo_bound_and_one_degree_reserve_violation[lower-3]" time="0.001" /><testcase classname="tests.unit.test_semantic_headroom" name="test_each_servo_bound_and_one_degree_reserve_violation[lower-4]" time="0.001" /><testcase classname="tests.unit.test_semantic_headroom" name="test_each_servo_bound_and_one_degree_reserve_violation[lower-5]" time="0.001" /><testcase classname="tests.unit.test_semantic_headroom" name="test_each_servo_bound_and_one_degree_reserve_violation[lower-6]" time="0.001" /><testcase classname="tests.unit.test_semantic_headroom" name="test_each_servo_bound_and_one_degree_reserve_violation[lower-7]" time="0.001" /><testcase classname="tests.unit.test_semantic_headroom" name="test_each_servo_bound_and_one_degree_reserve_violation[upper-0]" time="0.001" /><testcase classname="tests.unit.test_semantic_headroom" name="test_each_servo_bound_and_one_degree_reserve_violation[upper-1]" time="0.001" /><testcase classname="tests.unit.test_semantic_headroom" name="test_each_servo_bound_and_one_degree_reserve_violation[upper-2]" time="0.001" /><testcase classname="tests.unit.test_semantic_headroom" name="test_each_servo_bound_and_one_degree_reserve_violation[upper-3]" time="0.001" /><testcase classname="tests.unit.test_semantic_headroom" name="test_each_servo_bound_and_one_degree_reserve_violation[upper-4]" time="0.001" /><testcase classname="tests.unit.test_semantic_headroom" name="test_each_servo_bound_and_one_degree_reserve_violation[upper-5]" time="0.001" /><testcase classname="tests.unit.test_semantic_headroom" name="test_each_servo_bound_and_one_degree_reserve_violation[upper-6]" time="0.001" /><testcase classname="tests.unit.test_semantic_headroom" name="test_each_servo_bound_and_one_degree_reserve_violation[upper-7]" time="0.001" /><testcase classname="tests.unit.test_semantic_headroom" name="test_signed_zero_and_tiny_inside_residual_bits_are_preserved[0.0]" time="0.000" /><testcase classname="tests.unit.test_semantic_headroom" name="test_signed_zero_and_tiny_inside_residual_bits_are_preserved[-0.0]" time="0.000" /><testcase classname="tests.unit.test_semantic_headroom" name="test_signed_zero_and_tiny_inside_residual_bits_are_preserved[1e-09]" time="0.000" /><testcase classname="tests.unit.test_semantic_headroom" name="test_signed_zero_and_tiny_inside_residual_bits_are_preserved[-1e-09]" time="0.000" /><testcase classname="tests.unit.test_semantic_headroom" name="test_signed_zero_and_tiny_inside_residual_bits_are_preserved[1e-15]" time="0.000" /><testcase classname="tests.unit.test_semantic_headroom" name="test_signed_zero_and_tiny_inside_residual_bits_are_preserved[-1e-15]" time="0.000" /><testcase classname="tests.unit.test_semantic_headroom" name="test_signed_zero_and_tiny_inside_residual_bits_are_preserved[5e-324]" time="0.000" /><testcase classname="tests.unit.test_semantic_headroom" name="test_signed_zero_and_tiny_inside_residual_bits_are_preserved[-5e-324]" time="0.000" /><testcase classname="tests.unit.test_semantic_headroom" name="test_tiny_outward_residual_outside_reserve_does_not_relocate_baseline[-1e-09]" time="0.000" /><testcase classname="tests.unit.test_semantic_headroom" name="test_tiny_outward_residual_outside_reserve_does_not_relocate_baseline[-1e-15]" time="0.000" /><testcase classname="tests.unit.test_semantic_headroom" name="test_tiny_outward_residual_outside_reserve_does_not_relocate_baseline[-5e-324]" time="0.000" /><testcase classname="tests.unit.test_semantic_headroom" name="test_signed_zero_native_is_not_rewritten_by_zero_offsets" time="0.000" /><testcase classname="tests.unit.test_semantic_headroom" name="test_wheel_signed_zero_composition_matches_legacy_operations" time="0.001" /><testcase classname="tests.unit.test_semantic_headroom" name="test_wheel_residuals_are_unchanged_even_beyond_hard_target_limits" time="0.000" /><testcase classname="tests.unit.test_semantic_headroom" name="test_bounded_random_finite_properties[7]" time="0.017" /><testcase classname="tests.unit.test_semantic_headroom" name="test_bounded_random_finite_properties[101]" time="0.017" /><testcase classname="tests.unit.test_semantic_headroom" name="test_bounded_random_finite_properties[1001]" time="0.017" /><testcase classname="tests.unit.test_semantic_headroom" name="test_bounded_random_finite_properties[20260906]" time="0.018" /><testcase classname="tests.unit.test_semantic_headroom" name="test_bad_shape_rejected[None-0]" time="0.000" /><testcase classname="tests.unit.test_semantic_headroom" name="test_bad_shape_rejected[None-1]" time="0.000" /><testcase classname="tests.unit.test_semantic_headroom" name="test_bad_shape_rejected[None-2]" time="0.000" /><testcase classname="tests.unit.test_semantic_headroom" name="test_bad_shape_rejected[bad1-0]" time="0.000" /><testcase classname="tests.unit.test_semantic_headroom" name="test_bad_shape_rejected[bad1-1]" time="0.000" /><testcase classname="tests.unit.test_semantic_headroom" name="test_bad_shape_rejected[bad1-2]" time="0.000" /><testcase classname="tests.unit.test_semantic_headroom" name="test_bad_shape_rejected[bad2-0]" time="0.000" /><testcase classname="tests.unit.test_semantic_headroom" name="test_bad_shape_rejected[bad2-1]" time="0.000" /><testcase classname="tests.unit.test_semantic_headroom" name="test_bad_shape_rejected[bad2-2]" time="0.000" /><testcase classname="tests.unit.test_semantic_headroom" name="test_bad_shape_rejected[bad3-0]" time="0.000" /><testcase classname="tests.unit.test_semantic_headroom" name="test_bad_shape_rejected[bad3-1]" time="0.000" /><testcase classname="tests.unit.test_semantic_headroom" name="test_bad_shape_rejected[bad3-2]" time="0.000" /><testcase classname="tests.unit.test_semantic_headroom" name="test_bad_shape_rejected[000000000000-0]" time="0.000" /><testcase classname="tests.unit.test_semantic_headroom" name="test_bad_shape_rejected[000000000000-1]" time="0.000" /><testcase classname="tests.unit.test_semantic_headroom" name="test_bad_shape_rejected[000000000000-2]" time="0.001" /><testcase classname="tests.unit.test_semantic_headroom" name="test_bad_shape_rejected[bad5-0]" time="0.000" /><testcase classname="tests.unit.test_semantic_headroom" name="test_bad_shape_rejected[bad5-1]" time="0.000" /><testcase classname="tests.unit.test_semantic_headroom" name="test_bad_shape_rejected[bad5-2]" time="0.000" /><testcase classname="tests.unit.test_semantic_headroom" name="test_bad_elements_rejected[nan-0]" time="0.000" /><testcase classname="tests.unit.test_semantic_headroom" name="test_bad_elements_rejected[nan-1]" time="0.000" /><testcase classname="tests.unit.test_semantic_headroom" name="test_bad_elements_rejected[nan-2]" time="0.000" /><testcase classname="tests.unit.test_semantic_headroom" name="test_bad_elements_rejected[inf-0]" time="0.000" /><testcase classname="tests.unit.test_semantic_headroom" name="test_bad_elements_rejected[inf-1]" time="0.000" /><testcase classname="tests.unit.test_semantic_headroom" name="test_bad_elements_rejected[inf-2]" time="0.000" /><testcase classname="tests.unit.test_semantic_headroom" name="test_bad_elements_rejected[-inf-0]" time="0.000" /><testcase classname="tests.unit.test_semantic_headroom" name="test_bad_elements_rejected[-inf-1]" time="0.001" /><testcase classname="tests.unit.test_semantic_headroom" name="test_bad_elements_rejected[-inf-2]" time="0.000" /><testcase classname="tests.unit.test_semantic_headroom" name="test_bad_elements_rejected[True-0]" time="0.000" /><testcase classname="tests.unit.test_semantic_headroom" name="test_bad_elements_rejected[True-1]" time="0.000" /><testcase classname="tests.unit.test_semantic_headroom" name="test_bad_elements_rejected[True-2]" time="0.000" /><testcase classname="tests.unit.test_semantic_headroom" name="test_bad_elements_rejected[1-0]" time="0.000" /><testcase classname="tests.unit.test_semantic_headroom" name="test_bad_elements_rejected[1-1]" time="0.000" /><testcase classname="tests.unit.test_semantic_headroom" name="test_bad_elements_rejected[1-2]" time="0.000" /><testcase classname="tests.unit.test_semantic_headroom" name="test_bad_elements_rejected[(1+0j)-0]" time="0.000" /><testcase classname="tests.unit.test_semantic_headroom" name="test_bad_elements_rejected[(1+0j)-1]" time="0.001" /><testcase classname="tests.unit.test_semantic_headroom" name="test_bad_elements_rejected[(1+0j)-2]" time="0.000" /><testcase classname="tests.unit.test_semantic_headroom" name="test_unbounded_controller_rejected[0-10.01]" time="0.000" /><testcase classname="tests.unit.test_semantic_headroom" name="test_unbounded_controller_rejected[7--10.01]" time="0.000" /><testcase classname="tests.unit.test_semantic_headroom" name="test_unbounded_controller_rejected[8-2.1]" time="0.000" /><testcase classname="tests.unit.test_semantic_headroom" name="test_unbounded_controller_rejected[11--2.1]" time="0.000" /><testcase classname="tests.unit.test_semantic_headroom" name="test_composition_overflow_rejected_not_silently_clamped" time="0.000" /><testcase classname="tests.unit.test_semantic_headroom" name="test_unknown_mode_rejected[None]" time="0.000" /><testcase classname="tests.unit.test_semantic_headroom" name="test_unknown_mode_rejected[]" time="0.000" /><testcase classname="tests.unit.test_semantic_headroom" name="test_unknown_mode_rejected[other]" time="0.000" /><testcase classname="tests.unit.test_semantic_headroom" name="test_unknown_mode_rejected[True]" time="0.000" /><testcase classname="tests.unit.test_semantic_headroom" name="test_unknown_mode_rejected[1]" time="0.000" /><testcase classname="tests.unit.test_semantic_headroom" name="test_incompatible_margin_rejected[None]" time="0.000" /><testcase classname="tests.unit.test_semantic_headroom" name="test_incompatible_margin_rejected[margins1]" time="0.000" /><testcase classname="tests.unit.test_semantic_headroom" name="test_incompatible_margin_rejected[margins2]" time="0.000" /><testcase classname="tests.unit.test_semantic_headroom" name="test_incompatible_margin_rejected[margins3]" time="0.000" /><testcase classname="tests.unit.test_semantic_headroom" name="test_incompatible_margin_rejected[margins4]" time="0.000" /><testcase classname="tests.unit.test_semantic_headroom" name="test_incompatible_margin_rejected[margins5]" time="0.000" /><testcase classname="tests.unit.test_semantic_headroom" name="test_incompatible_margin_rejected[margins6]" time="0.000" /><testcase classname="tests.unit.test_semantic_headroom" name="test_incompatible_margin_rejected[margins7]" time="0.000" /></testsuite></testsuites>