<?xml version="1.0" encoding="utf-8"?><testsuites name="pytest tests"><testsuite name="pytest" errors="0" failures="1" skipped="0" tests="55" time="22.124" timestamp="2026-09-16T01:06:22.633309-04:00" hostname="Allenzjx"><testcase classname="tests.unit.test_semantic_execution_composition_migration" name="test_plan_is_execution_change_not_reward_only_and_roundtrip" time="1.470" /><testcase classname="tests.unit.test_semantic_execution_composition_migration" name="test_rejects_changes_outside_execution_repair[physics]" time="0.059" /><testcase classname="tests.unit.test_semantic_execution_composition_migration" name="test_rejects_changes_outside_execution_repair[reward]" time="0.298" /><testcase classname="tests.unit.test_semantic_execution_composition_migration" name="test_rejects_changes_outside_execution_repair[caps]" time="0.292" /><testcase classname="tests.unit.test_semantic_execution_composition_migration" name="test_rejects_changes_outside_execution_repair[observation]" time="0.293" /><testcase classname="tests.unit.test_semantic_execution_composition_migration" name="test_rejects_changes_outside_execution_repair[nominal]" time="0.351" /><testcase classname="tests.unit.test_semantic_execution_composition_migration" name="test_rejects_changes_outside_execution_repair[history]" time="0.292" /><testcase classname="tests.unit.test_semantic_execution_composition_migration" name="test_rejects_changes_outside_execution_repair[no_core_change]" time="0.062" /><testcase classname="tests.unit.test_semantic_execution_composition_migration" name="test_rejects_changes_outside_execution_repair[missing_delta]" time="0.084" /><testcase classname="tests.unit.test_semantic_execution_composition_migration" name="test_rejects_changes_outside_execution_repair[layout]" time="0.065" /><testcase classname="tests.unit.test_semantic_execution_composition_migration" name="test_factor_cannot_mix_other_boundaries[task_first_reward_review]" time="0.067" /><testcase classname="tests.unit.test_semantic_execution_composition_migration" name="test_factor_cannot_mix_other_boundaries[exploration_temperature_review]" time="0.070" /><testcase classname="tests.unit.test_semantic_execution_composition_migration" name="test_factor_cannot_mix_other_boundaries[timing_review]" time="0.064" /><testcase classname="tests.unit.test_semantic_execution_composition_migration" name="test_factor_cannot_mix_other_boundaries[execution_evidence]" time="0.064" /><testcase classname="tests.unit.test_semantic_execution_composition_migration" name="test_receipt_tamper_and_target_hash_are_rejected" time="0.503" /><testcase classname="tests.unit.test_semantic_execution_composition_migration" name="test_existing_cli_preflight_accepts_only_verified_same372_factor" time="0.369" /><testcase classname="tests.unit.test_semantic_execution_composition_migration" name="test_official_cpu_load_preserves_learned_state_rng_counters_and_fresh_storage" time="4.938" /><testcase classname="tests.unit.test_semantic_task_first_migration" name="test_task_first_plan_roundtrip_preserves_N_and_old_checkpoint" time="0.295" /><testcase classname="tests.unit.test_semantic_task_first_migration" name="test_task_first_cannot_relax_task_or_change_controller[nominal]" time="0.097" /><testcase classname="tests.unit.test_semantic_task_first_migration" name="test_task_first_cannot_relax_task_or_change_controller[nonreward_config]" time="0.178" /><testcase classname="tests.unit.test_semantic_task_first_migration" name="test_task_first_cannot_relax_task_or_change_controller[epsilon]" time="0.103" /><testcase classname="tests.unit.test_semantic_task_first_migration" name="test_task_first_cannot_relax_task_or_change_controller[failure_cost]" time="0.109" /><testcase classname="tests.unit.test_semantic_task_first_migration" name="test_task_first_cannot_relax_task_or_change_controller[physics]" time="0.092" /><testcase classname="tests.unit.test_semantic_task_first_migration" name="test_task_first_cannot_relax_task_or_change_controller[sigma_kernel]" time="0.094" /><testcase classname="tests.unit.test_semantic_task_first_migration" name="test_task_first_rejects_mixed_factors" time="0.084" /><testcase classname="tests.unit.test_semantic_task_first_migration" name="test_task_first_requires_review_hashes_and_immutable_receipt" time="0.279" /><testcase classname="tests.unit.test_semantic_task_first_migration" name="test_mean_reset_only_mean_rows_and_corresponding_adam_moments" time="0.024" /><testcase classname="tests.unit.test_semantic_task_first_migration" name="test_invalid_mean_branch_leaves_live_state_unchanged[partial_rollout]" time="0.012" /><testcase classname="tests.unit.test_semantic_task_first_migration" name="test_invalid_mean_branch_leaves_live_state_unchanged[transition]" time="0.012" /><testcase classname="tests.unit.test_semantic_task_first_migration" name="test_invalid_mean_branch_leaves_live_state_unchanged[wrong_hash]" time="0.014" /><testcase classname="tests.unit.test_semantic_task_first_migration" name="test_invalid_mean_branch_leaves_live_state_unchanged[wrong_profile]" time="0.012" /><testcase classname="tests.unit.test_semantic_task_first_migration" name="test_invalid_mean_branch_leaves_live_state_unchanged[already_branch]" time="0.012" /><testcase classname="tests.unit.test_semantic_task_first_migration" name="test_invalid_mean_branch_leaves_live_state_unchanged[missing_moment]" time="0.016" /><testcase classname="tests.unit.test_semantic_task_first_migration" name="test_offline_initializer_actual_official_save_load_without_physics" time="0.198" /><testcase classname="tests.unit.test_semantic_timing_only_migration" name="test_explicit_timing_only_preserves_layout_and_full_state_contract" time="2.237" /><testcase classname="tests.unit.test_semantic_timing_only_migration" name="test_other_five_config_bytes_cannot_change[execution_profile.yaml]" time="0.200" /><testcase classname="tests.unit.test_semantic_timing_only_migration" name="test_other_five_config_bytes_cannot_change[reward_config.yaml]" time="0.174" /><testcase classname="tests.unit.test_semantic_timing_only_migration" name="test_other_five_config_bytes_cannot_change[observation_schema.json]" time="0.200" /><testcase classname="tests.unit.test_semantic_timing_only_migration" name="test_other_five_config_bytes_cannot_change[action_schema.json]" time="0.141" /><testcase classname="tests.unit.test_semantic_timing_only_migration" name="test_other_five_config_bytes_cannot_change[quality_score.yaml]" time="0.174" /><testcase classname="tests.unit.test_semantic_timing_only_migration" name="test_scope_is_not_a_generic_same372_waiver[missing_optin]" time="0.218" /><testcase classname="tests.unit.test_semantic_timing_only_migration" name="test_scope_is_not_a_generic_same372_waiver[wrong_optin]" time="0.349" /><testcase classname="tests.unit.test_semantic_timing_only_migration" name="test_scope_is_not_a_generic_same372_waiver[other_task]" time="0.318" /><testcase classname="tests.unit.test_semantic_timing_only_migration" name="test_scope_is_not_a_generic_same372_waiver[outside_before]" time="0.410" /><testcase classname="tests.unit.test_semantic_timing_only_migration" name="test_scope_is_not_a_generic_same372_waiver[outside_after]" time="0.492" /><testcase classname="tests.unit.test_semantic_timing_only_migration" name="test_scope_is_not_a_generic_same372_waiver[same_class]" time="0.209" /><testcase classname="tests.unit.test_semantic_timing_only_migration" name="test_scope_is_not_a_generic_same372_waiver[reward_source]" time="0.260" /><testcase classname="tests.unit.test_semantic_timing_only_migration" name="test_scope_is_not_a_generic_same372_waiver[metadata_physics]" time="0.186" /><testcase classname="tests.unit.test_semantic_timing_only_migration" name="test_scope_is_not_a_generic_same372_waiver[metadata_layout]" time="0.186" /><testcase classname="tests.unit.test_semantic_timing_only_migration" name="test_scope_is_not_a_generic_same372_waiver[selected_hash]" time="0.163" /><testcase classname="tests.unit.test_semantic_timing_only_migration" name="test_scope_is_not_a_generic_same372_waiver[removed_file]" time="0.168" /><testcase classname="tests.unit.test_semantic_timing_only_migration" name="test_other_factors_and_implicit_migration_are_rejected" time="0.057" /><testcase classname="tests.unit.test_semantic_timing_only_migration" name="test_existing_cli_resume_migration_path_accepts_factor" time="0.665" /><testcase classname="tests.unit.test_semantic_timing_only_migration" name="test_real_cpu372_preserves_nonempty_adam_and_continues_one_update" time="1.980" /><testcase classname="tests.unit.test_semantic_body_reward_migration" name="test_both_paths_preserve_contract_and_allow_failed_completed_reference[reward_only]" time="1.941"><failure message="ValueError: body reward permits exactly the named constant and two helpers">f = namespace(root=WindowsPath('C:/Users/kskzz/AppData/Local/Temp/pytest-of-kskzz/pytest-2548/test_both_paths_preserve_con...ata/Local/Temp/pytest-of-kskzz/pytest-2548/test_both_paths_preserve_contr0/case/reference_run.json'), timing_path=None)

    def test_both_paths_preserve_contract_and_allow_failed_completed_reference(f):
        immutable = f.checkpoint.read_bytes(), f.checkpoint.with_name("source_manifest.json").read_bytes()
&gt;       r = plan(f); factor = r["body_reward_factor"]
            ^^^^^^^

tests\unit\test_semantic_body_reward_migration.py:115: 
_ _ _ _ _ _ _ _ _ _ _ _ _ _ _ _ _ _ _ _ _ _ _ _ _ _ _ _ _ _ _ _ _ _ _ _ _ _ _ _
tests\unit\test_semantic_body_reward_migration.py:107: in plan
    return m.build_migration_plan(f.checkpoint, f.new, allowed_changed_files=changed(f.old, f.new),
src\wlr50_clean\ppo\semantic_migration.py:2226: in build_migration_plan
    body_reward = (_body_reward_factor(checkpoint, metadata, old, new, delta, body_reward_review, Path(project_root))
                   ^^^^^^^^^^^^^^^^^^^^^^^^^^^^^^^^^^^^^^^^^^^^^^^^^^^^^^^^^^^^^^^^^^^^^^^^^^^^^^^^^^^^^^^^^^^^^^^^^^
src\wlr50_clean\ppo\semantic_migration.py:1494: in _body_reward_factor
    scope = _body_reward_source_delta(before, after)
            ^^^^^^^^^^^^^^^^^^^^^^^^^^^^^^^^^^^^^^^^
_ _ _ _ _ _ _ _ _ _ _ _ _ _ _ _ _ _ _ _ _ _ _ _ _ _ _ _ _ _ _ _ _ _ _ _ _ _ _ _

before = '"""Five disjoint reward families for the finite-horizon physical task.\n\nPotential uses augmented physical task/hist...xt_potential_and_no_bootstrap",\n                "terminal_bootstrap_allowed":False if termination_reason else True}\n'
after = '"""Five disjoint reward families for the finite-horizon physical task.\n\nPotential uses augmented physical task/hist...xt_potential_and_no_bootstrap",\n                "terminal_bootstrap_allowed":False if termination_reason else True}\n'

    def _body_reward_source_delta(before: str, after: str) -&gt; dict[str, Any]:
        """Reverse only the reviewed helper/loader/body-weight insertions."""
        import ast
        marker = 'ROLE_TRANSFER_VERSION = "diagonal_transfer_roles_v1"\n'
        boundary = '@dataclass(frozen=True)\nclass SemanticRewardConfig:'
        if before.count(marker) != 1 or after.count(marker) != 1:
            raise ValueError("body reward role marker is not unique")
        source_prefix, source_tail = before.split(marker)
        target_prefix, target_tail = after.split(marker)
        source_gap, source_rest = source_tail.split(boundary, 1)
        added, target_rest = target_tail.split(boundary, 1)
        if source_prefix != target_prefix or source_gap.strip():
            raise ValueError("body reward may not change the module prefix")
        tree = ast.parse(added)
        helper_names = {"_validate_carry_body_allowance", "_current_functional_body_allowance"}
        functions = [node for node in tree.body if isinstance(node, ast.FunctionDef)]
        constants = [node for node in tree.body if isinstance(node, ast.Assign)]
        if (len(tree.body) != 3 or len(functions) != 2 or {n.name for n in functions} != helper_names
                or any(n.decorator_list for n in functions) or len(constants) != 1
                or len(constants[0].targets) != 1 or not isinstance(constants[0].targets[0], ast.Name)
                or constants[0].targets[0].id != "CARRY_BODY_ALLOWANCE_MODE"
                or ast.literal_eval(constants[0].value) != BODY_REWARD_MODE):
&gt;           raise ValueError("body reward permits exactly the named constant and two helpers")
E           ValueError: body reward permits exactly the named constant and two helpers

src\wlr50_clean\ppo\semantic_migration.py:1390: ValueError</failure></testcase></testsuite></testsuites>