<?xml version="1.0" encoding="utf-8"?><testsuites name="pytest tests"><testsuite name="pytest" errors="0" failures="0" skipped="0" tests="144" time="67.593" timestamp="2026-09-16T01:07:46.122079-04:00" hostname="Allenzjx"><testcase classname="tests.unit.test_semantic_execution_composition_migration" name="test_plan_is_execution_change_not_reward_only_and_roundtrip" time="1.593" /><testcase classname="tests.unit.test_semantic_execution_composition_migration" name="test_rejects_changes_outside_execution_repair[physics]" time="0.074" /><testcase classname="tests.unit.test_semantic_execution_composition_migration" name="test_rejects_changes_outside_execution_repair[reward]" time="0.298" /><testcase classname="tests.unit.test_semantic_execution_composition_migration" name="test_rejects_changes_outside_execution_repair[caps]" time="0.251" /><testcase classname="tests.unit.test_semantic_execution_composition_migration" name="test_rejects_changes_outside_execution_repair[observation]" time="0.205" /><testcase classname="tests.unit.test_semantic_execution_composition_migration" name="test_rejects_changes_outside_execution_repair[nominal]" time="0.254" /><testcase classname="tests.unit.test_semantic_execution_composition_migration" name="test_rejects_changes_outside_execution_repair[history]" time="0.205" /><testcase classname="tests.unit.test_semantic_execution_composition_migration" name="test_rejects_changes_outside_execution_repair[no_core_change]" time="0.073" /><testcase classname="tests.unit.test_semantic_execution_composition_migration" name="test_rejects_changes_outside_execution_repair[missing_delta]" time="0.076" /><testcase classname="tests.unit.test_semantic_execution_composition_migration" name="test_rejects_changes_outside_execution_repair[layout]" time="0.081" /><testcase classname="tests.unit.test_semantic_execution_composition_migration" name="test_factor_cannot_mix_other_boundaries[task_first_reward_review]" time="0.065" /><testcase classname="tests.unit.test_semantic_execution_composition_migration" name="test_factor_cannot_mix_other_boundaries[exploration_temperature_review]" time="0.081" /><testcase classname="tests.unit.test_semantic_execution_composition_migration" name="test_factor_cannot_mix_other_boundaries[timing_review]" time="0.080" /><testcase classname="tests.unit.test_semantic_execution_composition_migration" name="test_factor_cannot_mix_other_boundaries[execution_evidence]" time="0.085" /><testcase classname="tests.unit.test_semantic_execution_composition_migration" name="test_receipt_tamper_and_target_hash_are_rejected" time="0.757" /><testcase classname="tests.unit.test_semantic_execution_composition_migration" name="test_existing_cli_preflight_accepts_only_verified_same372_factor" time="0.371" /><testcase classname="tests.unit.test_semantic_execution_composition_migration" name="test_official_cpu_load_preserves_learned_state_rng_counters_and_fresh_storage" time="4.929" /><testcase classname="tests.unit.test_semantic_task_first_migration" name="test_task_first_plan_roundtrip_preserves_N_and_old_checkpoint" time="0.292" /><testcase classname="tests.unit.test_semantic_task_first_migration" name="test_task_first_cannot_relax_task_or_change_controller[nominal]" time="0.084" /><testcase classname="tests.unit.test_semantic_task_first_migration" name="test_task_first_cannot_relax_task_or_change_controller[nonreward_config]" time="0.115" /><testcase classname="tests.unit.test_semantic_task_first_migration" name="test_task_first_cannot_relax_task_or_change_controller[epsilon]" time="0.135" /><testcase classname="tests.unit.test_semantic_task_first_migration" name="test_task_first_cannot_relax_task_or_change_controller[failure_cost]" time="0.121" /><testcase classname="tests.unit.test_semantic_task_first_migration" name="test_task_first_cannot_relax_task_or_change_controller[physics]" time="0.095" /><testcase classname="tests.unit.test_semantic_task_first_migration" name="test_task_first_cannot_relax_task_or_change_controller[sigma_kernel]" time="0.090" /><testcase classname="tests.unit.test_semantic_task_first_migration" name="test_task_first_rejects_mixed_factors" time="0.085" /><testcase classname="tests.unit.test_semantic_task_first_migration" name="test_task_first_requires_review_hashes_and_immutable_receipt" time="0.286" /><testcase classname="tests.unit.test_semantic_task_first_migration" name="test_mean_reset_only_mean_rows_and_corresponding_adam_moments" time="0.025" /><testcase classname="tests.unit.test_semantic_task_first_migration" name="test_invalid_mean_branch_leaves_live_state_unchanged[partial_rollout]" time="0.013" /><testcase classname="tests.unit.test_semantic_task_first_migration" name="test_invalid_mean_branch_leaves_live_state_unchanged[transition]" time="0.013" /><testcase classname="tests.unit.test_semantic_task_first_migration" name="test_invalid_mean_branch_leaves_live_state_unchanged[wrong_hash]" time="0.014" /><testcase classname="tests.unit.test_semantic_task_first_migration" name="test_invalid_mean_branch_leaves_live_state_unchanged[wrong_profile]" time="0.013" /><testcase classname="tests.unit.test_semantic_task_first_migration" name="test_invalid_mean_branch_leaves_live_state_unchanged[already_branch]" time="0.013" /><testcase classname="tests.unit.test_semantic_task_first_migration" name="test_invalid_mean_branch_leaves_live_state_unchanged[missing_moment]" time="0.017" /><testcase classname="tests.unit.test_semantic_task_first_migration" name="test_offline_initializer_actual_official_save_load_without_physics" time="0.196" /><testcase classname="tests.unit.test_semantic_timing_only_migration" name="test_explicit_timing_only_preserves_layout_and_full_state_contract" time="2.146" /><testcase classname="tests.unit.test_semantic_timing_only_migration" name="test_other_five_config_bytes_cannot_change[execution_profile.yaml]" time="0.181" /><testcase classname="tests.unit.test_semantic_timing_only_migration" name="test_other_five_config_bytes_cannot_change[reward_config.yaml]" time="0.215" /><testcase classname="tests.unit.test_semantic_timing_only_migration" name="test_other_five_config_bytes_cannot_change[observation_schema.json]" time="0.174" /><testcase classname="tests.unit.test_semantic_timing_only_migration" name="test_other_five_config_bytes_cannot_change[action_schema.json]" time="0.204" /><testcase classname="tests.unit.test_semantic_timing_only_migration" name="test_other_five_config_bytes_cannot_change[quality_score.yaml]" time="0.183" /><testcase classname="tests.unit.test_semantic_timing_only_migration" name="test_scope_is_not_a_generic_same372_waiver[missing_optin]" time="0.245" /><testcase classname="tests.unit.test_semantic_timing_only_migration" name="test_scope_is_not_a_generic_same372_waiver[wrong_optin]" time="0.300" /><testcase classname="tests.unit.test_semantic_timing_only_migration" name="test_scope_is_not_a_generic_same372_waiver[other_task]" time="0.319" /><testcase classname="tests.unit.test_semantic_timing_only_migration" name="test_scope_is_not_a_generic_same372_waiver[outside_before]" time="0.459" /><testcase classname="tests.unit.test_semantic_timing_only_migration" name="test_scope_is_not_a_generic_same372_waiver[outside_after]" time="0.498" /><testcase classname="tests.unit.test_semantic_timing_only_migration" name="test_scope_is_not_a_generic_same372_waiver[same_class]" time="0.274" /><testcase classname="tests.unit.test_semantic_timing_only_migration" name="test_scope_is_not_a_generic_same372_waiver[reward_source]" time="0.178" /><testcase classname="tests.unit.test_semantic_timing_only_migration" name="test_scope_is_not_a_generic_same372_waiver[metadata_physics]" time="0.154" /><testcase classname="tests.unit.test_semantic_timing_only_migration" name="test_scope_is_not_a_generic_same372_waiver[metadata_layout]" time="0.166" /><testcase classname="tests.unit.test_semantic_timing_only_migration" name="test_scope_is_not_a_generic_same372_waiver[selected_hash]" time="0.175" /><testcase classname="tests.unit.test_semantic_timing_only_migration" name="test_scope_is_not_a_generic_same372_waiver[removed_file]" time="0.140" /><testcase classname="tests.unit.test_semantic_timing_only_migration" name="test_other_factors_and_implicit_migration_are_rejected" time="0.072" /><testcase classname="tests.unit.test_semantic_timing_only_migration" name="test_existing_cli_resume_migration_path_accepts_factor" time="0.678" /><testcase classname="tests.unit.test_semantic_timing_only_migration" name="test_real_cpu372_preserves_nonempty_adam_and_continues_one_update" time="1.995" /><testcase classname="tests.unit.test_semantic_height_recovery_migration" name="test_bound_plan_round_trip_and_immutable_source" time="4.142" /><testcase classname="tests.unit.test_semantic_height_recovery_migration" name="test_config_only_candidate_revision_from_height_source" time="0.452" /><testcase classname="tests.unit.test_semantic_height_recovery_migration" name="test_reviewed_final_stop_owner_preserves_physical_acceptance" time="0.774" /><testcase classname="tests.unit.test_semantic_height_recovery_migration" name="test_final_stop_owner_rejects_unreviewed_modes[False]" time="0.885" /><testcase classname="tests.unit.test_semantic_height_recovery_migration" name="test_final_stop_owner_rejects_unreviewed_modes[True]" time="0.952" /><testcase classname="tests.unit.test_semantic_height_recovery_migration" name="test_final_stop_owner_rejects_unreviewed_modes[skip_observation]" time="0.947" /><testcase classname="tests.unit.test_semantic_height_recovery_migration" name="test_final_stop_owner_rejects_unreviewed_modes[1]" time="0.924" /><testcase classname="tests.unit.test_semantic_height_recovery_migration" name="test_final_stop_owner_rejects_unreviewed_modes[mode4]" time="0.826" /><testcase classname="tests.unit.test_semantic_height_recovery_migration" name="test_final_stop_owner_does_not_open_observer_or_task_thresholds" time="0.943" /><testcase classname="tests.unit.test_semantic_height_recovery_migration" name="test_final_stop_owner_cannot_silently_remove_existing_owner" time="0.834" /><testcase classname="tests.unit.test_semantic_height_recovery_migration" name="test_rejects_outside_the_exact_boundary[negative]" time="0.904" /><testcase classname="tests.unit.test_semantic_height_recovery_migration" name="test_rejects_outside_the_exact_boundary[too_large]" time="0.913" /><testcase classname="tests.unit.test_semantic_height_recovery_migration" name="test_rejects_outside_the_exact_boundary[nan]" time="0.923" /><testcase classname="tests.unit.test_semantic_height_recovery_migration" name="test_rejects_outside_the_exact_boundary[bool]" time="1.003" /><testcase classname="tests.unit.test_semantic_height_recovery_migration" name="test_rejects_outside_the_exact_boundary[other_leg]" time="0.914" /><testcase classname="tests.unit.test_semantic_height_recovery_migration" name="test_rejects_outside_the_exact_boundary[rate_zero]" time="0.885" /><testcase classname="tests.unit.test_semantic_height_recovery_migration" name="test_rejects_outside_the_exact_boundary[rate_large]" time="0.933" /><testcase classname="tests.unit.test_semantic_height_recovery_migration" name="test_rejects_outside_the_exact_boundary[mode]" time="0.925" /><testcase classname="tests.unit.test_semantic_height_recovery_migration" name="test_rejects_outside_the_exact_boundary[extra]" time="0.852" /><testcase classname="tests.unit.test_semantic_height_recovery_migration" name="test_rejects_outside_the_exact_boundary[no_id]" time="0.886" /><testcase classname="tests.unit.test_semantic_height_recovery_migration" name="test_rejects_outside_the_exact_boundary[missing]" time="0.780" /><testcase classname="tests.unit.test_semantic_height_recovery_migration" name="test_rejects_outside_the_exact_boundary[task]" time="0.920" /><testcase classname="tests.unit.test_semantic_height_recovery_migration" name="test_rejects_outside_the_exact_boundary[range]" time="0.807" /><testcase classname="tests.unit.test_semantic_height_recovery_migration" name="test_rejects_outside_the_exact_boundary[reward]" time="0.234" /><testcase classname="tests.unit.test_semantic_height_recovery_migration" name="test_rejects_outside_the_exact_boundary[obs]" time="0.184" /><testcase classname="tests.unit.test_semantic_height_recovery_migration" name="test_rejects_outside_the_exact_boundary[physics]" time="0.207" /><testcase classname="tests.unit.test_semantic_height_recovery_migration" name="test_rejects_outside_the_exact_boundary[history]" time="0.210" /><testcase classname="tests.unit.test_semantic_height_recovery_migration" name="test_rejects_outside_the_exact_boundary[supervisor_outside]" time="0.878" /><testcase classname="tests.unit.test_semantic_height_recovery_migration" name="test_rejects_outside_the_exact_boundary[geometry_outside]" time="0.886" /><testcase classname="tests.unit.test_semantic_height_recovery_migration" name="test_rejects_outside_the_exact_boundary[backend_reset]" time="0.907" /><testcase classname="tests.unit.test_semantic_height_recovery_migration" name="test_rejects_outside_the_exact_boundary[video_outside]" time="0.900" /><testcase classname="tests.unit.test_semantic_height_recovery_migration" name="test_rejects_outside_the_exact_boundary[helper_setter]" time="0.898" /><testcase classname="tests.unit.test_semantic_height_recovery_migration" name="test_rejects_outside_the_exact_boundary[helper_extra]" time="0.911" /><testcase classname="tests.unit.test_semantic_height_recovery_migration" name="test_review_required_exclusive_and_hash_bound" time="0.098" /><testcase classname="tests.unit.test_semantic_height_recovery_migration" name="test_existing_cli_accepts_height_factor" time="1.716" /><testcase classname="tests.unit.test_semantic_height_recovery_migration" name="test_real_cpu372_keeps_adam_rng_counters_and_continues" time="3.310" /><testcase classname="tests.unit.test_semantic_exploration_temperature_migration" name="test_bound_plan_roundtrip_preserves_all_learned_state" time="1.979" /><testcase classname="tests.unit.test_semantic_exploration_temperature_migration" name="test_tampered_factor_rejected[target_exploration_std_temperature]" time="0.766" /><testcase classname="tests.unit.test_semantic_exploration_temperature_migration" name="test_tampered_factor_rejected[target_policy_contract]" time="0.759" /><testcase classname="tests.unit.test_semantic_exploration_temperature_migration" name="test_tampered_factor_rejected[target_runner_config]" time="0.795" /><testcase classname="tests.unit.test_semantic_exploration_temperature_migration" name="test_tampered_factor_rejected[optimizer]" time="0.718" /><testcase classname="tests.unit.test_semantic_exploration_temperature_migration" name="test_no_configuration_byte_change_is_permitted[action_schema.json]" time="0.150" /><testcase classname="tests.unit.test_semantic_exploration_temperature_migration" name="test_no_configuration_byte_change_is_permitted[execution_profile.yaml]" time="0.140" /><testcase classname="tests.unit.test_semantic_exploration_temperature_migration" name="test_no_configuration_byte_change_is_permitted[observation_schema.json]" time="0.142" /><testcase classname="tests.unit.test_semantic_exploration_temperature_migration" name="test_no_configuration_byte_change_is_permitted[quality_score.yaml]" time="0.124" /><testcase classname="tests.unit.test_semantic_exploration_temperature_migration" name="test_no_configuration_byte_change_is_permitted[reward_config.yaml]" time="0.179" /><testcase classname="tests.unit.test_semantic_exploration_temperature_migration" name="test_no_configuration_byte_change_is_permitted[stage_task_spec.yaml]" time="0.156" /><testcase classname="tests.unit.test_semantic_exploration_temperature_migration" name="test_unchanged_mean_physics_and_training_regions_are_protected[semantic_history_actor-return 9-return 10]" time="0.229" /><testcase classname="tests.unit.test_semantic_exploration_temperature_migration" name="test_unchanged_mean_physics_and_training_regions_are_protected[semantic_training-return 9-return 10]" time="0.349" /><testcase classname="tests.unit.test_semantic_exploration_temperature_migration" name="test_unchanged_mean_physics_and_training_regions_are_protected[semantic_cli-return 9-return 10]" time="0.462" /><testcase classname="tests.unit.test_semantic_exploration_temperature_migration" name="test_unchanged_mean_physics_and_training_regions_are_protected[semantic_policy_distribution-LOCKED = 1-LOCKED = 2]" time="0.306" /><testcase classname="tests.unit.test_semantic_exploration_temperature_migration" name="test_added_physical_call_inside_reviewed_loader_is_rejected" time="0.440" /><testcase classname="tests.unit.test_semantic_exploration_temperature_migration" name="test_physical_metadata_or_experiment_changes_rejected[physics_hz-60.0]" time="0.078" /><testcase classname="tests.unit.test_semantic_exploration_temperature_migration" name="test_physical_metadata_or_experiment_changes_rejected[task_timeout_s-201.0]" time="0.099" /><testcase classname="tests.unit.test_semantic_exploration_temperature_migration" name="test_physical_metadata_or_experiment_changes_rejected[experiment_id-all_stage_acceptance_v1]" time="0.090" /><testcase classname="tests.unit.test_semantic_exploration_temperature_migration" name="test_other_migration_factors_cannot_mix[height_recovery_review]" time="0.088" /><testcase classname="tests.unit.test_semantic_exploration_temperature_migration" name="test_other_migration_factors_cannot_mix[body_reward_review]" time="0.097" /><testcase classname="tests.unit.test_semantic_exploration_temperature_migration" name="test_other_migration_factors_cannot_mix[timing_review]" time="0.095" /><testcase classname="tests.unit.test_semantic_exploration_temperature_migration" name="test_other_migration_factors_cannot_mix[video_review]" time="0.089" /><testcase classname="tests.unit.test_semantic_exploration_temperature_migration" name="test_other_migration_factors_cannot_mix[execution_evidence]" time="0.076" /><testcase classname="tests.unit.test_semantic_exploration_temperature_migration" name="test_other_migration_factors_cannot_mix[evaluator_review]" time="0.140" /><testcase classname="tests.unit.test_semantic_exploration_temperature_migration" name="test_other_migration_factors_cannot_mix[prior_evidence]" time="0.081" /><testcase classname="tests.unit.test_semantic_exploration_temperature_migration" name="test_other_migration_factors_cannot_mix[qualification_evidence]" time="0.082" /><testcase classname="tests.unit.test_semantic_exploration_temperature_migration" name="test_source_runner_config_cannot_change_ppo_settings" time="0.100" /><testcase classname="tests.unit.test_semantic_temperature_loader_cli" name="test_cli_switches_only_after_verified_factor_and_resolves_explicit_role" time="0.044" /><testcase classname="tests.unit.test_semantic_temperature_loader_cli" name="test_cli_factor_tampering_never_selects_new_actor[source_config]" time="0.026" /><testcase classname="tests.unit.test_semantic_temperature_loader_cli" name="test_cli_factor_tampering_never_selects_new_actor[target_config]" time="0.035" /><testcase classname="tests.unit.test_semantic_temperature_loader_cli" name="test_cli_factor_tampering_never_selects_new_actor[tau]" time="0.023" /><testcase classname="tests.unit.test_semantic_temperature_loader_cli" name="test_cli_factor_tampering_never_selects_new_actor[source_contract]" time="0.033" /><testcase classname="tests.unit.test_semantic_temperature_loader_cli" name="test_cli_factor_tampering_never_selects_new_actor[target_contract]" time="0.035" /><testcase classname="tests.unit.test_semantic_temperature_loader_cli" name="test_cli_factor_tampering_never_selects_new_actor[source_version]" time="0.037" /><testcase classname="tests.unit.test_semantic_temperature_loader_cli" name="test_cli_factor_tampering_never_selects_new_actor[target_version]" time="0.024" /><testcase classname="tests.unit.test_semantic_temperature_loader_cli" name="test_cli_factor_tampering_never_selects_new_actor[observation]" time="0.041" /><testcase classname="tests.unit.test_semantic_temperature_loader_cli" name="test_cli_factor_tampering_never_selects_new_actor[N8]" time="0.032" /><testcase classname="tests.unit.test_semantic_temperature_loader_cli" name="test_cli_factor_tampering_never_selects_new_actor[mixed]" time="0.035" /><testcase classname="tests.unit.test_semantic_temperature_loader_cli" name="test_cli_factor_tampering_never_selects_new_actor[wrong_seed]" time="0.034" /><testcase classname="tests.unit.test_semantic_temperature_loader_cli" name="test_cli_factor_tampering_never_selects_new_actor[device]" time="0.035" /><testcase classname="tests.unit.test_semantic_temperature_loader_cli" name="test_tempered_runner_rejects_non_v3_or_non_role_layout[v2-diagonal_transfer_state_v1]" time="0.001" /><testcase classname="tests.unit.test_semantic_temperature_loader_cli" name="test_tempered_runner_rejects_non_v3_or_non_role_layout[v3-None]" time="0.000" /><testcase classname="tests.unit.test_semantic_temperature_loader_cli" name="test_tempered_runner_rejects_non_v3_or_non_role_layout[v3-unknown]" time="0.000" /><testcase classname="tests.unit.test_semantic_temperature_loader_cli" name="test_loader_rejects_before_tensor_load[missing_plan]" time="0.046" /><testcase classname="tests.unit.test_semantic_temperature_loader_cli" name="test_loader_rejects_before_tensor_load[revalidated_changed]" time="0.035" /><testcase classname="tests.unit.test_semantic_temperature_loader_cli" name="test_loader_rejects_before_tensor_load[old_actor]" time="0.042" /><testcase classname="tests.unit.test_semantic_temperature_loader_cli" name="test_loader_rejects_before_tensor_load[target_config]" time="0.039" /><testcase classname="tests.unit.test_semantic_temperature_loader_cli" name="test_loader_rejects_before_tensor_load[partial_storage]" time="0.038" /><testcase classname="tests.unit.test_semantic_temperature_loader_cli" name="test_loader_rejects_before_tensor_load[pending_action]" time="0.044" /><testcase classname="tests.unit.test_semantic_temperature_loader_cli" name="test_loader_rejects_before_tensor_load[mixed_execution]" time="0.044" /><testcase classname="tests.unit.test_semantic_temperature_loader_cli" name="test_loader_rejects_before_tensor_load[mixed_instrumentation]" time="0.038" /><testcase classname="tests.unit.test_semantic_temperature_loader_cli" name="test_loader_rejects_before_tensor_load[mixed_warm_start]" time="0.028" /><testcase classname="tests.unit.test_semantic_temperature_loader_cli" name="test_real_cpu_temperature_load_keeps_adam_rng_lr_and_continues" time="3.150" /></testsuite></testsuites>