<?xml version="1.0" encoding="utf-8"?><testsuites name="pytest tests"><testsuite name="pytest" errors="0" failures="0" skipped="0" tests="58" time="19.293" timestamp="2026-09-16T01:42:45.832693-04:00" hostname="Allenzjx"><testcase classname="tests.unit.test_semantic_final_stop_handoff_migration" name="test_plan_is_execution_change_not_reward_only_and_roundtrip" time="1.607" /><testcase classname="tests.unit.test_semantic_final_stop_handoff_migration" name="test_rejects_changes_outside_execution_repair[physics]" time="0.068" /><testcase classname="tests.unit.test_semantic_final_stop_handoff_migration" name="test_rejects_changes_outside_execution_repair[reward]" time="0.284" /><testcase classname="tests.unit.test_semantic_final_stop_handoff_migration" name="test_rejects_changes_outside_execution_repair[caps]" time="0.265" /><testcase classname="tests.unit.test_semantic_final_stop_handoff_migration" name="test_rejects_changes_outside_execution_repair[observation]" time="0.293" /><testcase classname="tests.unit.test_semantic_final_stop_handoff_migration" name="test_rejects_changes_outside_execution_repair[nominal]" time="0.383" /><testcase classname="tests.unit.test_semantic_final_stop_handoff_migration" name="test_rejects_changes_outside_execution_repair[history]" time="0.247" /><testcase classname="tests.unit.test_semantic_final_stop_handoff_migration" name="test_rejects_changes_outside_execution_repair[adapter]" time="0.248" /><testcase classname="tests.unit.test_semantic_final_stop_handoff_migration" name="test_rejects_changes_outside_execution_repair[geometry]" time="0.295" /><testcase classname="tests.unit.test_semantic_final_stop_handoff_migration" name="test_rejects_changes_outside_execution_repair[no_core_change]" time="0.069" /><testcase classname="tests.unit.test_semantic_final_stop_handoff_migration" name="test_rejects_changes_outside_execution_repair[missing_delta]" time="0.069" /><testcase classname="tests.unit.test_semantic_final_stop_handoff_migration" name="test_rejects_changes_outside_execution_repair[layout]" time="0.063" /><testcase classname="tests.unit.test_semantic_final_stop_handoff_migration" name="test_factor_cannot_mix_other_boundaries[task_first_reward_review]" time="0.078" /><testcase classname="tests.unit.test_semantic_final_stop_handoff_migration" name="test_factor_cannot_mix_other_boundaries[exploration_temperature_review]" time="0.070" /><testcase classname="tests.unit.test_semantic_final_stop_handoff_migration" name="test_factor_cannot_mix_other_boundaries[timing_review]" time="0.069" /><testcase classname="tests.unit.test_semantic_final_stop_handoff_migration" name="test_factor_cannot_mix_other_boundaries[execution_evidence]" time="0.063" /><testcase classname="tests.unit.test_semantic_final_stop_handoff_migration" name="test_factor_cannot_mix_other_boundaries[execution_composition_review]" time="0.075" /><testcase classname="tests.unit.test_semantic_final_stop_handoff_migration" name="test_receipt_tamper_and_target_hash_are_rejected" time="0.406" /><testcase classname="tests.unit.test_semantic_final_stop_handoff_migration" name="test_existing_cli_preflight_accepts_only_verified_same372_factor" time="0.353" /><testcase classname="tests.unit.test_semantic_final_stop_handoff_migration" name="test_official_cpu_load_preserves_learned_state_rng_counters_and_fresh_storage" time="4.818" /><testcase classname="tests.unit.test_semantic_final_stop_handoff_migration" name="test_precise_method_scope_rejects_other_supervisor_edits[evaluator]" time="0.412" /><testcase classname="tests.unit.test_semantic_final_stop_handoff_migration" name="test_precise_method_scope_rejects_other_supervisor_edits[another_nominal_method]" time="0.366" /><testcase classname="tests.unit.test_semantic_final_stop_handoff_migration" name="test_precise_method_scope_rejects_other_supervisor_edits[signature]" time="0.365" /><testcase classname="tests.unit.test_semantic_final_stop_handoff_migration" name="test_precise_method_scope_rejects_other_supervisor_edits[module_constant]" time="0.353" /><testcase classname="tests.unit.test_semantic_execution_composition_migration" name="test_plan_is_execution_change_not_reward_only_and_roundtrip" time="1.585" /><testcase classname="tests.unit.test_semantic_execution_composition_migration" name="test_rejects_changes_outside_execution_repair[physics]" time="0.068" /><testcase classname="tests.unit.test_semantic_execution_composition_migration" name="test_rejects_changes_outside_execution_repair[reward]" time="0.296" /><testcase classname="tests.unit.test_semantic_execution_composition_migration" name="test_rejects_changes_outside_execution_repair[caps]" time="0.303" /><testcase classname="tests.unit.test_semantic_execution_composition_migration" name="test_rejects_changes_outside_execution_repair[observation]" time="0.272" /><testcase classname="tests.unit.test_semantic_execution_composition_migration" name="test_rejects_changes_outside_execution_repair[nominal]" time="0.294" /><testcase classname="tests.unit.test_semantic_execution_composition_migration" name="test_rejects_changes_outside_execution_repair[history]" time="0.269" /><testcase classname="tests.unit.test_semantic_execution_composition_migration" name="test_rejects_changes_outside_execution_repair[no_core_change]" time="0.073" /><testcase classname="tests.unit.test_semantic_execution_composition_migration" name="test_rejects_changes_outside_execution_repair[missing_delta]" time="0.063" /><testcase classname="tests.unit.test_semantic_execution_composition_migration" name="test_rejects_changes_outside_execution_repair[layout]" time="0.069" /><testcase classname="tests.unit.test_semantic_execution_composition_migration" name="test_factor_cannot_mix_other_boundaries[task_first_reward_review]" time="0.079" /><testcase classname="tests.unit.test_semantic_execution_composition_migration" name="test_factor_cannot_mix_other_boundaries[exploration_temperature_review]" time="0.076" /><testcase classname="tests.unit.test_semantic_execution_composition_migration" name="test_factor_cannot_mix_other_boundaries[timing_review]" time="0.065" /><testcase classname="tests.unit.test_semantic_execution_composition_migration" name="test_factor_cannot_mix_other_boundaries[execution_evidence]" time="0.065" /><testcase classname="tests.unit.test_semantic_execution_composition_migration" name="test_receipt_tamper_and_target_hash_are_rejected" time="0.500" /><testcase classname="tests.unit.test_semantic_execution_composition_migration" name="test_existing_cli_preflight_accepts_only_verified_same372_factor" time="0.378" /><testcase classname="tests.unit.test_semantic_execution_composition_migration" name="test_official_cpu_load_preserves_learned_state_rng_counters_and_fresh_storage" time="1.564" /><testcase classname="tests.unit.test_semantic_task_first_migration" name="test_task_first_plan_roundtrip_preserves_N_and_old_checkpoint" time="0.306" /><testcase classname="tests.unit.test_semantic_task_first_migration" name="test_task_first_cannot_relax_task_or_change_controller[nominal]" time="0.097" /><testcase classname="tests.unit.test_semantic_task_first_migration" name="test_task_first_cannot_relax_task_or_change_controller[nonreward_config]" time="0.156" /><testcase classname="tests.unit.test_semantic_task_first_migration" name="test_task_first_cannot_relax_task_or_change_controller[epsilon]" time="0.145" /><testcase classname="tests.unit.test_semantic_task_first_migration" name="test_task_first_cannot_relax_task_or_change_controller[failure_cost]" time="0.141" /><testcase classname="tests.unit.test_semantic_task_first_migration" name="test_task_first_cannot_relax_task_or_change_controller[physics]" time="0.102" /><testcase classname="tests.unit.test_semantic_task_first_migration" name="test_task_first_cannot_relax_task_or_change_controller[sigma_kernel]" time="0.096" /><testcase classname="tests.unit.test_semantic_task_first_migration" name="test_task_first_rejects_mixed_factors" time="0.083" /><testcase classname="tests.unit.test_semantic_task_first_migration" name="test_task_first_requires_review_hashes_and_immutable_receipt" time="0.288" /><testcase classname="tests.unit.test_semantic_task_first_migration" name="test_mean_reset_only_mean_rows_and_corresponding_adam_moments" time="0.026" /><testcase classname="tests.unit.test_semantic_task_first_migration" name="test_invalid_mean_branch_leaves_live_state_unchanged[partial_rollout]" time="0.013" /><testcase classname="tests.unit.test_semantic_task_first_migration" name="test_invalid_mean_branch_leaves_live_state_unchanged[transition]" time="0.014" /><testcase classname="tests.unit.test_semantic_task_first_migration" name="test_invalid_mean_branch_leaves_live_state_unchanged[wrong_hash]" time="0.015" /><testcase classname="tests.unit.test_semantic_task_first_migration" name="test_invalid_mean_branch_leaves_live_state_unchanged[wrong_profile]" time="0.013" /><testcase classname="tests.unit.test_semantic_task_first_migration" name="test_invalid_mean_branch_leaves_live_state_unchanged[already_branch]" time="0.014" /><testcase classname="tests.unit.test_semantic_task_first_migration" name="test_invalid_mean_branch_leaves_live_state_unchanged[missing_moment]" time="0.019" /><testcase classname="tests.unit.test_semantic_task_first_migration" name="test_offline_initializer_actual_official_save_load_without_physics" time="0.195" /></testsuite></testsuites>