<?xml version="1.0" encoding="utf-8"?><testsuites name="pytest tests"><testsuite name="pytest" errors="0" failures="0" skipped="0" tests="10" time="3.172" timestamp="2026-09-15T23:36:57.481692-04:00" hostname="Allenzjx"><testcase classname="tests.unit.test_task_recovery_learning_signal" name="test_likelihood_instrumentation_has_bitwise_identical_updates_optimizer_rng_and_storage" time="0.182" /><testcase classname="tests.unit.test_task_recovery_learning_signal" name="test_local_ppo_gradient_changes_sample_probability_with_advantage[-0.4--2.0]" time="0.003" /><testcase classname="tests.unit.test_task_recovery_learning_signal" name="test_local_ppo_gradient_changes_sample_probability_with_advantage[-0.4-2.0]" time="0.001" /><testcase classname="tests.unit.test_task_recovery_learning_signal" name="test_local_ppo_gradient_changes_sample_probability_with_advantage[0.4--2.0]" time="0.001" /><testcase classname="tests.unit.test_task_recovery_learning_signal" name="test_local_ppo_gradient_changes_sample_probability_with_advantage[0.4-2.0]" time="0.001" /><testcase classname="tests.unit.test_task_recovery_learning_signal" name="test_clip_branch_is_sign_sensitive_not_any_ratio_outside_band[2.0-1.3-True]" time="0.000" /><testcase classname="tests.unit.test_task_recovery_learning_signal" name="test_clip_branch_is_sign_sensitive_not_any_ratio_outside_band[2.0-0.7-False]" time="0.000" /><testcase classname="tests.unit.test_task_recovery_learning_signal" name="test_clip_branch_is_sign_sensitive_not_any_ratio_outside_band[-2.0-0.7-True]" time="0.001" /><testcase classname="tests.unit.test_task_recovery_learning_signal" name="test_clip_branch_is_sign_sensitive_not_any_ratio_outside_band[-2.0-1.3-False]" time="0.000" /><testcase classname="tests.unit.test_task_recovery_learning_signal" name="test_clip_branch_is_sign_sensitive_not_any_ratio_outside_band[2.0-1.0-False]" time="0.000" /></testsuite></testsuites>