<?xml version="1.0" encoding="utf-8"?><testsuites name="pytest tests"><testsuite name="pytest" errors="0" failures="0" skipped="0" tests="29" time="1.043" timestamp="2026-09-16T01:45:53.367854-04:00" hostname="Allenzjx"><testcase classname="outputs.ppo_task_first_recovery_v1.test_task_recovery_media_preflight" name="test_reviewed_runtime_changes_pass_without_claiming_same_build" time="0.080" /><testcase classname="outputs.ppo_task_first_recovery_v1.test_task_recovery_media_preflight" name="test_unreviewed_control_physics_and_task_changes_rejected[src/wlr50_clean/infrastructure/servo_target_mapper.py]" time="0.077" /><testcase classname="outputs.ppo_task_first_recovery_v1.test_task_recovery_media_preflight" name="test_unreviewed_control_physics_and_task_changes_rejected[src/wlr50_clean/ppo/semantic_supervisor.py]" time="0.101" /><testcase classname="outputs.ppo_task_first_recovery_v1.test_task_recovery_media_preflight" name="test_unreviewed_control_physics_and_task_changes_rejected[src/wlr50_clean/ppo/semantic_nominal_geometry.py]" time="0.100" /><testcase classname="outputs.ppo_task_first_recovery_v1.test_task_recovery_media_preflight" name="test_unreviewed_control_physics_and_task_changes_rejected[configs/environment_lock.json]" time="0.093" /><testcase classname="outputs.ppo_task_first_recovery_v1.test_task_recovery_media_preflight" name="test_actual_config_binding_change_rejected_without_silent_semantic_waiver" time="0.013" /><testcase classname="outputs.ppo_task_first_recovery_v1.test_task_recovery_media_preflight" name="test_physics_frequency_change_rejected" time="0.001" /><testcase classname="outputs.ppo_task_first_recovery_v1.test_task_recovery_media_preflight" name="test_trained_branch_counts_are_distinct_from_lifetime" time="0.000" /><testcase classname="outputs.ppo_task_first_recovery_v1.test_task_recovery_media_preflight" name="test_large_lifetime_counts_do_not_pass_when_any_branch_learning_count_zero[global_policy_decisions]" time="0.000" /><testcase classname="outputs.ppo_task_first_recovery_v1.test_task_recovery_media_preflight" name="test_large_lifetime_counts_do_not_pass_when_any_branch_learning_count_zero[ppo_updates]" time="0.000" /><testcase classname="outputs.ppo_task_first_recovery_v1.test_task_recovery_media_preflight" name="test_large_lifetime_counts_do_not_pass_when_any_branch_learning_count_zero[optimizer_steps]" time="0.000" /><testcase classname="outputs.ppo_task_first_recovery_v1.test_task_recovery_media_preflight" name="test_initialization_stage_or_filename_rejected_even_with_positive_fake_counts[stage-initial_task_recovery_mean_head]" time="0.000" /><testcase classname="outputs.ppo_task_first_recovery_v1.test_task_recovery_media_preflight" name="test_initialization_stage_or_filename_rejected_even_with_positive_fake_counts[checkpoint_path-checkpoint_initial_recovery_fixture_from_000176640.pt]" time="0.000" /><testcase classname="outputs.ppo_task_first_recovery_v1.test_task_recovery_media_preflight" name="test_real_immutable_reward_only_manifest_has_actual_new_learning" time="0.005" /><testcase classname="outputs.ppo_task_first_recovery_v1.test_task_recovery_media_preflight" name="test_learned_branch_counts_are_independent_of_execution_migration_factor" time="0.000" /><testcase classname="outputs.ppo_task_first_recovery_v1.test_task_recovery_media_preflight" name="test_explicit_execution_plan_hash_and_contract_ancestry_pass" time="0.021" /><testcase classname="outputs.ppo_task_first_recovery_v1.test_task_recovery_media_preflight" name="test_execution_migration_plan_file_change_rejected" time="0.010" /><testcase classname="outputs.ppo_task_first_recovery_v1.test_task_recovery_media_preflight" name="test_execution_factor_cannot_authorize_physics_change" time="0.024" /><testcase classname="outputs.ppo_task_first_recovery_v1.test_task_recovery_media_preflight" name="test_verified_migration_cannot_authorize_later_core_hash_change" time="0.019" /><testcase classname="outputs.ppo_task_first_recovery_v1.test_task_recovery_media_preflight" name="test_zero_replay_bound_to_formal_geometry_hash[False]" time="0.070" /><testcase classname="outputs.ppo_task_first_recovery_v1.test_task_recovery_media_preflight" name="test_zero_replay_bound_to_formal_geometry_hash[True]" time="0.064" /><testcase classname="outputs.ppo_task_first_recovery_v1.test_task_recovery_media_preflight" name="test_independent_p13_handoff_bound_plan_passes" time="0.021" /><testcase classname="outputs.ppo_task_first_recovery_v1.test_task_recovery_media_preflight" name="test_final_stop_factor_does_not_pass_as_execution_factor" time="0.017" /><testcase classname="outputs.ppo_task_first_recovery_v1.test_task_recovery_media_preflight" name="test_p13_handoff_cannot_waive_evaluator_or_window_change[task_evaluator_changed]" time="0.019" /><testcase classname="outputs.ppo_task_first_recovery_v1.test_task_recovery_media_preflight" name="test_p13_handoff_cannot_waive_evaluator_or_window_change[fixed_post_completion_window_changed]" time="0.009" /><testcase classname="outputs.ppo_task_first_recovery_v1.test_task_recovery_media_preflight" name="test_p13_handoff_requires_method_scope_proof" time="0.010" /><testcase classname="outputs.ppo_task_first_recovery_v1.test_task_recovery_media_preflight" name="test_p13_real_recorded_zero_receipt_bound_to_new_supervisor[False]" time="0.013" /><testcase classname="outputs.ppo_task_first_recovery_v1.test_task_recovery_media_preflight" name="test_p13_real_recorded_zero_receipt_bound_to_new_supervisor[True]" time="0.014" /><testcase classname="outputs.ppo_task_first_recovery_v1.test_task_recovery_media_preflight" name="test_execution_and_handoff_factors_remain_separate_allowlists" time="0.001" /></testsuite></testsuites>