<?xml version="1.0" encoding="utf-8"?><testsuites name="pytest tests"><testsuite name="pytest" errors="0" failures="0" skipped="0" tests="21" time="12.879" timestamp="2026-09-16T02:17:18.979444-04:00" hostname="Allenzjx"><testcase classname="tests.unit.test_semantic_quarter_temperature_migration" name="test_quarter_plan_real_git_roundtrip_and_unchanged_task_config" time="1.794" /><testcase classname="tests.unit.test_semantic_quarter_temperature_migration" name="test_quarter_tampered_plan_rejected[target_exploration_std_temperature]" time="0.516" /><testcase classname="tests.unit.test_semantic_quarter_temperature_migration" name="test_quarter_tampered_plan_rejected[target_policy_contract]" time="0.504" /><testcase classname="tests.unit.test_semantic_quarter_temperature_migration" name="test_quarter_tampered_plan_rejected[target_runner_config]" time="0.504" /><testcase classname="tests.unit.test_semantic_quarter_temperature_migration" name="test_quarter_tampered_plan_rejected[optimizer]" time="0.500" /><testcase classname="tests.unit.test_semantic_quarter_temperature_migration" name="test_quarter_cannot_mix_reward_history_or_execution_config[reward_config.yaml]" time="0.183" /><testcase classname="tests.unit.test_semantic_quarter_temperature_migration" name="test_quarter_cannot_mix_reward_history_or_execution_config[observation_schema.json]" time="0.179" /><testcase classname="tests.unit.test_semantic_quarter_temperature_migration" name="test_quarter_cannot_mix_reward_history_or_execution_config[execution_profile.yaml]" time="0.173" /><testcase classname="tests.unit.test_semantic_quarter_temperature_migration" name="test_old_half_history_loader_and_cli_regions_cannot_change[semantic_history_actor-return 0.5-return 0.6]" time="0.234" /><testcase classname="tests.unit.test_semantic_quarter_temperature_migration" name="test_old_half_history_loader_and_cli_regions_cannot_change[semantic_history_actor-return 9-return 10]" time="0.222" /><testcase classname="tests.unit.test_semantic_quarter_temperature_migration" name="test_old_half_history_loader_and_cli_regions_cannot_change[semantic_training-def load_semantic_checkpoint():\n    return 9-def load_semantic_checkpoint():\n    return 10]" time="0.354" /><testcase classname="tests.unit.test_semantic_quarter_temperature_migration" name="test_old_half_history_loader_and_cli_regions_cannot_change[semantic_cli-return 1-return 2]" time="0.127" /><testcase classname="tests.unit.test_semantic_quarter_temperature_migration" name="test_quarter_wrong_namespace_rejected" time="0.071" /><testcase classname="tests.unit.test_semantic_quarter_temperature_migration" name="test_quarter_cannot_mix_another_migration[task_first_reward_review]" time="0.067" /><testcase classname="tests.unit.test_semantic_quarter_temperature_migration" name="test_quarter_cannot_mix_another_migration[execution_composition_review]" time="0.070" /><testcase classname="tests.unit.test_semantic_quarter_temperature_migration" name="test_quarter_cannot_mix_another_migration[final_stop_handoff_review]" time="0.068" /><testcase classname="tests.unit.test_semantic_quarter_temperature_migration" name="test_quarter_cannot_mix_another_migration[prior_evidence]" time="0.075" /><testcase classname="tests.unit.test_semantic_quarter_temperature_migration" name="test_quarter_loader_rejects_invalid_state_before_loading_tensors[partial_storage]" time="4.011" /><testcase classname="tests.unit.test_semantic_quarter_temperature_migration" name="test_quarter_loader_rejects_invalid_state_before_loading_tensors[pending_action]" time="0.680" /><testcase classname="tests.unit.test_semantic_quarter_temperature_migration" name="test_quarter_loader_rejects_invalid_state_before_loading_tensors[wrong_actor]" time="0.678" /><testcase classname="tests.unit.test_semantic_quarter_temperature_migration" name="test_real_cpu_quarter_load_preserves_mean_adam_identity_rng_counts_then_updates_reloads" time="1.789" /></testsuite></testsuites>