<?xml version="1.0" encoding="utf-8"?><testsuites name="pytest tests"><testsuite name="pytest" errors="0" failures="0" skipped="0" tests="76" time="24.771" timestamp="2026-09-16T02:18:11.147483-04:00" hostname="Allenzjx"><testcase classname="tests.unit.test_semantic_quarter_temperature_migration" name="test_quarter_plan_real_git_roundtrip_and_unchanged_task_config" time="1.545" /><testcase classname="tests.unit.test_semantic_quarter_temperature_migration" name="test_quarter_tampered_plan_rejected[target_exploration_std_temperature]" time="0.490" /><testcase classname="tests.unit.test_semantic_quarter_temperature_migration" name="test_quarter_tampered_plan_rejected[target_policy_contract]" time="0.524" /><testcase classname="tests.unit.test_semantic_quarter_temperature_migration" name="test_quarter_tampered_plan_rejected[target_runner_config]" time="0.512" /><testcase classname="tests.unit.test_semantic_quarter_temperature_migration" name="test_quarter_tampered_plan_rejected[optimizer]" time="0.479" /><testcase classname="tests.unit.test_semantic_quarter_temperature_migration" name="test_quarter_cannot_mix_reward_history_or_execution_config[reward_config.yaml]" time="0.154" /><testcase classname="tests.unit.test_semantic_quarter_temperature_migration" name="test_quarter_cannot_mix_reward_history_or_execution_config[observation_schema.json]" time="0.153" /><testcase classname="tests.unit.test_semantic_quarter_temperature_migration" name="test_quarter_cannot_mix_reward_history_or_execution_config[execution_profile.yaml]" time="0.118" /><testcase classname="tests.unit.test_semantic_quarter_temperature_migration" name="test_old_half_history_loader_and_cli_regions_cannot_change[semantic_history_actor-return 0.5-return 0.6]" time="0.224" /><testcase classname="tests.unit.test_semantic_quarter_temperature_migration" name="test_old_half_history_loader_and_cli_regions_cannot_change[semantic_history_actor-return 9-return 10]" time="0.220" /><testcase classname="tests.unit.test_semantic_quarter_temperature_migration" name="test_old_half_history_loader_and_cli_regions_cannot_change[semantic_training-def load_semantic_checkpoint():\n    return 9-def load_semantic_checkpoint():\n    return 10]" time="0.332" /><testcase classname="tests.unit.test_semantic_quarter_temperature_migration" name="test_old_half_history_loader_and_cli_regions_cannot_change[semantic_cli-return 1-return 2]" time="0.163" /><testcase classname="tests.unit.test_semantic_quarter_temperature_migration" name="test_quarter_wrong_namespace_rejected" time="0.068" /><testcase classname="tests.unit.test_semantic_quarter_temperature_migration" name="test_quarter_cannot_mix_another_migration[task_first_reward_review]" time="0.068" /><testcase classname="tests.unit.test_semantic_quarter_temperature_migration" name="test_quarter_cannot_mix_another_migration[execution_composition_review]" time="0.070" /><testcase classname="tests.unit.test_semantic_quarter_temperature_migration" name="test_quarter_cannot_mix_another_migration[final_stop_handoff_review]" time="0.068" /><testcase classname="tests.unit.test_semantic_quarter_temperature_migration" name="test_quarter_cannot_mix_another_migration[prior_evidence]" time="0.061" /><testcase classname="tests.unit.test_semantic_quarter_temperature_migration" name="test_unchanged_cli_selects_quarter_only_from_real_verified_plan" time="0.682" /><testcase classname="tests.unit.test_semantic_quarter_temperature_migration" name="test_quarter_loader_rejects_invalid_state_before_loading_tensors[partial_storage]" time="4.013" /><testcase classname="tests.unit.test_semantic_quarter_temperature_migration" name="test_quarter_loader_rejects_invalid_state_before_loading_tensors[pending_action]" time="0.702" /><testcase classname="tests.unit.test_semantic_quarter_temperature_migration" name="test_quarter_loader_rejects_invalid_state_before_loading_tensors[wrong_actor]" time="0.723" /><testcase classname="tests.unit.test_semantic_quarter_temperature_migration" name="test_real_cpu_quarter_load_preserves_mean_adam_identity_rng_counts_then_updates_reloads" time="1.849" /><testcase classname="tests.unit.test_semantic_temperature_loader_cli" name="test_cli_switches_only_after_verified_factor_and_resolves_explicit_role" time="0.028" /><testcase classname="tests.unit.test_semantic_temperature_loader_cli" name="test_cli_factor_tampering_never_selects_new_actor[source_config]" time="0.022" /><testcase classname="tests.unit.test_semantic_temperature_loader_cli" name="test_cli_factor_tampering_never_selects_new_actor[target_config]" time="0.027" /><testcase classname="tests.unit.test_semantic_temperature_loader_cli" name="test_cli_factor_tampering_never_selects_new_actor[tau]" time="0.032" /><testcase classname="tests.unit.test_semantic_temperature_loader_cli" name="test_cli_factor_tampering_never_selects_new_actor[source_contract]" time="0.023" /><testcase classname="tests.unit.test_semantic_temperature_loader_cli" name="test_cli_factor_tampering_never_selects_new_actor[target_contract]" time="0.030" /><testcase classname="tests.unit.test_semantic_temperature_loader_cli" name="test_cli_factor_tampering_never_selects_new_actor[source_version]" time="0.031" /><testcase classname="tests.unit.test_semantic_temperature_loader_cli" name="test_cli_factor_tampering_never_selects_new_actor[target_version]" time="0.030" /><testcase classname="tests.unit.test_semantic_temperature_loader_cli" name="test_cli_factor_tampering_never_selects_new_actor[observation]" time="0.028" /><testcase classname="tests.unit.test_semantic_temperature_loader_cli" name="test_cli_factor_tampering_never_selects_new_actor[N8]" time="0.030" /><testcase classname="tests.unit.test_semantic_temperature_loader_cli" name="test_cli_factor_tampering_never_selects_new_actor[mixed]" time="0.021" /><testcase classname="tests.unit.test_semantic_temperature_loader_cli" name="test_cli_factor_tampering_never_selects_new_actor[wrong_seed]" time="0.028" /><testcase classname="tests.unit.test_semantic_temperature_loader_cli" name="test_cli_factor_tampering_never_selects_new_actor[device]" time="0.027" /><testcase classname="tests.unit.test_semantic_temperature_loader_cli" name="test_tempered_runner_rejects_non_v3_or_non_role_layout[v2-diagonal_transfer_state_v1]" time="0.000" /><testcase classname="tests.unit.test_semantic_temperature_loader_cli" name="test_tempered_runner_rejects_non_v3_or_non_role_layout[v3-None]" time="0.000" /><testcase classname="tests.unit.test_semantic_temperature_loader_cli" name="test_tempered_runner_rejects_non_v3_or_non_role_layout[v3-unknown]" time="0.000" /><testcase classname="tests.unit.test_semantic_temperature_loader_cli" name="test_loader_rejects_before_tensor_load[missing_plan]" time="0.040" /><testcase classname="tests.unit.test_semantic_temperature_loader_cli" name="test_loader_rejects_before_tensor_load[revalidated_changed]" time="0.032" /><testcase classname="tests.unit.test_semantic_temperature_loader_cli" name="test_loader_rejects_before_tensor_load[old_actor]" time="0.039" /><testcase classname="tests.unit.test_semantic_temperature_loader_cli" name="test_loader_rejects_before_tensor_load[target_config]" time="0.032" /><testcase classname="tests.unit.test_semantic_temperature_loader_cli" name="test_loader_rejects_before_tensor_load[partial_storage]" time="0.043" /><testcase classname="tests.unit.test_semantic_temperature_loader_cli" name="test_loader_rejects_before_tensor_load[pending_action]" time="0.041" /><testcase classname="tests.unit.test_semantic_temperature_loader_cli" name="test_loader_rejects_before_tensor_load[mixed_execution]" time="0.031" /><testcase classname="tests.unit.test_semantic_temperature_loader_cli" name="test_loader_rejects_before_tensor_load[mixed_instrumentation]" time="0.042" /><testcase classname="tests.unit.test_semantic_temperature_loader_cli" name="test_loader_rejects_before_tensor_load[mixed_warm_start]" time="0.019" /><testcase classname="tests.unit.test_semantic_temperature_loader_cli" name="test_real_cpu_temperature_load_keeps_adam_rng_lr_and_continues" time="2.881" /><testcase classname="tests.unit.test_semantic_exploration_temperature_migration" name="test_bound_plan_roundtrip_preserves_all_learned_state" time="1.727" /><testcase classname="tests.unit.test_semantic_exploration_temperature_migration" name="test_tampered_factor_rejected[target_exploration_std_temperature]" time="0.682" /><testcase classname="tests.unit.test_semantic_exploration_temperature_migration" name="test_tampered_factor_rejected[target_policy_contract]" time="0.647" /><testcase classname="tests.unit.test_semantic_exploration_temperature_migration" name="test_tampered_factor_rejected[target_runner_config]" time="0.620" /><testcase classname="tests.unit.test_semantic_exploration_temperature_migration" name="test_tampered_factor_rejected[optimizer]" time="0.625" /><testcase classname="tests.unit.test_semantic_exploration_temperature_migration" name="test_no_configuration_byte_change_is_permitted[action_schema.json]" time="0.147" /><testcase classname="tests.unit.test_semantic_exploration_temperature_migration" name="test_no_configuration_byte_change_is_permitted[execution_profile.yaml]" time="0.164" /><testcase classname="tests.unit.test_semantic_exploration_temperature_migration" name="test_no_configuration_byte_change_is_permitted[observation_schema.json]" time="0.141" /><testcase classname="tests.unit.test_semantic_exploration_temperature_migration" name="test_no_configuration_byte_change_is_permitted[quality_score.yaml]" time="0.178" /><testcase classname="tests.unit.test_semantic_exploration_temperature_migration" name="test_no_configuration_byte_change_is_permitted[reward_config.yaml]" time="0.194" /><testcase classname="tests.unit.test_semantic_exploration_temperature_migration" name="test_no_configuration_byte_change_is_permitted[stage_task_spec.yaml]" time="0.175" /><testcase classname="tests.unit.test_semantic_exploration_temperature_migration" name="test_unchanged_mean_physics_and_training_regions_are_protected[semantic_history_actor-return 9-return 10]" time="0.216" /><testcase classname="tests.unit.test_semantic_exploration_temperature_migration" name="test_unchanged_mean_physics_and_training_regions_are_protected[semantic_training-return 9-return 10]" time="0.374" /><testcase classname="tests.unit.test_semantic_exploration_temperature_migration" name="test_unchanged_mean_physics_and_training_regions_are_protected[semantic_cli-return 9-return 10]" time="0.382" /><testcase classname="tests.unit.test_semantic_exploration_temperature_migration" name="test_unchanged_mean_physics_and_training_regions_are_protected[semantic_policy_distribution-LOCKED = 1-LOCKED = 2]" time="0.261" /><testcase classname="tests.unit.test_semantic_exploration_temperature_migration" name="test_added_physical_call_inside_reviewed_loader_is_rejected" time="0.363" /><testcase classname="tests.unit.test_semantic_exploration_temperature_migration" name="test_physical_metadata_or_experiment_changes_rejected[physics_hz-60.0]" time="0.073" /><testcase classname="tests.unit.test_semantic_exploration_temperature_migration" name="test_physical_metadata_or_experiment_changes_rejected[task_timeout_s-201.0]" time="0.075" /><testcase classname="tests.unit.test_semantic_exploration_temperature_migration" name="test_physical_metadata_or_experiment_changes_rejected[experiment_id-all_stage_acceptance_v1]" time="0.081" /><testcase classname="tests.unit.test_semantic_exploration_temperature_migration" name="test_other_migration_factors_cannot_mix[height_recovery_review]" time="0.074" /><testcase classname="tests.unit.test_semantic_exploration_temperature_migration" name="test_other_migration_factors_cannot_mix[body_reward_review]" time="0.084" /><testcase classname="tests.unit.test_semantic_exploration_temperature_migration" name="test_other_migration_factors_cannot_mix[timing_review]" time="0.075" /><testcase classname="tests.unit.test_semantic_exploration_temperature_migration" name="test_other_migration_factors_cannot_mix[video_review]" time="0.074" /><testcase classname="tests.unit.test_semantic_exploration_temperature_migration" name="test_other_migration_factors_cannot_mix[execution_evidence]" time="0.070" /><testcase classname="tests.unit.test_semantic_exploration_temperature_migration" name="test_other_migration_factors_cannot_mix[evaluator_review]" time="0.061" /><testcase classname="tests.unit.test_semantic_exploration_temperature_migration" name="test_other_migration_factors_cannot_mix[prior_evidence]" time="0.080" /><testcase classname="tests.unit.test_semantic_exploration_temperature_migration" name="test_other_migration_factors_cannot_mix[qualification_evidence]" time="0.067" /><testcase classname="tests.unit.test_semantic_exploration_temperature_migration" name="test_source_runner_config_cannot_change_ppo_settings" time="0.079" /></testsuite></testsuites>