<?xml version="1.0" encoding="utf-8"?><testsuites name="pytest tests"><testsuite name="pytest" errors="0" failures="0" skipped="0" tests="439" time="41.019" timestamp="2026-09-22T12:40:06.014424-04:00" hostname="Allenzjx"><testcase classname="tests.unit.test_semantic_p05_preedge_recovery" name="test_opt_in_is_explicit_and_old_mode_default_off" time="0.061" /><testcase classname="tests.unit.test_semantic_p05_preedge_recovery" name="test_only_p05[P01]" time="0.501" /><testcase classname="tests.unit.test_semantic_p05_preedge_recovery" name="test_only_p05[P02]" time="0.000" /><testcase classname="tests.unit.test_semantic_p05_preedge_recovery" name="test_only_p05[P03]" time="0.000" /><testcase classname="tests.unit.test_semantic_p05_preedge_recovery" name="test_only_p05[P04]" time="0.001" /><testcase classname="tests.unit.test_semantic_p05_preedge_recovery" name="test_only_p05[P05]" time="0.001" /><testcase classname="tests.unit.test_semantic_p05_preedge_recovery" name="test_only_p05[P06]" time="0.000" /><testcase classname="tests.unit.test_semantic_p05_preedge_recovery" name="test_only_p05[P07]" time="0.000" /><testcase classname="tests.unit.test_semantic_p05_preedge_recovery" name="test_only_p05[P08]" time="0.000" /><testcase classname="tests.unit.test_semantic_p05_preedge_recovery" name="test_only_p05[P09]" time="0.000" /><testcase classname="tests.unit.test_semantic_p05_preedge_recovery" name="test_only_p05[P10]" time="0.001" /><testcase classname="tests.unit.test_semantic_p05_preedge_recovery" name="test_only_p05[P11]" time="0.000" /><testcase classname="tests.unit.test_semantic_p05_preedge_recovery" name="test_only_p05[P12]" time="0.000" /><testcase classname="tests.unit.test_semantic_p05_preedge_recovery" name="test_only_p05[P13]" time="0.000" /><testcase classname="tests.unit.test_semantic_p05_preedge_recovery" name="test_absolute_window_never_renews[29.999-False]" time="0.001" /><testcase classname="tests.unit.test_semantic_p05_preedge_recovery" name="test_absolute_window_never_renews[30.0-True]" time="0.000" /><testcase classname="tests.unit.test_semantic_p05_preedge_recovery" name="test_absolute_window_never_renews[39.999-True]" time="0.001" /><testcase classname="tests.unit.test_semantic_p05_preedge_recovery" name="test_absolute_window_never_renews[40.0-False]" time="0.000" /><testcase classname="tests.unit.test_semantic_p05_preedge_recovery" name="test_absolute_window_never_renews[100.0-False]" time="0.000" /><testcase classname="tests.unit.test_semantic_p05_preedge_recovery" name="test_absolute_window_never_renews[nan-False]" time="0.000" /><testcase classname="tests.unit.test_semantic_p05_preedge_recovery" name="test_absolute_window_never_renews[True-False]" time="0.000" /><testcase classname="tests.unit.test_semantic_p05_preedge_recovery" name="test_absolute_window_never_renews[None-False]" time="0.001" /><testcase classname="tests.unit.test_semantic_p05_preedge_recovery" name="test_current_geometry_or_contact_rejects[clearance_m-0.0]" time="0.000" /><testcase classname="tests.unit.test_semantic_p05_preedge_recovery" name="test_current_geometry_or_contact_rejects[clearance_m--0.001]" time="0.000" /><testcase classname="tests.unit.test_semantic_p05_preedge_recovery" name="test_current_geometry_or_contact_rejects[clearance_m-nan]" time="0.000" /><testcase classname="tests.unit.test_semantic_p05_preedge_recovery" name="test_current_geometry_or_contact_rejects[clearance_m-None]" time="0.000" /><testcase classname="tests.unit.test_semantic_p05_preedge_recovery" name="test_current_geometry_or_contact_rejects[clearance_m-True]" time="0.000" /><testcase classname="tests.unit.test_semantic_p05_preedge_recovery" name="test_current_geometry_or_contact_rejects[front_distance_m--0.10001]" time="0.000" /><testcase classname="tests.unit.test_semantic_p05_preedge_recovery" name="test_current_geometry_or_contact_rejects[front_distance_m-0.00501]" time="0.000" /><testcase classname="tests.unit.test_semantic_p05_preedge_recovery" name="test_current_geometry_or_contact_rejects[front_distance_m-nan]" time="0.000" /><testcase classname="tests.unit.test_semantic_p05_preedge_recovery" name="test_current_geometry_or_contact_rejects[within_lateral_span-False]" time="0.000" /><testcase classname="tests.unit.test_semantic_p05_preedge_recovery" name="test_current_geometry_or_contact_rejects[air-False]" time="0.000" /><testcase classname="tests.unit.test_semantic_p05_preedge_recovery" name="test_current_geometry_or_contact_rejects[ground_contact-True]" time="0.000" /><testcase classname="tests.unit.test_semantic_p05_preedge_recovery" name="test_current_geometry_or_contact_rejects[top_surface_contact-True]" time="0.000" /><testcase classname="tests.unit.test_semantic_p05_preedge_recovery" name="test_current_geometry_or_contact_rejects[obstacle_pair_active-True]" time="0.001" /><testcase classname="tests.unit.test_semantic_p05_preedge_recovery" name="test_preedge_boundaries_have_no_minus5mm_dead_zone[-0.1]" time="0.000" /><testcase classname="tests.unit.test_semantic_p05_preedge_recovery" name="test_preedge_boundaries_have_no_minus5mm_dead_zone[-0.005]" time="0.002" /><testcase classname="tests.unit.test_semantic_p05_preedge_recovery" name="test_preedge_boundaries_have_no_minus5mm_dead_zone[0.0]" time="0.001" /><testcase classname="tests.unit.test_semantic_p05_preedge_recovery" name="test_preedge_boundaries_have_no_minus5mm_dead_zone[0.005]" time="0.000" /><testcase classname="tests.unit.test_semantic_p05_preedge_recovery" name="test_history_is_not_fabricated[active_lift-FL-False]" time="0.000" /><testcase classname="tests.unit.test_semantic_p05_preedge_recovery" name="test_history_is_not_fabricated[placed-FR-False]" time="0.001" /><testcase classname="tests.unit.test_semantic_p05_preedge_recovery" name="test_history_is_not_fabricated[placed-FL-True]" time="0.000" /><testcase classname="tests.unit.test_semantic_p05_preedge_recovery" name="test_history_is_not_fabricated[front_edge_crossed-FL-True]" time="0.000" /><testcase classname="tests.unit.test_semantic_p05_preedge_recovery" name="test_safety_support_and_missing_evidence[one_support]" time="0.000" /><testcase classname="tests.unit.test_semantic_p05_preedge_recovery" name="test_safety_support_and_missing_evidence[unverified]" time="0.000" /><testcase classname="tests.unit.test_semantic_p05_preedge_recovery" name="test_safety_support_and_missing_evidence[airborne_support]" time="0.000" /><testcase classname="tests.unit.test_semantic_p05_preedge_recovery" name="test_safety_support_and_missing_evidence[invalid]" time="0.000" /><testcase classname="tests.unit.test_semantic_p05_preedge_recovery" name="test_safety_support_and_missing_evidence[task_abort]" time="0.000" /><testcase classname="tests.unit.test_semantic_p05_preedge_recovery" name="test_safety_support_and_missing_evidence[eval_abort]" time="0.000" /><testcase classname="tests.unit.test_semantic_p05_preedge_recovery" name="test_safety_support_and_missing_evidence[unverified_evidence]" time="0.000" /><testcase classname="tests.unit.test_semantic_p05_preedge_recovery" name="test_safety_support_and_missing_evidence[missing_FL]" time="0.000" /><testcase classname="tests.unit.test_semantic_p05_preedge_recovery" name="test_missing_nonincreasing_or_skipped_tick_is_not_endpoint_evidence[None]" time="0.000" /><testcase classname="tests.unit.test_semantic_p05_preedge_recovery" name="test_missing_nonincreasing_or_skipped_tick_is_not_endpoint_evidence[True]" time="0.000" /><testcase classname="tests.unit.test_semantic_p05_preedge_recovery" name="test_missing_nonincreasing_or_skipped_tick_is_not_endpoint_evidence[3600]" time="0.000" /><testcase classname="tests.unit.test_semantic_p05_preedge_recovery" name="test_missing_nonincreasing_or_skipped_tick_is_not_endpoint_evidence[3601]" time="0.001" /><testcase classname="tests.unit.test_semantic_p05_preedge_recovery" name="test_missing_nonincreasing_or_skipped_tick_is_not_endpoint_evidence[3598]" time="0.000" /><testcase classname="tests.unit.test_semantic_p05_preedge_recovery" name="test_endpoint_needs_prior_issue_and_explicitly_is_not_ack_verification" time="0.001" /><testcase classname="tests.unit.test_semantic_p05_preedge_recovery" name="test_nominal_intercept_changes_only_wheels_no_phase_or_source_replay" time="0.002" /><testcase classname="tests.unit.test_semantic_p05_preedge_recovery" name="test_fresh_authored_stop_wins_at_interception" time="0.001" /><testcase classname="tests.unit.test_semantic_p05_preedge_recovery" name="test_loss_and_expiry_remove_advice_without_renewal" time="0.002" /><testcase classname="tests.unit.test_semantic_p05_preedge_recovery" name="test_postcross_existing_capture_branch_remains_separate" time="0.002" /><testcase classname="tests.unit.test_semantic_p05_preedge_migration" name="test_control_factor_preserves_all_four_origins_and_full_AUX_objects" time="0.005" /><testcase classname="tests.unit.test_semantic_p05_preedge_migration" name="test_strict_unrelated_or_repeated_change_rejected[repeat_branch]" time="0.004" /><testcase classname="tests.unit.test_semantic_p05_preedge_migration" name="test_strict_unrelated_or_repeated_change_rejected[repeat_migration]" time="0.004" /><testcase classname="tests.unit.test_semantic_p05_preedge_migration" name="test_strict_unrelated_or_repeated_change_rejected[repeat_counts]" time="0.004" /><testcase classname="tests.unit.test_semantic_p05_preedge_migration" name="test_strict_unrelated_or_repeated_change_rejected[source_optin]" time="0.004" /><testcase classname="tests.unit.test_semantic_p05_preedge_migration" name="test_strict_unrelated_or_repeated_change_rejected[target_mode]" time="0.004" /><testcase classname="tests.unit.test_semantic_p05_preedge_migration" name="test_strict_unrelated_or_repeated_change_rejected[task_duration]" time="0.004" /><testcase classname="tests.unit.test_semantic_p05_preedge_migration" name="test_strict_unrelated_or_repeated_change_rejected[reward_config]" time="0.004" /><testcase classname="tests.unit.test_semantic_p05_preedge_migration" name="test_strict_unrelated_or_repeated_change_rejected[execution_config]" time="0.004" /><testcase classname="tests.unit.test_semantic_p05_preedge_migration" name="test_strict_unrelated_or_repeated_change_rejected[extra_file]" time="0.004" /><testcase classname="tests.unit.test_semantic_p05_preedge_migration" name="test_strict_unrelated_or_repeated_change_rejected[deleted_file]" time="0.004" /><testcase classname="tests.unit.test_semantic_p05_preedge_migration" name="test_strict_unrelated_or_repeated_change_rejected[existing_module]" time="0.004" /><testcase classname="tests.unit.test_semantic_p05_preedge_migration" name="test_strict_unrelated_or_repeated_change_rejected[missing_review]" time="0.004" /><testcase classname="tests.unit.test_semantic_p05_preedge_migration" name="test_strict_unrelated_or_repeated_change_rejected[sigma_profile]" time="0.003" /><testcase classname="tests.unit.test_semantic_p05_preedge_migration" name="test_strict_unrelated_or_repeated_change_rejected[missing_origin]" time="0.004" /><testcase classname="tests.unit.test_semantic_p05_preedge_migration" name="test_strict_unrelated_or_repeated_change_rejected[wrong_count]" time="0.004" /><testcase classname="tests.unit.test_semantic_p05_preedge_migration" name="test_strict_unrelated_or_repeated_change_rejected[negative_origin]" time="0.004" /><testcase classname="tests.unit.test_semantic_p05_preedge_migration" name="test_strict_unrelated_or_repeated_change_rejected[not_v2]" time="0.004" /><testcase classname="tests.unit.test_semantic_p05_preedge_migration" name="test_strict_unrelated_or_repeated_change_rejected[no_four_events]" time="0.004" /><testcase classname="tests.unit.test_semantic_p05_preedge_migration" name="test_strict_unrelated_or_repeated_change_rejected[missing_old_aux]" time="0.004" /><testcase classname="tests.unit.test_semantic_p05_preedge_migration" name="test_strict_unrelated_or_repeated_change_rejected[counter]" time="0.004" /><testcase classname="tests.unit.test_semantic_p05_preedge_migration" name="test_strict_unrelated_or_repeated_change_rejected[LR]" time="0.004" /><testcase classname="tests.unit.test_semantic_p05_preedge_migration" name="test_strict_unrelated_or_repeated_change_rejected[runtime_rate]" time="0.006" /><testcase classname="tests.unit.test_semantic_p05_preedge_migration" name="test_branch_counts_are_source_relative_not_filename_bound" time="0.004" /><testcase classname="tests.unit.test_semantic_p05_preedge_migration" name="test_generic_loader_official_publish_fresh_reload_and_normal_save_carry" time="4.928" /><testcase classname="tests.unit.test_semantic_p05_capture_continuation_v1" name="test_pending_handoff_changes_schedule_without_placement_or_completion" time="0.082" /><testcase classname="tests.unit.test_semantic_p05_capture_continuation_v1" name="test_unsafe_or_unqualified_capture_path_waits_without_local_episode_end[outside_xy]" time="0.078" /><testcase classname="tests.unit.test_semantic_p05_capture_continuation_v1" name="test_unsafe_or_unqualified_capture_path_waits_without_local_episode_end[one_support]" time="0.069" /><testcase classname="tests.unit.test_semantic_p05_capture_continuation_v1" name="test_unsafe_or_unqualified_capture_path_waits_without_local_episode_end[ground]" time="0.073" /><testcase classname="tests.unit.test_semantic_p05_capture_continuation_v1" name="test_unsafe_or_unqualified_capture_path_waits_without_local_episode_end[no_lift]" time="0.068" /><testcase classname="tests.unit.test_semantic_p05_capture_continuation_v1" name="test_old_mode_keeps_original_local_timeout" time="0.070" /><testcase classname="tests.unit.test_semantic_p05_capture_continuation_v1" name="test_lost_downstream_permission_waits_without_false_support_or_local_done[P06]" time="0.077" /><testcase classname="tests.unit.test_semantic_p05_capture_continuation_v1" name="test_lost_downstream_permission_waits_without_false_support_or_local_done[P09]" time="0.070" /><testcase classname="tests.unit.test_semantic_p05_capture_continuation_v1" name="test_lost_downstream_permission_waits_without_false_support_or_local_done[P11]" time="0.065" /><testcase classname="tests.unit.test_semantic_p05_capture_continuation_v1" name="test_lost_downstream_permission_waits_without_false_support_or_local_done[P13]" time="0.077" /><testcase classname="tests.unit.test_semantic_p05_capture_continuation_v1" name="test_global_deadline_and_hard_safety_are_not_suppressed" time="0.136" /><testcase classname="tests.unit.test_semantic_p05_capture_continuation_v1" name="test_late_real_contact_records_old_task_once_without_rewind" time="0.068" /><testcase classname="tests.unit.test_semantic_p05_capture_continuation_v1" name="test_later_entry_waives_only_FL_history_not_other_task_predicates[P06]" time="0.064" /><testcase classname="tests.unit.test_semantic_p05_capture_continuation_v1" name="test_later_entry_waives_only_FL_history_not_other_task_predicates[P07]" time="0.069" /><testcase classname="tests.unit.test_semantic_p05_capture_continuation_v1" name="test_later_entry_waives_only_FL_history_not_other_task_predicates[P08]" time="0.060" /><testcase classname="tests.unit.test_semantic_p05_capture_continuation_v1" name="test_later_entry_waives_only_FL_history_not_other_task_predicates[P09]" time="0.070" /><testcase classname="tests.unit.test_semantic_p05_capture_continuation_v1" name="test_later_entry_waives_only_FL_history_not_other_task_predicates[P10]" time="0.142" /><testcase classname="tests.unit.test_semantic_p05_capture_continuation_v1" name="test_later_entry_waives_only_FL_history_not_other_task_predicates[P11]" time="0.075" /><testcase classname="tests.unit.test_semantic_p05_capture_continuation_v1" name="test_later_entry_waives_only_FL_history_not_other_task_predicates[P13]" time="0.081" /><testcase classname="tests.unit.test_semantic_p05_capture_continuation_v1" name="test_rear_progress_credit_can_follow_real_motion_but_RR_FIRST_remains" time="0.067" /><testcase classname="tests.unit.test_semantic_p05_capture_continuation_v1" name="test_pending_P13_is_not_full_task_success" time="0.068" /><testcase classname="tests.unit.test_semantic_p05_capture_continuation_v1" name="test_P06_owner_starts_real_clock_and_pauses_only_its_unsafe_pending_contribution" time="0.196" /><testcase classname="tests.unit.test_semantic_p05_capture_continuation_v1" name="test_unknown_or_incomplete_opt_in_rejected" time="0.165" /><testcase classname="tests.unit.test_semantic_capture_assist" name="test_feedback_descent_holds_final_knee_and_never_reintegrates_nominal" time="0.003" /><testcase classname="tests.unit.test_semantic_capture_assist" name="test_real_contact_stops_accumulation_holds_P06_then_releases_P07_continuously" time="0.002" /><testcase classname="tests.unit.test_semantic_capture_assist" name="test_block_never_keeps_pressing_or_changes_other_channels[changes0-1]" time="0.000" /><testcase classname="tests.unit.test_semantic_capture_assist" name="test_block_never_keeps_pressing_or_changes_other_channels[changes1-2]" time="0.001" /><testcase classname="tests.unit.test_semantic_capture_assist" name="test_block_never_keeps_pressing_or_changes_other_channels[changes2-3]" time="0.000" /><testcase classname="tests.unit.test_semantic_capture_assist" name="test_block_never_keeps_pressing_or_changes_other_channels[changes3-6]" time="0.000" /><testcase classname="tests.unit.test_semantic_capture_assist" name="test_no_gap_progress_stops_finite_direction_until_body_or_wheels_help" time="0.002" /><testcase classname="tests.unit.test_semantic_capture_assist" name="test_long_initial_tracking_wait_does_not_consume_descent_window" time="0.002" /><testcase classname="tests.unit.test_semantic_capture_assist" name="test_total_search_cannot_exceed_twenty_degrees_or_original_reserve" time="0.009" /><testcase classname="tests.unit.test_semantic_capture_assist" name="test_assist_does_not_steal_unfinished_source_unfold_or_uncrossed_leg[source_unfold_dispatched]" time="0.001" /><testcase classname="tests.unit.test_semantic_capture_assist" name="test_assist_does_not_steal_unfinished_source_unfold_or_uncrossed_leg[qualified_FL]" time="0.000" /><testcase classname="tests.unit.test_semantic_capture_assist" name="test_assist_does_not_steal_unfinished_source_unfold_or_uncrossed_leg[crossed_FL]" time="0.000" /><testcase classname="tests.unit.test_semantic_capture_assist" name="test_assist_does_not_steal_unfinished_source_unfold_or_uncrossed_leg[within_top_xy]" time="0.000" /><testcase classname="tests.unit.test_semantic_capture_assist" name="test_real_dispatch_knee_fixed_under_nominal_and_policy_changes_and_audit_passes" time="0.034" /><testcase classname="tests.unit.test_semantic_capture_assist" name="test_reset_new_assist_has_no_old_recovery_targets" time="0.000" /><testcase classname="tests.unit.test_semantic_capture_assist" name="test_inactive_assist_zero_has_exact_existing_targets_and_nominal_history" time="0.042" /><testcase classname="tests.unit.test_semantic_capture_assist" name="test_source_endpoint_must_have_reached_previous_real_dispatch" time="0.000" /><testcase classname="tests.unit.test_semantic_capture_assist_recontact" name="test_reopened_improving_gap_uses_new_air_window_not_old_contact_height[-0.001]" time="0.002" /><testcase classname="tests.unit.test_semantic_capture_assist_recontact" name="test_reopened_improving_gap_uses_new_air_window_not_old_contact_height[0.0005]" time="0.002" /><testcase classname="tests.unit.test_semantic_capture_assist_recontact" name="test_flat_or_worsening_gap_still_expires_and_blocked_does_not_renew_window[0.01]" time="0.002" /><testcase classname="tests.unit.test_semantic_capture_assist_recontact" name="test_flat_or_worsening_gap_still_expires_and_blocked_does_not_renew_window[0.015]" time="0.003" /><testcase classname="tests.unit.test_semantic_capture_assist_recontact" name="test_descending_air_and_normal_P05_P06_handoff_do_not_reset_elapsed" time="0.000" /><testcase classname="tests.unit.test_semantic_capture_assist_recontact" name="test_long_improving_reapproach_retains_original_total_twenty_degree_limit" time="0.005" /><testcase classname="tests.unit.test_semantic_capture_assist_recontact" name="test_repeated_contact_losses_do_not_reanchor_target_or_replenish_total_travel" time="0.022" /><testcase classname="tests.unit.test_semantic_capture_assist_recontact" name="test_any_real_obstacle_pair_stops_pressing_without_claiming_top_placement" time="0.000" /><testcase classname="tests.unit.test_semantic_capture_assist_recontact" name="test_contact_loss_window_rebase_never_bypasses_existing_safety_or_tracking[changes0-1.0]" time="0.000" /><testcase classname="tests.unit.test_semantic_capture_assist_recontact" name="test_contact_loss_window_rebase_never_bypasses_existing_safety_or_tracking[changes1-2.0]" time="0.000" /><testcase classname="tests.unit.test_semantic_capture_assist_recontact" name="test_contact_loss_window_rebase_never_bypasses_existing_safety_or_tracking[changes2-3.0]" time="0.000" /><testcase classname="tests.unit.test_semantic_capture_assist_recontact" name="test_contact_loss_window_rebase_never_bypasses_existing_safety_or_tracking[changes3-6.0]" time="0.000" /><testcase classname="tests.unit.test_semantic_capture_assist_recontact" name="test_feedback_revision_is_explicit_nonnumeric_without_changing_twelve_features" time="0.000" /><testcase classname="tests.unit.test_semantic_capture_assist_recontact" name="test_native_auditor_independently_reconstructs_new_recontact_state_transition" time="0.004" /><testcase classname="tests.unit.test_semantic_p05_capture_handoff_v2" name="test_real_capture_remains_rolling_for_only_remaining_decision_ticks[1]" time="4.850" /><testcase classname="tests.unit.test_semantic_p05_capture_handoff_v2" name="test_real_capture_remains_rolling_for_only_remaining_decision_ticks[2]" time="0.028" /><testcase classname="tests.unit.test_semantic_p05_capture_handoff_v2" name="test_real_capture_remains_rolling_for_only_remaining_decision_ticks[3]" time="0.030" /><testcase classname="tests.unit.test_semantic_p05_capture_handoff_v2" name="test_real_capture_remains_rolling_for_only_remaining_decision_ticks[4]" time="0.030" /><testcase classname="tests.unit.test_semantic_p05_capture_handoff_v2" name="test_real_capture_remains_rolling_for_only_remaining_decision_ticks[5]" time="0.027" /><testcase classname="tests.unit.test_semantic_p05_capture_handoff_v2" name="test_real_capture_remains_rolling_for_only_remaining_decision_ticks[6]" time="0.031" /><testcase classname="tests.unit.test_semantic_p05_capture_handoff_v2" name="test_real_capture_remains_rolling_for_only_remaining_decision_ticks[7]" time="0.028" /><testcase classname="tests.unit.test_semantic_p05_capture_handoff_v2" name="test_capture_at_decision_boundary_uses_real_p06_tick_zero_once" time="0.018" /><testcase classname="tests.unit.test_semantic_p05_capture_handoff_v2" name="test_legacy_modes_keep_the_original_old_stop_gap[None]" time="0.027" /><testcase classname="tests.unit.test_semantic_p05_capture_handoff_v2" name="test_legacy_modes_keep_the_original_old_stop_gap[current_FL_capture_wheel_continuation_v1]" time="0.028" /><testcase classname="tests.unit.test_semantic_p05_capture_handoff_v2" name="test_historical_placement_is_not_current_verified_capture_or_start_authority[air]" time="0.020" /><testcase classname="tests.unit.test_semantic_p05_capture_handoff_v2" name="test_historical_placement_is_not_current_verified_capture_or_start_authority[ground]" time="0.021" /><testcase classname="tests.unit.test_semantic_p05_capture_handoff_v2" name="test_historical_placement_is_not_current_verified_capture_or_start_authority[outside_xy]" time="0.020" /><testcase classname="tests.unit.test_semantic_p05_capture_handoff_v2" name="test_historical_placement_is_not_current_verified_capture_or_start_authority[no_top]" time="0.018" /><testcase classname="tests.unit.test_semantic_p05_capture_handoff_v2" name="test_historical_placement_is_not_current_verified_capture_or_start_authority[no_support]" time="0.022" /><testcase classname="tests.unit.test_semantic_p05_capture_handoff_v2" name="test_historical_placement_is_not_current_verified_capture_or_start_authority[unknown_bearing]" time="0.035" /><testcase classname="tests.unit.test_semantic_p05_capture_handoff_v2" name="test_historical_placement_is_not_current_verified_capture_or_start_authority[unknown_air]" time="0.037" /><testcase classname="tests.unit.test_semantic_p05_capture_handoff_v2" name="test_historical_placement_is_not_current_verified_capture_or_start_authority[one_other_support]" time="0.035" /><testcase classname="tests.unit.test_semantic_p05_capture_handoff_v2" name="test_historical_placement_is_not_current_verified_capture_or_start_authority[bad_gap]" time="0.021" /><testcase classname="tests.unit.test_semantic_p05_capture_handoff_v2" name="test_historical_placement_is_not_current_verified_capture_or_start_authority[beyond_approach]" time="0.032" /><testcase classname="tests.unit.test_semantic_p05_capture_handoff_v2" name="test_historical_placement_is_not_current_verified_capture_or_start_authority[not_placed]" time="0.021" /><testcase classname="tests.unit.test_semantic_p05_capture_handoff_v2" name="test_historical_placement_is_not_current_verified_capture_or_start_authority[no_previous_roll]" time="0.022" /><testcase classname="tests.unit.test_semantic_p05_capture_handoff_v2" name="test_historical_placement_is_not_current_verified_capture_or_start_authority[terminal]" time="0.020" /><testcase classname="tests.unit.test_semantic_p05_capture_handoff_v2" name="test_historical_placement_is_not_current_verified_capture_or_start_authority[invalid]" time="0.018" /><testcase classname="tests.unit.test_semantic_p05_capture_handoff_v2" name="test_fresh_wheel_stop_in_any_actual_continuous_layer_has_precedence[current]" time="0.038" /><testcase classname="tests.unit.test_semantic_p05_capture_handoff_v2" name="test_fresh_wheel_stop_in_any_actual_continuous_layer_has_precedence[older]" time="0.035" /><testcase classname="tests.unit.test_semantic_p05_capture_handoff_v2" name="test_missed_handoff_boundary_cannot_extend_bridge_or_restart_on_next_tick" time="0.028" /><testcase classname="tests.unit.test_semantic_p05_capture_handoff_v2" name="test_unknown_capture_mode_rejected_by_provider[unknown]" time="0.016" /><testcase classname="tests.unit.test_semantic_p05_capture_handoff_v2" name="test_unknown_capture_mode_rejected_by_provider[True]" time="0.017" /><testcase classname="tests.unit.test_semantic_p05_capture_handoff_v2" name="test_unknown_capture_mode_rejected_by_provider[1]" time="0.016" /><testcase classname="tests.unit.test_semantic_p05_capture_handoff_v2" name="test_v2_requires_current_continuous_source_dependencies[reference]" time="0.018" /><testcase classname="tests.unit.test_semantic_p05_capture_handoff_v2" name="test_v2_requires_current_continuous_source_dependencies[inheritance]" time="0.015" /><testcase classname="tests.unit.test_semantic_p05_capture_handoff_v2" name="test_v2_requires_current_continuous_source_dependencies[physical]" time="0.016" /><testcase classname="tests.unit.test_semantic_p05_capture_handoff_v2" name="test_nonzero_residual_and_native_mapper_history_survive_actual_capture_handoff" time="0.137" /><testcase classname="tests.unit.test_semantic_continuous_v3" name="test_whole_body_initial_clearance_does_not_require_rr_joint_motion_or_count_crossing" time="0.016" /><testcase classname="tests.unit.test_semantic_continuous_v3" name="test_two_nonhistorical_whole_body_entries_earn_same_qualification[-20.0]" time="0.017" /><testcase classname="tests.unit.test_semantic_continuous_v3" name="test_two_nonhistorical_whole_body_entries_earn_same_qualification[15.0]" time="0.018" /><testcase classname="tests.unit.test_semantic_continuous_v3" name="test_invalid_airborne_motion_never_earns_active_crossing[collision]" time="0.017" /><testcase classname="tests.unit.test_semantic_continuous_v3" name="test_invalid_airborne_motion_never_earns_active_crossing[fall]" time="0.017" /><testcase classname="tests.unit.test_semantic_continuous_v3" name="test_invalid_airborne_motion_never_earns_active_crossing[wheel_wall]" time="0.015" /><testcase classname="tests.unit.test_semantic_continuous_v3" name="test_invalid_airborne_motion_never_earns_active_crossing[no_motion]" time="0.017" /><testcase classname="tests.unit.test_semantic_continuous_v3" name="test_invalid_airborne_motion_never_earns_active_crossing[descent]" time="0.016" /><testcase classname="tests.unit.test_semantic_continuous_v3" name="test_obstacle_contact_does_not_forbid_fresh_actuated_corrective_lift" time="0.018" /><testcase classname="tests.unit.test_semantic_continuous_v3" name="test_ground_revokes_current_whole_body_qualification_but_retry_keeps_history" time="0.018" /><testcase classname="tests.unit.test_semantic_continuous_v3" name="test_fl_preparation_air_preserves_placement_not_current_load" time="0.020" /><testcase classname="tests.unit.test_semantic_continuous_v3" name="test_p08_air_history_survives_p09_handoff_and_phi_does_not_depend_on_label" time="0.038" /><testcase classname="tests.unit.test_semantic_continuous_v3" name="test_unfinished_p08_support_motion_continues_under_p09_without_old_entry_restore" time="0.033" /><testcase classname="tests.unit.test_semantic_continuous_v3" name="test_rear_advisory_joint_motion_does_not_require_its_front_endpoint[P09-RR-7-250]" time="0.075" /><testcase classname="tests.unit.test_semantic_continuous_v3" name="test_rear_advisory_joint_motion_does_not_require_its_front_endpoint[P12-RL-5-600]" time="0.113" /><testcase classname="tests.unit.test_semantic_continuous_v3" name="test_phase_bridge_keeps_all_live_residual_channels_without_global_zero[pair0]" time="0.034" /><testcase classname="tests.unit.test_semantic_continuous_v3" name="test_phase_bridge_keeps_all_live_residual_channels_without_global_zero[pair1]" time="0.034" /><testcase classname="tests.unit.test_semantic_continuous_v3" name="test_phase_bridge_keeps_all_live_residual_channels_without_global_zero[pair2]" time="0.035" /><testcase classname="tests.unit.test_semantic_continuous_v3" name="test_phase_bridge_keeps_all_live_residual_channels_without_global_zero[pair3]" time="0.034" /><testcase classname="tests.unit.test_semantic_continuous_v3" name="test_phase_bridge_keeps_all_live_residual_channels_without_global_zero[pair4]" time="0.034" /><testcase classname="tests.unit.test_semantic_continuous_v3" name="test_phase_bridge_keeps_all_live_residual_channels_without_global_zero[pair5]" time="0.034" /><testcase classname="tests.unit.test_semantic_continuous_v3" name="test_phase_bridge_keeps_all_live_residual_channels_without_global_zero[pair6]" time="0.102" /><testcase classname="tests.unit.test_semantic_continuous_v3" name="test_phase_bridge_keeps_all_live_residual_channels_without_global_zero[pair7]" time="0.038" /><testcase classname="tests.unit.test_semantic_continuous_v3" name="test_phase_bridge_keeps_all_live_residual_channels_without_global_zero[pair8]" time="0.037" /><testcase classname="tests.unit.test_semantic_continuous_v3" name="test_initial_departure_is_not_rebound_but_post_touchdown_passive_rebound_is" time="0.013" /><testcase classname="tests.unit.test_semantic_continuous_v3" name="test_touchdown_tick_retains_real_whole_body_command_change[command0-True]" time="0.006" /><testcase classname="tests.unit.test_semantic_continuous_v3" name="test_touchdown_tick_retains_real_whole_body_command_change[command1-False]" time="0.006" /><testcase classname="tests.unit.test_semantic_continuous_v3" name="test_touchdown_tick_retains_real_whole_body_command_change[command2-False]" time="0.007" /><testcase classname="tests.unit.test_semantic_continuous_v3" name="test_future_unloaded_leg_does_not_discount_current_physical_target[P01]" time="0.015" /><testcase classname="tests.unit.test_semantic_continuous_v3" name="test_future_unloaded_leg_does_not_discount_current_physical_target[P06]" time="0.016" /><testcase classname="tests.unit.test_semantic_continuous_v3" name="test_future_unloaded_leg_does_not_discount_current_physical_target[P08]" time="0.015" /><testcase classname="tests.unit.test_semantic_continuous_v3" name="test_future_unloaded_leg_does_not_discount_current_physical_target[P09]" time="0.015" /><testcase classname="tests.unit.test_semantic_continuous_v3" name="test_future_unloaded_leg_does_not_discount_current_physical_target[P13]" time="0.015" /><testcase classname="tests.unit.test_semantic_continuous_v3" name="test_transfer_eligibility_uses_actual_placement_history_not_phase[placed0-FR]" time="0.030" /><testcase classname="tests.unit.test_semantic_continuous_v3" name="test_transfer_eligibility_uses_actual_placement_history_not_phase[placed1-FL]" time="0.033" /><testcase classname="tests.unit.test_semantic_continuous_v3" name="test_transfer_eligibility_uses_actual_placement_history_not_phase[placed2-RR]" time="0.034" /><testcase classname="tests.unit.test_semantic_continuous_v3" name="test_transfer_eligibility_uses_actual_placement_history_not_phase[placed3-RL]" time="0.036" /><testcase classname="tests.unit.test_semantic_continuous_v3" name="test_transfer_eligibility_uses_actual_placement_history_not_phase[placed4-None]" time="0.041" /><testcase classname="tests.unit.test_semantic_continuous_v3" name="test_nominal_and_residual_changes_are_diagnostic_when_applied_is_constant" time="0.005" /><testcase classname="tests.unit.test_semantic_continuous_v3" name="test_real_env_phase_change_is_not_done_and_new_ranges_reach_meaningful_targets" time="0.045" /><testcase classname="tests.unit.test_semantic_continuous_v3" name="test_v3_failure_bound_success_and_no_cycle_or_stall_bonus" time="0.006" /><testcase classname="tests.unit.test_semantic_continuous_stop_progress" name="test_actual_evaluator_preserves_signed_order_clock_source_and_hard_maxima" time="0.041" /><testcase classname="tests.unit.test_semantic_continuous_stop_progress" name="test_json_round_trip_lists_preserve_finish_and_global_potential" time="0.040" /><testcase classname="tests.unit.test_semantic_continuous_stop_progress" name="test_each_type_has_strict_above_and_below_threshold_progress[speeds-0.25]" time="0.099" /><testcase classname="tests.unit.test_semantic_continuous_stop_progress" name="test_each_type_has_strict_above_and_below_threshold_progress[commands-0.02]" time="0.100" /><testcase classname="tests.unit.test_semantic_continuous_stop_progress" name="test_each_type_has_strict_above_and_below_threshold_progress[linear-0.05]" time="0.097" /><testcase classname="tests.unit.test_semantic_continuous_stop_progress" name="test_each_type_has_strict_above_and_below_threshold_progress[angular-0.3]" time="0.094" /><testcase classname="tests.unit.test_semantic_continuous_stop_progress" name="test_exact_threshold_is_continuous_half_progress_not_new_hard_zero" time="0.066" /><testcase classname="tests.unit.test_semantic_continuous_stop_progress" name="test_nonmaximum_wheel_changes_only_its_existing_one_sixteenth_control_share[0-speeds-0.25]" time="0.051" /><testcase classname="tests.unit.test_semantic_continuous_stop_progress" name="test_nonmaximum_wheel_changes_only_its_existing_one_sixteenth_control_share[0-commands-0.02]" time="0.054" /><testcase classname="tests.unit.test_semantic_continuous_stop_progress" name="test_nonmaximum_wheel_changes_only_its_existing_one_sixteenth_control_share[1-speeds-0.25]" time="0.054" /><testcase classname="tests.unit.test_semantic_continuous_stop_progress" name="test_nonmaximum_wheel_changes_only_its_existing_one_sixteenth_control_share[1-commands-0.02]" time="0.055" /><testcase classname="tests.unit.test_semantic_continuous_stop_progress" name="test_nonmaximum_wheel_changes_only_its_existing_one_sixteenth_control_share[2-speeds-0.25]" time="0.053" /><testcase classname="tests.unit.test_semantic_continuous_stop_progress" name="test_nonmaximum_wheel_changes_only_its_existing_one_sixteenth_control_share[2-commands-0.02]" time="0.056" /><testcase classname="tests.unit.test_semantic_continuous_stop_progress" name="test_nonmaximum_wheel_changes_only_its_existing_one_sixteenth_control_share[3-speeds-0.25]" time="0.058" /><testcase classname="tests.unit.test_semantic_continuous_stop_progress" name="test_nonmaximum_wheel_changes_only_its_existing_one_sixteenth_control_share[3-commands-0.02]" time="0.055" /><testcase classname="tests.unit.test_semantic_continuous_stop_progress" name="test_four_types_have_equal_weight_and_no_duplicate_legacy_command_term" time="0.174" /><testcase classname="tests.unit.test_semantic_continuous_stop_progress" name="test_signs_and_wheel_permutation_preserve_soft_aggregate" time="0.069" /><testcase classname="tests.unit.test_semantic_continuous_stop_progress" name="test_phase_label_independence_finish_history_activation_and_preserved_coefficients" time="0.241" /><testcase classname="tests.unit.test_semantic_continuous_stop_progress" name="test_real_reward_uses_only_existing_single_pbrs_term_and_can_be_negative_while_improving[legacy_v3_gamma_0995]" time="0.068" /><testcase classname="tests.unit.test_semantic_continuous_stop_progress" name="test_real_reward_uses_only_existing_single_pbrs_term_and_can_be_negative_while_improving[current_v3_gamma_09985]" time="0.059" /><testcase classname="tests.unit.test_semantic_continuous_stop_progress" name="test_real_terminal_reward_absorbs_phi_and_never_bootstraps[SUCCESS-True]" time="0.044" /><testcase classname="tests.unit.test_semantic_continuous_stop_progress" name="test_real_terminal_reward_absorbs_phi_and_never_bootstraps[BODY_COLLISION-False]" time="0.046" /><testcase classname="tests.unit.test_semantic_continuous_stop_progress" name="test_real_terminal_reward_absorbs_phi_and_never_bootstraps[INCOMPLETE_CONTROLLER_BLOCKED-False]" time="0.040" /><testcase classname="tests.unit.test_semantic_continuous_stop_progress" name="test_real_terminal_reward_absorbs_phi_and_never_bootstraps[TASK_TIMEOUT-False]" time="0.040" /><testcase classname="tests.unit.test_semantic_continuous_stop_progress" name="test_hovering_is_not_a_bonus_and_terminal_discounted_shaping_telescopes[legacy_v3_gamma_0995]" time="0.087" /><testcase classname="tests.unit.test_semantic_continuous_stop_progress" name="test_hovering_is_not_a_bonus_and_terminal_discounted_shaping_telescopes[current_v3_gamma_09985]" time="0.081" /><testcase classname="tests.unit.test_semantic_continuous_stop_progress" name="test_soft_control_cannot_bypass_any_existing_hard_requirement[speed]" time="0.069" /><testcase classname="tests.unit.test_semantic_continuous_stop_progress" name="test_soft_control_cannot_bypass_any_existing_hard_requirement[command]" time="0.082" /><testcase classname="tests.unit.test_semantic_continuous_stop_progress" name="test_soft_control_cannot_bypass_any_existing_hard_requirement[linear]" time="0.058" /><testcase classname="tests.unit.test_semantic_continuous_stop_progress" name="test_soft_control_cannot_bypass_any_existing_hard_requirement[angular]" time="0.065" /><testcase classname="tests.unit.test_semantic_continuous_stop_progress" name="test_soft_control_cannot_bypass_any_existing_hard_requirement[region]" time="0.064" /><testcase classname="tests.unit.test_semantic_continuous_stop_progress" name="test_soft_control_cannot_bypass_any_existing_hard_requirement[support]" time="0.069" /><testcase classname="tests.unit.test_semantic_continuous_stop_progress" name="test_soft_control_cannot_bypass_any_existing_hard_requirement[collision]" time="0.071" /><testcase classname="tests.unit.test_semantic_continuous_stop_progress" name="test_soft_control_cannot_bypass_any_existing_hard_requirement[fall]" time="0.056" /><testcase classname="tests.unit.test_semantic_continuous_stop_progress" name="test_soft_control_cannot_bypass_any_existing_hard_requirement[joint_limit]" time="0.064" /><testcase classname="tests.unit.test_semantic_continuous_stop_progress" name="test_missing_earned_history_and_zero_speed_do_not_complete" time="0.031" /><testcase classname="tests.unit.test_semantic_continuous_stop_progress" name="test_exact_existing_rate_thresholds_complete_after_same_continuous_half_second" time="0.075" /><testcase classname="tests.unit.test_semantic_continuous_stop_progress" name="test_missing_malformed_or_nonfinite_new_snapshot_vectors_fail_explicitly[None-measured_wheel_velocity_rad_s]" time="0.035" /><testcase classname="tests.unit.test_semantic_continuous_stop_progress" name="test_missing_malformed_or_nonfinite_new_snapshot_vectors_fail_explicitly[None-applied_wheel_command_rad_s]" time="0.036" /><testcase classname="tests.unit.test_semantic_continuous_stop_progress" name="test_missing_malformed_or_nonfinite_new_snapshot_vectors_fail_explicitly[bad1-measured_wheel_velocity_rad_s]" time="0.036" /><testcase classname="tests.unit.test_semantic_continuous_stop_progress" name="test_missing_malformed_or_nonfinite_new_snapshot_vectors_fail_explicitly[bad1-applied_wheel_command_rad_s]" time="0.036" /><testcase classname="tests.unit.test_semantic_continuous_stop_progress" name="test_missing_malformed_or_nonfinite_new_snapshot_vectors_fail_explicitly[bad2-measured_wheel_velocity_rad_s]" time="0.046" /><testcase classname="tests.unit.test_semantic_continuous_stop_progress" name="test_missing_malformed_or_nonfinite_new_snapshot_vectors_fail_explicitly[bad2-applied_wheel_command_rad_s]" time="0.048" /><testcase classname="tests.unit.test_semantic_continuous_stop_progress" name="test_missing_malformed_or_nonfinite_new_snapshot_vectors_fail_explicitly[bad3-measured_wheel_velocity_rad_s]" time="0.041" /><testcase classname="tests.unit.test_semantic_continuous_stop_progress" name="test_missing_malformed_or_nonfinite_new_snapshot_vectors_fail_explicitly[bad3-applied_wheel_command_rad_s]" time="0.037" /><testcase classname="tests.unit.test_semantic_continuous_stop_progress" name="test_missing_malformed_or_nonfinite_new_snapshot_vectors_fail_explicitly[bad4-measured_wheel_velocity_rad_s]" time="0.035" /><testcase classname="tests.unit.test_semantic_continuous_stop_progress" name="test_missing_malformed_or_nonfinite_new_snapshot_vectors_fail_explicitly[bad4-applied_wheel_command_rad_s]" time="0.038" /><testcase classname="tests.unit.test_semantic_continuous_stop_progress" name="test_missing_malformed_or_nonfinite_new_snapshot_vectors_fail_explicitly[bad5-measured_wheel_velocity_rad_s]" time="0.038" /><testcase classname="tests.unit.test_semantic_continuous_stop_progress" name="test_missing_malformed_or_nonfinite_new_snapshot_vectors_fail_explicitly[bad5-applied_wheel_command_rad_s]" time="0.036" /><testcase classname="tests.unit.test_semantic_continuous_stop_progress" name="test_missing_malformed_or_nonfinite_new_snapshot_vectors_fail_explicitly[bad6-measured_wheel_velocity_rad_s]" time="0.038" /><testcase classname="tests.unit.test_semantic_continuous_stop_progress" name="test_missing_malformed_or_nonfinite_new_snapshot_vectors_fail_explicitly[bad6-applied_wheel_command_rad_s]" time="0.036" /><testcase classname="tests.unit.test_semantic_continuous_stop_progress" name="test_missing_or_wrong_measured_wheel_order_is_rejected[None]" time="0.038" /><testcase classname="tests.unit.test_semantic_continuous_stop_progress" name="test_missing_or_wrong_measured_wheel_order_is_rejected[order1]" time="0.034" /><testcase classname="tests.unit.test_semantic_continuous_stop_progress" name="test_missing_or_wrong_measured_wheel_order_is_rejected[order2]" time="0.035" /><testcase classname="tests.unit.test_semantic_continuous_stop_progress" name="test_live_measurements_cannot_be_replaced_by_zero[None-velocity_rad_s]" time="0.022" /><testcase classname="tests.unit.test_semantic_continuous_stop_progress" name="test_live_measurements_cannot_be_replaced_by_zero[None-command_rad_s]" time="0.021" /><testcase classname="tests.unit.test_semantic_continuous_stop_progress" name="test_live_measurements_cannot_be_replaced_by_zero[True-velocity_rad_s]" time="0.021" /><testcase classname="tests.unit.test_semantic_continuous_stop_progress" name="test_live_measurements_cannot_be_replaced_by_zero[True-command_rad_s]" time="0.022" /><testcase classname="tests.unit.test_semantic_continuous_stop_progress" name="test_live_measurements_cannot_be_replaced_by_zero[nan-velocity_rad_s]" time="0.021" /><testcase classname="tests.unit.test_semantic_continuous_stop_progress" name="test_live_measurements_cannot_be_replaced_by_zero[nan-command_rad_s]" time="0.021" /><testcase classname="tests.unit.test_semantic_continuous_stop_progress" name="test_live_measurements_cannot_be_replaced_by_zero[inf-velocity_rad_s]" time="0.021" /><testcase classname="tests.unit.test_semantic_continuous_stop_progress" name="test_live_measurements_cannot_be_replaced_by_zero[inf-command_rad_s]" time="0.022" /><testcase classname="tests.unit.test_semantic_continuous_stop_progress" name="test_loader_rejects_nonpositive_or_nonfinite_existing_tolerances[0.0-maximum_wheel_speed_rad_s]" time="0.059" /><testcase classname="tests.unit.test_semantic_continuous_stop_progress" name="test_loader_rejects_nonpositive_or_nonfinite_existing_tolerances[0.0-maximum_commanded_wheel_speed_rad_s]" time="0.056" /><testcase classname="tests.unit.test_semantic_continuous_stop_progress" name="test_loader_rejects_nonpositive_or_nonfinite_existing_tolerances[0.0-maximum_body_linear_speed_m_s]" time="0.054" /><testcase classname="tests.unit.test_semantic_continuous_stop_progress" name="test_loader_rejects_nonpositive_or_nonfinite_existing_tolerances[0.0-maximum_body_angular_speed_rad_s]" time="0.067" /><testcase classname="tests.unit.test_semantic_continuous_stop_progress" name="test_loader_rejects_nonpositive_or_nonfinite_existing_tolerances[-0.01-maximum_wheel_speed_rad_s]" time="0.052" /><testcase classname="tests.unit.test_semantic_continuous_stop_progress" name="test_loader_rejects_nonpositive_or_nonfinite_existing_tolerances[-0.01-maximum_commanded_wheel_speed_rad_s]" time="0.064" /><testcase classname="tests.unit.test_semantic_continuous_stop_progress" name="test_loader_rejects_nonpositive_or_nonfinite_existing_tolerances[-0.01-maximum_body_linear_speed_m_s]" time="0.054" /><testcase classname="tests.unit.test_semantic_continuous_stop_progress" name="test_loader_rejects_nonpositive_or_nonfinite_existing_tolerances[-0.01-maximum_body_angular_speed_rad_s]" time="0.060" /><testcase classname="tests.unit.test_semantic_continuous_stop_progress" name="test_loader_rejects_nonpositive_or_nonfinite_existing_tolerances[nan-maximum_wheel_speed_rad_s]" time="0.057" /><testcase classname="tests.unit.test_semantic_continuous_stop_progress" name="test_loader_rejects_nonpositive_or_nonfinite_existing_tolerances[nan-maximum_commanded_wheel_speed_rad_s]" time="0.063" /><testcase classname="tests.unit.test_semantic_continuous_stop_progress" name="test_loader_rejects_nonpositive_or_nonfinite_existing_tolerances[nan-maximum_body_linear_speed_m_s]" time="0.065" /><testcase classname="tests.unit.test_semantic_continuous_stop_progress" name="test_loader_rejects_nonpositive_or_nonfinite_existing_tolerances[nan-maximum_body_angular_speed_rad_s]" time="0.060" /><testcase classname="tests.unit.test_semantic_continuous_stop_progress" name="test_loader_rejects_nonpositive_or_nonfinite_existing_tolerances[inf-maximum_wheel_speed_rad_s]" time="0.065" /><testcase classname="tests.unit.test_semantic_continuous_stop_progress" name="test_loader_rejects_nonpositive_or_nonfinite_existing_tolerances[inf-maximum_commanded_wheel_speed_rad_s]" time="0.059" /><testcase classname="tests.unit.test_semantic_continuous_stop_progress" name="test_loader_rejects_nonpositive_or_nonfinite_existing_tolerances[inf-maximum_body_linear_speed_m_s]" time="0.057" /><testcase classname="tests.unit.test_semantic_continuous_stop_progress" name="test_loader_rejects_nonpositive_or_nonfinite_existing_tolerances[inf-maximum_body_angular_speed_rad_s]" time="0.056" /><testcase classname="tests.unit.test_semantic_continuous_stop_progress" name="test_loader_rejects_nonpositive_or_nonfinite_existing_tolerances[True-maximum_wheel_speed_rad_s]" time="0.056" /><testcase classname="tests.unit.test_semantic_continuous_stop_progress" name="test_loader_rejects_nonpositive_or_nonfinite_existing_tolerances[True-maximum_commanded_wheel_speed_rad_s]" time="0.060" /><testcase classname="tests.unit.test_semantic_continuous_stop_progress" name="test_loader_rejects_nonpositive_or_nonfinite_existing_tolerances[True-maximum_body_linear_speed_m_s]" time="0.064" /><testcase classname="tests.unit.test_semantic_continuous_stop_progress" name="test_loader_rejects_nonpositive_or_nonfinite_existing_tolerances[True-maximum_body_angular_speed_rad_s]" time="0.060" /><testcase classname="tests.unit.test_semantic_continuous_stop_progress" name="test_loader_requires_explicit_known_mode_and_compatible_progress[unknown]" time="0.061" /><testcase classname="tests.unit.test_semantic_continuous_stop_progress" name="test_loader_requires_explicit_known_mode_and_compatible_progress[missing_global]" time="0.066" /><testcase classname="tests.unit.test_semantic_continuous_stop_progress" name="test_loader_requires_explicit_known_mode_and_compatible_progress[missing_physical_stop]" time="0.070" /><testcase classname="tests.unit.test_semantic_continuous_stop_progress" name="test_absent_mode_preserves_old_v3_formulas_and_v2_payload_home_gate" time="0.181" /><testcase classname="tests.unit.test_semantic_continuous_stop_progress" name="test_new_diagnostics_do_not_expand_existing_role372_or_change_other_encoder_groups" time="0.119" /><testcase classname="tests.unit.test_semantic_source_partial_order_v1" name="test_quick_semantic_handoffs_do_not_start_pending_source_clocks" time="0.246" /><testcase classname="tests.unit.test_semantic_source_partial_order_v1" name="test_fl_actual_space_releases_whole_fr_atomic_group_without_catchup" time="0.155" /><testcase classname="tests.unit.test_semantic_source_partial_order_v1" name="test_p08_needs_completed_p07_and_current_space_fr_response[source_not_ended]" time="0.199" /><testcase classname="tests.unit.test_semantic_source_partial_order_v1" name="test_p08_needs_completed_p07_and_current_space_fr_response[no_fr_response]" time="0.201" /><testcase classname="tests.unit.test_semantic_source_partial_order_v1" name="test_p08_needs_completed_p07_and_current_space_fr_response[fr_not_support]" time="0.203" /><testcase classname="tests.unit.test_semantic_source_partial_order_v1" name="test_p08_needs_completed_p07_and_current_space_fr_response[space_lost]" time="0.195" /><testcase classname="tests.unit.test_semantic_source_partial_order_v1" name="test_delayed_p08_starts_at_local_zero_then_p09_waits_for_rl_and_rr_response" time="0.274" /><testcase classname="tests.unit.test_semantic_source_partial_order_v1" name="test_current_valid_whole_body_rr_lift_continues_without_own_joint_motion" time="0.141" /><testcase classname="tests.unit.test_semantic_source_partial_order_v1" name="test_authored_p07_wheel_stop_owns_all_four_wheels_after_p06" time="0.180" /><testcase classname="tests.unit.test_semantic_source_partial_order_v1" name="test_old_mode_keeps_fast_layer_clocks_and_no_new_sequence_receipt" time="0.150" /><testcase classname="tests.unit.test_semantic_source_partial_order_v1" name="test_p09_extra_carry_feedback_cannot_override_p07_atomic_pulse_or_stop" time="0.188" /><testcase classname="tests.unit.test_semantic_source_partial_order_v1" name="test_sequence_mode_does_not_change_unrelated_phase_paths[P01]" time="0.395" /><testcase classname="tests.unit.test_semantic_source_partial_order_v1" name="test_sequence_mode_does_not_change_unrelated_phase_paths[P02]" time="0.336" /><testcase classname="tests.unit.test_semantic_source_partial_order_v1" name="test_sequence_mode_does_not_change_unrelated_phase_paths[P03]" time="0.314" /><testcase classname="tests.unit.test_semantic_source_partial_order_v1" name="test_sequence_mode_does_not_change_unrelated_phase_paths[P04]" time="0.403" /><testcase classname="tests.unit.test_semantic_source_partial_order_v1" name="test_sequence_mode_does_not_change_unrelated_phase_paths[P05]" time="0.330" /><testcase classname="tests.unit.test_semantic_source_partial_order_v1" name="test_sequence_mode_does_not_change_unrelated_phase_paths[P06]" time="0.328" /><testcase classname="tests.unit.test_semantic_source_partial_order_v1" name="test_sequence_mode_does_not_change_unrelated_phase_paths[P10]" time="0.404" /><testcase classname="tests.unit.test_semantic_source_partial_order_v1" name="test_sequence_mode_does_not_change_unrelated_phase_paths[P11]" time="0.372" /><testcase classname="tests.unit.test_semantic_source_partial_order_v1" name="test_sequence_mode_does_not_change_unrelated_phase_paths[P12]" time="0.306" /><testcase classname="tests.unit.test_semantic_source_partial_order_v1" name="test_sequence_mode_does_not_change_unrelated_phase_paths[P13]" time="0.413" /><testcase classname="tests.unit.test_semantic_p09_late_reconfiguration_guard" name="test_verified_source_is_stop640_then_late648_with_original_atomic_channels" time="0.151" /><testcase classname="tests.unit.test_semantic_p09_late_reconfiguration_guard" name="test_corner_holds_source_clock_and_current_owners_but_can_create_crossing" time="0.177" /><testcase classname="tests.unit.test_semantic_p09_late_reconfiguration_guard" name="test_legal_current_over_platform_entry_does_not_require_full_capture_or_fixed_hover[True-0.0]" time="0.137" /><testcase classname="tests.unit.test_semantic_p09_late_reconfiguration_guard" name="test_legal_current_over_platform_entry_does_not_require_full_capture_or_fixed_hover[True-0.013059]" time="0.136" /><testcase classname="tests.unit.test_semantic_p09_late_reconfiguration_guard" name="test_legal_current_over_platform_entry_does_not_require_full_capture_or_fixed_hover[True-0.1]" time="0.148" /><testcase classname="tests.unit.test_semantic_p09_late_reconfiguration_guard" name="test_legal_current_over_platform_entry_does_not_require_full_capture_or_fixed_hover[False--0.015]" time="0.231" /><testcase classname="tests.unit.test_semantic_p09_late_reconfiguration_guard" name="test_legal_current_over_platform_entry_does_not_require_full_capture_or_fixed_hover[False-0.025]" time="0.157" /><testcase classname="tests.unit.test_semantic_p09_late_reconfiguration_guard" name="test_air_entry_rejects_current_invalid_geometry_or_q[front_distance_m--1e-05]" time="0.146" /><testcase classname="tests.unit.test_semantic_p09_late_reconfiguration_guard" name="test_air_entry_rejects_current_invalid_geometry_or_q[within_top_xy-False]" time="0.140" /><testcase classname="tests.unit.test_semantic_p09_late_reconfiguration_guard" name="test_air_entry_rejects_current_invalid_geometry_or_q[within_lateral_span-False]" time="0.135" /><testcase classname="tests.unit.test_semantic_p09_late_reconfiguration_guard" name="test_air_entry_rejects_current_invalid_geometry_or_q[ground_contact-True]" time="0.157" /><testcase classname="tests.unit.test_semantic_p09_late_reconfiguration_guard" name="test_air_entry_rejects_current_invalid_geometry_or_q[current_lift_valid-False]" time="0.233" /><testcase classname="tests.unit.test_semantic_p09_late_reconfiguration_guard" name="test_air_entry_rejects_current_invalid_geometry_or_q[motion_continuation_allowed-False]" time="0.158" /><testcase classname="tests.unit.test_semantic_p09_late_reconfiguration_guard" name="test_air_entry_rejects_current_invalid_geometry_or_q[clearance_m--1e-05]" time="0.147" /><testcase classname="tests.unit.test_semantic_p09_late_reconfiguration_guard" name="test_air_entry_rejects_current_invalid_geometry_or_q[clearance_m-nan]" time="0.166" /><testcase classname="tests.unit.test_semantic_p09_late_reconfiguration_guard" name="test_air_entry_rejects_current_invalid_geometry_or_q[front_distance_m-None]" time="0.153" /><testcase classname="tests.unit.test_semantic_p09_late_reconfiguration_guard" name="test_top_entry_requires_current_legal_surface_and_bearing[contact_surface-FRONT_WALL]" time="0.159" /><testcase classname="tests.unit.test_semantic_p09_late_reconfiguration_guard" name="test_top_entry_requires_current_legal_surface_and_bearing[top_geometry-False]" time="0.258" /><testcase classname="tests.unit.test_semantic_p09_late_reconfiguration_guard" name="test_top_entry_requires_current_legal_surface_and_bearing[top_surface_contact-False]" time="0.146" /><testcase classname="tests.unit.test_semantic_p09_late_reconfiguration_guard" name="test_top_entry_requires_current_legal_surface_and_bearing[obstacle_pair_active-False]" time="0.156" /><testcase classname="tests.unit.test_semantic_p09_late_reconfiguration_guard" name="test_top_entry_requires_current_legal_surface_and_bearing[bearing_verified-False]" time="0.183" /><testcase classname="tests.unit.test_semantic_p09_late_reconfiguration_guard" name="test_top_entry_requires_current_legal_surface_and_bearing[bearing_force_n-0.199]" time="0.161" /><testcase classname="tests.unit.test_semantic_p09_late_reconfiguration_guard" name="test_top_entry_requires_current_legal_surface_and_bearing[clearance_m--0.01501]" time="0.170" /><testcase classname="tests.unit.test_semantic_p09_late_reconfiguration_guard" name="test_top_entry_requires_current_legal_surface_and_bearing[clearance_m-0.02501]" time="0.229" /><testcase classname="tests.unit.test_semantic_p09_late_reconfiguration_guard" name="test_pending_air_feedback_can_cover_last_five_mm_without_waiting_for_contact" time="0.160" /><testcase classname="tests.unit.test_semantic_p09_late_reconfiguration_guard" name="test_two_current_other_supports_not_rr_or_unknown_load_required[only_one]" time="0.209" /><testcase classname="tests.unit.test_semantic_p09_late_reconfiguration_guard" name="test_two_current_other_supports_not_rr_or_unknown_load_required[wall_only]" time="0.147" /><testcase classname="tests.unit.test_semantic_p09_late_reconfiguration_guard" name="test_two_current_other_supports_not_rr_or_unknown_load_required[unknown_bearing]" time="0.141" /><testcase classname="tests.unit.test_semantic_p09_late_reconfiguration_guard" name="test_terminal_or_unverified_sample_cannot_unlock_or_create_pending_carry[task_terminal]" time="0.139" /><testcase classname="tests.unit.test_semantic_p09_late_reconfiguration_guard" name="test_terminal_or_unverified_sample_cannot_unlock_or_create_pending_carry[evaluator_terminal]" time="0.259" /><testcase classname="tests.unit.test_semantic_p09_late_reconfiguration_guard" name="test_terminal_or_unverified_sample_cannot_unlock_or_create_pending_carry[unknown_sensor]" time="0.144" /><testcase classname="tests.unit.test_semantic_rr_receiver_retirement_v2" name="test_v1_keeps_original_currentQ_dependency" time="0.018" /><testcase classname="tests.unit.test_semantic_rr_receiver_retirement_v2" name="test_8704_to_8712_receiver_share_only_counterexample" time="0.019" /><testcase classname="tests.unit.test_semantic_rr_receiver_retirement_v2" name="test_v2_currentQ_true_states_unchanged_and_top_capture_not_fake_support" time="0.020" /><testcase classname="tests.unit.test_semantic_rr_receiver_retirement_v2" name="test_v2_current_invalidity_cannot_keep_receiver_credit[change0]" time="0.019" /><testcase classname="tests.unit.test_semantic_rr_receiver_retirement_v2" name="test_v2_current_invalidity_cannot_keep_receiver_credit[change1]" time="0.018" /><testcase classname="tests.unit.test_semantic_rr_receiver_retirement_v2" name="test_v2_current_invalidity_cannot_keep_receiver_credit[change2]" time="0.020" /><testcase classname="tests.unit.test_semantic_rr_receiver_retirement_v2" name="test_v2_current_invalidity_cannot_keep_receiver_credit[change3]" time="0.018" /><testcase classname="tests.unit.test_semantic_rr_receiver_retirement_v2" name="test_v2_current_invalidity_cannot_keep_receiver_credit[change4]" time="0.016" /><testcase classname="tests.unit.test_semantic_rr_receiver_retirement_v2" name="test_v2_current_invalidity_cannot_keep_receiver_credit[change5]" time="0.016" /><testcase classname="tests.unit.test_semantic_rr_receiver_retirement_v2" name="test_v2_current_invalidity_cannot_keep_receiver_credit[change6]" time="0.016" /><testcase classname="tests.unit.test_semantic_rr_receiver_retirement_v2" name="test_v2_current_invalidity_cannot_keep_receiver_credit[change7]" time="0.018" /><testcase classname="tests.unit.test_semantic_rr_receiver_retirement_v2" name="test_v2_current_invalidity_cannot_keep_receiver_credit[change8]" time="0.017" /><testcase classname="tests.unit.test_semantic_rr_receiver_retirement_v2" name="test_v2_current_invalidity_cannot_keep_receiver_credit[change9]" time="0.016" /><testcase classname="tests.unit.test_semantic_rr_receiver_retirement_v2" name="test_v2_missing_required_current_evidence_is_not_credit[ground_relative_lift_m]" time="0.015" /><testcase classname="tests.unit.test_semantic_rr_receiver_retirement_v2" name="test_v2_missing_required_current_evidence_is_not_credit[front_distance_m]" time="0.016" /><testcase classname="tests.unit.test_semantic_rr_receiver_retirement_v2" name="test_v2_missing_required_current_evidence_is_not_credit[clearance_m]" time="0.016" /><testcase classname="tests.unit.test_semantic_rr_receiver_retirement_v2" name="test_v2_missing_required_current_evidence_is_not_credit[lift_established]" time="0.016" /><testcase classname="tests.unit.test_semantic_rr_receiver_retirement_v2" name="test_v2_missing_required_current_evidence_is_not_credit[motion_continuation_allowed]" time="0.016" /><testcase classname="tests.unit.test_semantic_rr_receiver_retirement_v2" name="test_v2_missing_required_current_evidence_is_not_credit[within_top_xy]" time="0.016" /><testcase classname="tests.unit.test_semantic_rr_receiver_retirement_v2" name="test_v2_missing_required_current_evidence_is_not_credit[within_lateral_span]" time="0.017" /><testcase classname="tests.unit.test_semantic_rr_receiver_retirement_v2" name="test_v2_missing_required_current_evidence_is_not_credit[ground_contact]" time="0.015" /><testcase classname="tests.unit.test_semantic_rr_receiver_retirement_v2" name="test_v2_missing_required_current_evidence_is_not_credit[air]" time="0.016" /><testcase classname="tests.unit.test_semantic_rr_receiver_retirement_v2" name="test_v2_ground_relative_measurement_must_be_finite_numeric[None]" time="0.016" /><testcase classname="tests.unit.test_semantic_rr_receiver_retirement_v2" name="test_v2_ground_relative_measurement_must_be_finite_numeric[True]" time="0.019" /><testcase classname="tests.unit.test_semantic_rr_receiver_retirement_v2" name="test_v2_ground_relative_measurement_must_be_finite_numeric[nan]" time="0.019" /><testcase classname="tests.unit.test_semantic_rr_receiver_retirement_v2" name="test_v2_ground_relative_measurement_must_be_finite_numeric[inf]" time="0.017" /><testcase classname="tests.unit.test_semantic_rr_receiver_retirement_v2" name="test_v2_ground_relative_measurement_must_be_finite_numeric[0.05]" time="0.017" /><testcase classname="tests.unit.test_semantic_rr_receiver_retirement_v2" name="test_v2_history_validity_and_leg_scope[invalid]" time="0.018" /><testcase classname="tests.unit.test_semantic_rr_receiver_retirement_v2" name="test_v2_history_validity_and_leg_scope[unsafe]" time="0.019" /><testcase classname="tests.unit.test_semantic_rr_receiver_retirement_v2" name="test_v2_history_validity_and_leg_scope[noQ]" time="0.019" /><testcase classname="tests.unit.test_semantic_rr_receiver_retirement_v2" name="test_v2_history_validity_and_leg_scope[noCross]" time="0.015" /><testcase classname="tests.unit.test_semantic_rr_receiver_retirement_v2" name="test_v2_history_validity_and_leg_scope[otherLeg]" time="0.017" /><testcase classname="tests.unit.test_semantic_rr_receiver_retirement_v2" name="test_v2_history_validity_and_leg_scope[disabled]" time="0.016" /><testcase classname="tests.unit.test_semantic_rr_receiver_retirement_v2" name="test_v2_existing_threshold_no_new_fixed_clearance" time="0.015" /><testcase classname="tests.unit.test_semantic_rr_receiver_v2_migration" name="test_v2_factor_hashes_entire_existing_aux_and_origins[3]" time="0.005" /><testcase classname="tests.unit.test_semantic_rr_receiver_v2_migration" name="test_v2_factor_hashes_entire_existing_aux_and_origins[4]" time="0.005" /><testcase classname="tests.unit.test_semantic_rr_receiver_v2_migration" name="test_v2_rejects_unrelated_or_repeated_boundary[source_none]" time="0.004" /><testcase classname="tests.unit.test_semantic_rr_receiver_v2_migration" name="test_v2_rejects_unrelated_or_repeated_boundary[source_v2]" time="0.004" /><testcase classname="tests.unit.test_semantic_rr_receiver_v2_migration" name="test_v2_rejects_unrelated_or_repeated_boundary[source_unknown]" time="0.004" /><testcase classname="tests.unit.test_semantic_rr_receiver_v2_migration" name="test_v2_rejects_unrelated_or_repeated_boundary[target_unknown]" time="0.004" /><testcase classname="tests.unit.test_semantic_rr_receiver_v2_migration" name="test_v2_rejects_unrelated_or_repeated_boundary[repeat_branch]" time="0.003" /><testcase classname="tests.unit.test_semantic_rr_receiver_v2_migration" name="test_v2_rejects_unrelated_or_repeated_boundary[repeat_receipt]" time="0.004" /><testcase classname="tests.unit.test_semantic_rr_receiver_v2_migration" name="test_v2_rejects_unrelated_or_repeated_boundary[missing_v1]" time="0.004" /><testcase classname="tests.unit.test_semantic_rr_receiver_v2_migration" name="test_v2_rejects_unrelated_or_repeated_boundary[missing_front_aux]" time="0.004" /><testcase classname="tests.unit.test_semantic_rr_receiver_v2_migration" name="test_v2_rejects_unrelated_or_repeated_boundary[missing_old_aux]" time="0.004" /><testcase classname="tests.unit.test_semantic_rr_receiver_v2_migration" name="test_v2_rejects_unrelated_or_repeated_boundary[origin]" time="0.004" /><testcase classname="tests.unit.test_semantic_rr_receiver_v2_migration" name="test_v2_rejects_unrelated_or_repeated_boundary[count]" time="0.004" /><testcase classname="tests.unit.test_semantic_rr_receiver_v2_migration" name="test_v2_rejects_unrelated_or_repeated_boundary[reward_config]" time="0.004" /><testcase classname="tests.unit.test_semantic_rr_receiver_v2_migration" name="test_v2_rejects_unrelated_or_repeated_boundary[capture_config]" time="0.004" /><testcase classname="tests.unit.test_semantic_rr_receiver_v2_migration" name="test_v2_rejects_unrelated_or_repeated_boundary[sigma]" time="0.004" /><testcase classname="tests.unit.test_semantic_rr_receiver_v2_migration" name="test_v2_rejects_unrelated_or_repeated_boundary[extra_file]" time="0.004" /><testcase classname="tests.unit.test_semantic_rr_receiver_v2_migration" name="test_v2_rejects_unrelated_or_repeated_boundary[review]" time="0.004" /><testcase classname="tests.unit.test_semantic_rr_receiver_v2_migration" name="test_v2_rejects_unrelated_or_repeated_boundary[task]" time="0.004" /><testcase classname="tests.unit.test_semantic_rr_receiver_v2_migration" name="test_official_plan_publish_reload_and_actual_save_whitelist_carry" time="3.321" /><testcase classname="tests.unit.test_semantic_rr_workspace_migration" name="test_exact_factor_and_three_origins_without_new_credit" time="0.005" /><testcase classname="tests.unit.test_semantic_rr_workspace_migration" name="test_strict_rejects_unreviewed_changes[reward]" time="0.004" /><testcase classname="tests.unit.test_semantic_rr_workspace_migration" name="test_strict_rejects_unreviewed_changes[task_duration]" time="0.004" /><testcase classname="tests.unit.test_semantic_rr_workspace_migration" name="test_strict_rejects_unreviewed_changes[physical_rule]" time="0.004" /><testcase classname="tests.unit.test_semantic_rr_workspace_migration" name="test_strict_rejects_unreviewed_changes[unknown_mode]" time="0.004" /><testcase classname="tests.unit.test_semantic_rr_workspace_migration" name="test_strict_rejects_unreviewed_changes[source_mode]" time="0.007" /><testcase classname="tests.unit.test_semantic_rr_workspace_migration" name="test_strict_rejects_unreviewed_changes[missing_review]" time="0.003" /><testcase classname="tests.unit.test_semantic_rr_workspace_migration" name="test_strict_rejects_unreviewed_changes[kernel]" time="0.006" /><testcase classname="tests.unit.test_semantic_rr_workspace_migration" name="test_strict_rejects_unreviewed_changes[controller]" time="0.004" /><testcase classname="tests.unit.test_semantic_rr_workspace_migration" name="test_strict_rejects_unreviewed_changes[feedback]" time="0.004" /><testcase classname="tests.unit.test_semantic_rr_workspace_migration" name="test_strict_rejects_unreviewed_changes[repeat]" time="0.005" /><testcase classname="tests.unit.test_semantic_rr_workspace_migration" name="test_strict_rejects_unreviewed_changes[counter]" time="0.004" /><testcase classname="tests.unit.test_semantic_rr_workspace_migration" name="test_strict_rejects_unreviewed_changes[LR]" time="0.004" /><testcase classname="tests.unit.test_semantic_rr_workspace_migration" name="test_cpu_synthetic_publish_generic_loader_and_later_save_preserve_all_state" time="0.333" /><testcase classname="tests.unit.test_semantic_capture_feedback_migration" name="test_exact_same389_contract_and_independent_counter_origins" time="0.004" /><testcase classname="tests.unit.test_semantic_capture_feedback_migration" name="test_migration_rejects_unreviewed_or_nonidentity_boundary[config]" time="0.005" /><testcase classname="tests.unit.test_semantic_capture_feedback_migration" name="test_migration_rejects_unreviewed_or_nonidentity_boundary[protected_code]" time="0.004" /><testcase classname="tests.unit.test_semantic_capture_feedback_migration" name="test_migration_rejects_unreviewed_or_nonidentity_boundary[missing_review]" time="0.003" /><testcase classname="tests.unit.test_semantic_capture_feedback_migration" name="test_migration_rejects_unreviewed_or_nonidentity_boundary[policy]" time="0.005" /><testcase classname="tests.unit.test_semantic_capture_feedback_migration" name="test_migration_rejects_unreviewed_or_nonidentity_boundary[repeat]" time="0.004" /><testcase classname="tests.unit.test_semantic_capture_feedback_migration" name="test_migration_rejects_unreviewed_or_nonidentity_boundary[missing_aux]" time="0.004" /><testcase classname="tests.unit.test_semantic_capture_feedback_migration" name="test_feedback_revision_is_nonnumeric_and_not_a_new_observation_feature" time="0.000" /><testcase classname="tests.unit.test_semantic_capture_feedback_migration" name="test_actual_same389_state_publish_and_reload_preserves_Adam_rng_and_lineage" time="0.353" /><testcase classname="tests.unit.test_semantic_training" name="test_real_official_update_failed_episodes_and_actual_checkpoint_roundtrip" time="0.465" /><testcase classname="tests.unit.test_semantic_training" name="test_adapter_preserves_final_observation_and_disables_task_timeout_bootstrap" time="0.001" /><testcase classname="tests.unit.test_semantic_training" name="test_failed_partial_rollout_never_updates_or_gets_checkpoint" time="0.020" /><testcase classname="tests.unit.test_semantic_training" name="test_checkpoint_refuses_overwrite_and_runtime_mismatch" time="0.060" /><testcase classname="tests.unit.test_semantic_training" name="test_remaining_budget_is_checked_before_any_rollout" time="0.012" /><testcase classname="tests.unit.test_semantic_training" name="test_actual_semantic_core_observation_reward_projection_to_official_rsl" time="1.251" /><testcase classname="tests.unit.test_semantic_training" name="test_explicit_resume_preserves_counts_and_never_reinitializes_actor" time="0.986" /><testcase classname="tests.unit.test_semantic_training" name="test_invalid_native_audit_stops_before_storing_transition" time="0.001" /></testsuite></testsuites>