<?xml version="1.0" encoding="utf-8"?><testsuites name="pytest tests"><testsuite name="pytest" errors="0" failures="0" skipped="0" tests="77" time="5.782" timestamp="2026-09-06T14:52:50.201355-04:00" hostname="Allenzjx"><testcase classname="outputs.ppo_semantic_v3.reports.front_wheel_range_candidate.test_front_wheel_range_cpu" name="test_candidate_changes_only_sixteen_front_cap_entries" time="0.020" /><testcase classname="outputs.ppo_semantic_v3.reports.front_wheel_range_candidate.test_front_wheel_range_cpu" name="test_all_phase_exact_expression_and_unchanged_channels[-0.7-P01]" time="0.076" /><testcase classname="outputs.ppo_semantic_v3.reports.front_wheel_range_candidate.test_front_wheel_range_cpu" name="test_all_phase_exact_expression_and_unchanged_channels[-0.7-P02]" time="0.039" /><testcase classname="outputs.ppo_semantic_v3.reports.front_wheel_range_candidate.test_front_wheel_range_cpu" name="test_all_phase_exact_expression_and_unchanged_channels[-0.7-P03]" time="0.041" /><testcase classname="outputs.ppo_semantic_v3.reports.front_wheel_range_candidate.test_front_wheel_range_cpu" name="test_all_phase_exact_expression_and_unchanged_channels[-0.7-P04]" time="0.040" /><testcase classname="outputs.ppo_semantic_v3.reports.front_wheel_range_candidate.test_front_wheel_range_cpu" name="test_all_phase_exact_expression_and_unchanged_channels[-0.7-P05]" time="0.084" /><testcase classname="outputs.ppo_semantic_v3.reports.front_wheel_range_candidate.test_front_wheel_range_cpu" name="test_all_phase_exact_expression_and_unchanged_channels[-0.7-P06]" time="0.041" /><testcase classname="outputs.ppo_semantic_v3.reports.front_wheel_range_candidate.test_front_wheel_range_cpu" name="test_all_phase_exact_expression_and_unchanged_channels[-0.7-P07]" time="0.041" /><testcase classname="outputs.ppo_semantic_v3.reports.front_wheel_range_candidate.test_front_wheel_range_cpu" name="test_all_phase_exact_expression_and_unchanged_channels[-0.7-P08]" time="0.041" /><testcase classname="outputs.ppo_semantic_v3.reports.front_wheel_range_candidate.test_front_wheel_range_cpu" name="test_all_phase_exact_expression_and_unchanged_channels[-0.7-P09]" time="0.041" /><testcase classname="outputs.ppo_semantic_v3.reports.front_wheel_range_candidate.test_front_wheel_range_cpu" name="test_all_phase_exact_expression_and_unchanged_channels[-0.7-P10]" time="0.044" /><testcase classname="outputs.ppo_semantic_v3.reports.front_wheel_range_candidate.test_front_wheel_range_cpu" name="test_all_phase_exact_expression_and_unchanged_channels[-0.7-P11]" time="0.042" /><testcase classname="outputs.ppo_semantic_v3.reports.front_wheel_range_candidate.test_front_wheel_range_cpu" name="test_all_phase_exact_expression_and_unchanged_channels[-0.7-P12]" time="0.038" /><testcase classname="outputs.ppo_semantic_v3.reports.front_wheel_range_candidate.test_front_wheel_range_cpu" name="test_all_phase_exact_expression_and_unchanged_channels[-0.7-P13]" time="0.039" /><testcase classname="outputs.ppo_semantic_v3.reports.front_wheel_range_candidate.test_front_wheel_range_cpu" name="test_all_phase_exact_expression_and_unchanged_channels[0.7-P01]" time="0.048" /><testcase classname="outputs.ppo_semantic_v3.reports.front_wheel_range_candidate.test_front_wheel_range_cpu" name="test_all_phase_exact_expression_and_unchanged_channels[0.7-P02]" time="0.041" /><testcase classname="outputs.ppo_semantic_v3.reports.front_wheel_range_candidate.test_front_wheel_range_cpu" name="test_all_phase_exact_expression_and_unchanged_channels[0.7-P03]" time="0.038" /><testcase classname="outputs.ppo_semantic_v3.reports.front_wheel_range_candidate.test_front_wheel_range_cpu" name="test_all_phase_exact_expression_and_unchanged_channels[0.7-P04]" time="0.073" /><testcase classname="outputs.ppo_semantic_v3.reports.front_wheel_range_candidate.test_front_wheel_range_cpu" name="test_all_phase_exact_expression_and_unchanged_channels[0.7-P05]" time="0.038" /><testcase classname="outputs.ppo_semantic_v3.reports.front_wheel_range_candidate.test_front_wheel_range_cpu" name="test_all_phase_exact_expression_and_unchanged_channels[0.7-P06]" time="0.038" /><testcase classname="outputs.ppo_semantic_v3.reports.front_wheel_range_candidate.test_front_wheel_range_cpu" name="test_all_phase_exact_expression_and_unchanged_channels[0.7-P07]" time="0.038" /><testcase classname="outputs.ppo_semantic_v3.reports.front_wheel_range_candidate.test_front_wheel_range_cpu" name="test_all_phase_exact_expression_and_unchanged_channels[0.7-P08]" time="0.041" /><testcase classname="outputs.ppo_semantic_v3.reports.front_wheel_range_candidate.test_front_wheel_range_cpu" name="test_all_phase_exact_expression_and_unchanged_channels[0.7-P09]" time="0.055" /><testcase classname="outputs.ppo_semantic_v3.reports.front_wheel_range_candidate.test_front_wheel_range_cpu" name="test_all_phase_exact_expression_and_unchanged_channels[0.7-P10]" time="0.036" /><testcase classname="outputs.ppo_semantic_v3.reports.front_wheel_range_candidate.test_front_wheel_range_cpu" name="test_all_phase_exact_expression_and_unchanged_channels[0.7-P11]" time="0.038" /><testcase classname="outputs.ppo_semantic_v3.reports.front_wheel_range_candidate.test_front_wheel_range_cpu" name="test_all_phase_exact_expression_and_unchanged_channels[0.7-P12]" time="0.039" /><testcase classname="outputs.ppo_semantic_v3.reports.front_wheel_range_candidate.test_front_wheel_range_cpu" name="test_all_phase_exact_expression_and_unchanged_channels[0.7-P13]" time="0.037" /><testcase classname="outputs.ppo_semantic_v3.reports.front_wheel_range_candidate.test_front_wheel_range_cpu" name="test_old_cannot_new_can_cancel_with_finite_raw_and_signed_margin[-0.02-P07-9--0.63]" time="0.064" /><testcase classname="outputs.ppo_semantic_v3.reports.front_wheel_range_candidate.test_front_wheel_range_cpu" name="test_old_cannot_new_can_cancel_with_finite_raw_and_signed_margin[-0.02-P09-8--1.07]" time="0.066" /><testcase classname="outputs.ppo_semantic_v3.reports.front_wheel_range_candidate.test_front_wheel_range_cpu" name="test_old_cannot_new_can_cancel_with_finite_raw_and_signed_margin[-0.02-P13-9--0.72]" time="0.064" /><testcase classname="outputs.ppo_semantic_v3.reports.front_wheel_range_candidate.test_front_wheel_range_cpu" name="test_old_cannot_new_can_cancel_with_finite_raw_and_signed_margin[-0.02-P13-8-1.09]" time="0.071" /><testcase classname="outputs.ppo_semantic_v3.reports.front_wheel_range_candidate.test_front_wheel_range_cpu" name="test_old_cannot_new_can_cancel_with_finite_raw_and_signed_margin[0.0-P07-9--0.63]" time="0.062" /><testcase classname="outputs.ppo_semantic_v3.reports.front_wheel_range_candidate.test_front_wheel_range_cpu" name="test_old_cannot_new_can_cancel_with_finite_raw_and_signed_margin[0.0-P09-8--1.07]" time="0.094" /><testcase classname="outputs.ppo_semantic_v3.reports.front_wheel_range_candidate.test_front_wheel_range_cpu" name="test_old_cannot_new_can_cancel_with_finite_raw_and_signed_margin[0.0-P13-9--0.72]" time="0.069" /><testcase classname="outputs.ppo_semantic_v3.reports.front_wheel_range_candidate.test_front_wheel_range_cpu" name="test_old_cannot_new_can_cancel_with_finite_raw_and_signed_margin[0.0-P13-8-1.09]" time="0.066" /><testcase classname="outputs.ppo_semantic_v3.reports.front_wheel_range_candidate.test_front_wheel_range_cpu" name="test_old_cannot_new_can_cancel_with_finite_raw_and_signed_margin[0.02-P07-9--0.63]" time="0.059" /><testcase classname="outputs.ppo_semantic_v3.reports.front_wheel_range_candidate.test_front_wheel_range_cpu" name="test_old_cannot_new_can_cancel_with_finite_raw_and_signed_margin[0.02-P09-8--1.07]" time="0.063" /><testcase classname="outputs.ppo_semantic_v3.reports.front_wheel_range_candidate.test_front_wheel_range_cpu" name="test_old_cannot_new_can_cancel_with_finite_raw_and_signed_margin[0.02-P13-9--0.72]" time="0.063" /><testcase classname="outputs.ppo_semantic_v3.reports.front_wheel_range_candidate.test_front_wheel_range_cpu" name="test_old_cannot_new_can_cancel_with_finite_raw_and_signed_margin[0.02-P13-8-1.09]" time="0.070" /><testcase classname="outputs.ppo_semantic_v3.reports.front_wheel_range_candidate.test_front_wheel_range_cpu" name="test_same_direction_large_request_keeps_absolute_intersection[0.0-8--1.07]" time="0.037" /><testcase classname="outputs.ppo_semantic_v3.reports.front_wheel_range_candidate.test_front_wheel_range_cpu" name="test_same_direction_large_request_keeps_absolute_intersection[0.0-8-1.09]" time="0.036" /><testcase classname="outputs.ppo_semantic_v3.reports.front_wheel_range_candidate.test_front_wheel_range_cpu" name="test_same_direction_large_request_keeps_absolute_intersection[0.05-8--1.07]" time="0.038" /><testcase classname="outputs.ppo_semantic_v3.reports.front_wheel_range_candidate.test_front_wheel_range_cpu" name="test_same_direction_large_request_keeps_absolute_intersection[0.05-8-1.09]" time="0.032" /><testcase classname="outputs.ppo_semantic_v3.reports.front_wheel_range_candidate.test_front_wheel_range_cpu" name="test_per_tick_slew_grows_to_new_front_bound_then_decays_without_zero_jump[-1.0]" time="0.026" /><testcase classname="outputs.ppo_semantic_v3.reports.front_wheel_range_candidate.test_front_wheel_range_cpu" name="test_per_tick_slew_grows_to_new_front_bound_then_decays_without_zero_jump[1.0]" time="0.027" /><testcase classname="outputs.ppo_semantic_v3.reports.front_wheel_range_candidate.test_front_wheel_range_cpu" name="test_p05_to_p06_and_p07_through_p13_bridge_preserves_feasible_history[-1.0-P05-P06]" time="0.020" /><testcase classname="outputs.ppo_semantic_v3.reports.front_wheel_range_candidate.test_front_wheel_range_cpu" name="test_p05_to_p06_and_p07_through_p13_bridge_preserves_feasible_history[-1.0-P06-P07]" time="0.020" /><testcase classname="outputs.ppo_semantic_v3.reports.front_wheel_range_candidate.test_front_wheel_range_cpu" name="test_p05_to_p06_and_p07_through_p13_bridge_preserves_feasible_history[-1.0-P07-P08]" time="0.020" /><testcase classname="outputs.ppo_semantic_v3.reports.front_wheel_range_candidate.test_front_wheel_range_cpu" name="test_p05_to_p06_and_p07_through_p13_bridge_preserves_feasible_history[-1.0-P08-P09]" time="0.025" /><testcase classname="outputs.ppo_semantic_v3.reports.front_wheel_range_candidate.test_front_wheel_range_cpu" name="test_p05_to_p06_and_p07_through_p13_bridge_preserves_feasible_history[-1.0-P09-P10]" time="0.021" /><testcase classname="outputs.ppo_semantic_v3.reports.front_wheel_range_candidate.test_front_wheel_range_cpu" name="test_p05_to_p06_and_p07_through_p13_bridge_preserves_feasible_history[-1.0-P10-P11]" time="0.019" /><testcase classname="outputs.ppo_semantic_v3.reports.front_wheel_range_candidate.test_front_wheel_range_cpu" name="test_p05_to_p06_and_p07_through_p13_bridge_preserves_feasible_history[-1.0-P11-P12]" time="0.054" /><testcase classname="outputs.ppo_semantic_v3.reports.front_wheel_range_candidate.test_front_wheel_range_cpu" name="test_p05_to_p06_and_p07_through_p13_bridge_preserves_feasible_history[-1.0-P12-P13]" time="0.020" /><testcase classname="outputs.ppo_semantic_v3.reports.front_wheel_range_candidate.test_front_wheel_range_cpu" name="test_p05_to_p06_and_p07_through_p13_bridge_preserves_feasible_history[1.0-P05-P06]" time="0.026" /><testcase classname="outputs.ppo_semantic_v3.reports.front_wheel_range_candidate.test_front_wheel_range_cpu" name="test_p05_to_p06_and_p07_through_p13_bridge_preserves_feasible_history[1.0-P06-P07]" time="0.020" /><testcase classname="outputs.ppo_semantic_v3.reports.front_wheel_range_candidate.test_front_wheel_range_cpu" name="test_p05_to_p06_and_p07_through_p13_bridge_preserves_feasible_history[1.0-P07-P08]" time="0.020" /><testcase classname="outputs.ppo_semantic_v3.reports.front_wheel_range_candidate.test_front_wheel_range_cpu" name="test_p05_to_p06_and_p07_through_p13_bridge_preserves_feasible_history[1.0-P08-P09]" time="0.021" /><testcase classname="outputs.ppo_semantic_v3.reports.front_wheel_range_candidate.test_front_wheel_range_cpu" name="test_p05_to_p06_and_p07_through_p13_bridge_preserves_feasible_history[1.0-P09-P10]" time="0.020" /><testcase classname="outputs.ppo_semantic_v3.reports.front_wheel_range_candidate.test_front_wheel_range_cpu" name="test_p05_to_p06_and_p07_through_p13_bridge_preserves_feasible_history[1.0-P10-P11]" time="0.021" /><testcase classname="outputs.ppo_semantic_v3.reports.front_wheel_range_candidate.test_front_wheel_range_cpu" name="test_p05_to_p06_and_p07_through_p13_bridge_preserves_feasible_history[1.0-P11-P12]" time="0.020" /><testcase classname="outputs.ppo_semantic_v3.reports.front_wheel_range_candidate.test_front_wheel_range_cpu" name="test_p05_to_p06_and_p07_through_p13_bridge_preserves_feasible_history[1.0-P12-P13]" time="0.019" /><testcase classname="outputs.ppo_semantic_v3.reports.front_wheel_range_candidate.test_front_wheel_range_cpu" name="test_original_point_three_cancel_preserved_and_candidate_uses_per_wheel_raw[0]" time="0.031" /><testcase classname="outputs.ppo_semantic_v3.reports.front_wheel_range_candidate.test_front_wheel_range_cpu" name="test_original_point_three_cancel_preserved_and_candidate_uses_per_wheel_raw[1]" time="0.033" /><testcase classname="outputs.ppo_semantic_v3.reports.front_wheel_range_candidate.test_front_wheel_range_cpu" name="test_old_uniform_cancel_raw_does_not_silently_keep_same_new_physical_output" time="0.063" /><testcase classname="outputs.ppo_semantic_v3.reports.front_wheel_range_candidate.test_front_wheel_range_cpu" name="test_same_raw_new_front_physical_output_changes_after_slew_rear_does_not[-0.9]" time="0.062" /><testcase classname="outputs.ppo_semantic_v3.reports.front_wheel_range_candidate.test_front_wheel_range_cpu" name="test_same_raw_new_front_physical_output_changes_after_slew_rear_does_not[-0.2]" time="0.069" /><testcase classname="outputs.ppo_semantic_v3.reports.front_wheel_range_candidate.test_front_wheel_range_cpu" name="test_same_raw_new_front_physical_output_changes_after_slew_rear_does_not[0.2]" time="0.063" /><testcase classname="outputs.ppo_semantic_v3.reports.front_wheel_range_candidate.test_front_wheel_range_cpu" name="test_same_raw_new_front_physical_output_changes_after_slew_rear_does_not[0.9]" time="0.062" /><testcase classname="outputs.ppo_semantic_v3.reports.front_wheel_range_candidate.test_front_wheel_range_cpu" name="test_existing_324_history_scale_represents_new_caps_without_clipping_or_overflow[-1.0]" time="0.002" /><testcase classname="outputs.ppo_semantic_v3.reports.front_wheel_range_candidate.test_front_wheel_range_cpu" name="test_existing_324_history_scale_represents_new_caps_without_clipping_or_overflow[1.0]" time="0.002" /><testcase classname="outputs.ppo_semantic_v3.reports.front_wheel_range_candidate.test_front_wheel_range_cpu" name="test_candidate_loader_keeps_existing_bad_configuration_rejections[short]" time="0.044" /><testcase classname="outputs.ppo_semantic_v3.reports.front_wheel_range_candidate.test_front_wheel_range_cpu" name="test_candidate_loader_keeps_existing_bad_configuration_rejections[zero]" time="0.056" /><testcase classname="outputs.ppo_semantic_v3.reports.front_wheel_range_candidate.test_front_wheel_range_cpu" name="test_candidate_loader_keeps_existing_bad_configuration_rejections[nan]" time="0.082" /><testcase classname="outputs.ppo_semantic_v3.reports.front_wheel_range_candidate.test_front_wheel_range_cpu" name="test_candidate_loader_keeps_existing_bad_configuration_rejections[infinity]" time="0.056" /><testcase classname="outputs.ppo_semantic_v3.reports.front_wheel_range_candidate.test_front_wheel_range_cpu" name="test_candidate_loader_keeps_existing_bad_configuration_rejections[shrink]" time="0.045" /><testcase classname="outputs.ppo_semantic_v3.reports.front_wheel_range_candidate.test_front_wheel_range_cpu" name="test_candidate_loader_keeps_existing_bad_configuration_rejections[over_span]" time="0.034" /><testcase classname="outputs.ppo_semantic_v3.reports.front_wheel_range_candidate.test_front_wheel_range_cpu" name="test_candidate_loader_keeps_existing_bad_configuration_rejections[order]" time="0.046" /></testsuite></testsuites>