<?xml version="1.0" encoding="utf-8"?><testsuites name="pytest tests"><testsuite name="pytest" errors="0" failures="0" skipped="0" tests="117" time="4.440" timestamp="2026-09-15T00:55:02.488856-04:00" hostname="Allenzjx"><testcase classname="outputs.ppo_height_and_p02_recovery_v1.temperature_actor_candidate.tests.test_semantic_tempered_history_actor" name="test_same_parameter_topology_strict_saved_reload_and_adam_fixture_state" time="0.070" /><testcase classname="outputs.ppo_height_and_p02_recovery_v1.temperature_actor_candidate.tests.test_semantic_tempered_history_actor" name="test_frozen_deterministic_mean_history_cache_rng_and_inputs_bitwise_unchanged" time="0.023" /><testcase classname="outputs.ppo_height_and_p02_recovery_v1.temperature_actor_candidate.tests.test_semantic_tempered_history_actor" name="test_all_stochastic_consumers_use_one_scaled_cached_distribution_and_rng_draw" time="0.020" /><testcase classname="outputs.ppo_height_and_p02_recovery_v1.temperature_actor_candidate.tests.test_semantic_tempered_history_actor" name="test_shuffled_stored_history_likelihood_and_padded_minibatch_path" time="0.019" /><testcase classname="outputs.ppo_height_and_p02_recovery_v1.temperature_actor_candidate.tests.test_semantic_tempered_history_actor" name="test_learned_log_std_keeps_finite_nonzero_gradient_without_state_or_action_clamp" time="0.016" /><testcase classname="outputs.ppo_height_and_p02_recovery_v1.temperature_actor_candidate.tests.test_semantic_tempered_history_actor" name="test_actor_requires_explicit_exact_temperature[None]" time="0.006" /><testcase classname="outputs.ppo_height_and_p02_recovery_v1.temperature_actor_candidate.tests.test_semantic_tempered_history_actor" name="test_actor_requires_explicit_exact_temperature[True]" time="0.005" /><testcase classname="outputs.ppo_height_and_p02_recovery_v1.temperature_actor_candidate.tests.test_semantic_tempered_history_actor" name="test_actor_requires_explicit_exact_temperature[False]" time="0.005" /><testcase classname="outputs.ppo_height_and_p02_recovery_v1.temperature_actor_candidate.tests.test_semantic_tempered_history_actor" name="test_actor_requires_explicit_exact_temperature[0.25]" time="0.008" /><testcase classname="outputs.ppo_height_and_p02_recovery_v1.temperature_actor_candidate.tests.test_semantic_tempered_history_actor" name="test_actor_requires_explicit_exact_temperature[1.0]" time="0.006" /><testcase classname="outputs.ppo_height_and_p02_recovery_v1.temperature_actor_candidate.tests.test_semantic_tempered_history_actor" name="test_actor_requires_explicit_exact_temperature[0.0]" time="0.006" /><testcase classname="outputs.ppo_height_and_p02_recovery_v1.temperature_actor_candidate.tests.test_semantic_tempered_history_actor" name="test_actor_requires_explicit_exact_temperature[-0.5]" time="0.005" /><testcase classname="outputs.ppo_height_and_p02_recovery_v1.temperature_actor_candidate.tests.test_semantic_tempered_history_actor" name="test_actor_requires_explicit_exact_temperature[0.5]" time="0.005" /><testcase classname="outputs.ppo_height_and_p02_recovery_v1.temperature_actor_candidate.tests.test_semantic_tempered_history_actor" name="test_actor_requires_explicit_exact_temperature[nan]" time="0.005" /><testcase classname="outputs.ppo_height_and_p02_recovery_v1.temperature_actor_candidate.tests.test_semantic_tempered_history_actor" name="test_actor_requires_explicit_exact_temperature[inf]" time="0.005" /><testcase classname="outputs.ppo_height_and_p02_recovery_v1.temperature_actor_candidate.tests.test_semantic_tempered_history_actor" name="test_actor_rejects_missing_temperature_and_non_role_layout" time="0.005" /><testcase classname="outputs.ppo_height_and_p02_recovery_v1.temperature_actor_candidate.tests.test_semantic_tempered_history_actor" name="test_effective_underflow_is_rejected_not_clipped" time="0.014" /><testcase classname="outputs.ppo_height_and_p02_recovery_v1.temperature_actor_candidate.tests.test_semantic_tempered_history_actor" name="test_new_metadata_factory_and_contract_only_change_explicit_temperature_fields" time="0.009" /><testcase classname="outputs.ppo_height_and_p02_recovery_v1.temperature_actor_candidate.tests.test_semantic_tempered_history_actor" name="test_metadata_rejects_mixed_unbound_temperature_or_semantics[missing_tau]" time="0.005" /><testcase classname="outputs.ppo_height_and_p02_recovery_v1.temperature_actor_candidate.tests.test_semantic_tempered_history_actor" name="test_metadata_rejects_mixed_unbound_temperature_or_semantics[wrong_tau]" time="0.005" /><testcase classname="outputs.ppo_height_and_p02_recovery_v1.temperature_actor_candidate.tests.test_semantic_tempered_history_actor" name="test_metadata_rejects_mixed_unbound_temperature_or_semantics[bool_tau]" time="0.005" /><testcase classname="outputs.ppo_height_and_p02_recovery_v1.temperature_actor_candidate.tests.test_semantic_tempered_history_actor" name="test_metadata_rejects_mixed_unbound_temperature_or_semantics[extra_tau]" time="0.007" /><testcase classname="outputs.ppo_height_and_p02_recovery_v1.temperature_actor_candidate.tests.test_semantic_tempered_history_actor" name="test_metadata_rejects_mixed_unbound_temperature_or_semantics[contract_tau]" time="0.006" /><testcase classname="outputs.ppo_height_and_p02_recovery_v1.temperature_actor_candidate.tests.test_semantic_tempered_history_actor" name="test_metadata_rejects_mixed_unbound_temperature_or_semantics[missing_contract_tau]" time="0.005" /><testcase classname="outputs.ppo_height_and_p02_recovery_v1.temperature_actor_candidate.tests.test_semantic_tempered_history_actor" name="test_metadata_rejects_mixed_unbound_temperature_or_semantics[old_class]" time="0.005" /><testcase classname="outputs.ppo_height_and_p02_recovery_v1.temperature_actor_candidate.tests.test_semantic_tempered_history_actor" name="test_metadata_rejects_mixed_unbound_temperature_or_semantics[old_contract]" time="0.007" /><testcase classname="outputs.ppo_height_and_p02_recovery_v1.temperature_actor_candidate.tests.test_semantic_tempered_history_actor" name="test_metadata_rejects_mixed_unbound_temperature_or_semantics[wrong_mean]" time="0.006" /><testcase classname="outputs.ppo_height_and_p02_recovery_v1.temperature_actor_candidate.tests.test_semantic_tempered_history_actor" name="test_metadata_rejects_mixed_unbound_temperature_or_semantics[wrong_rho]" time="0.005" /><testcase classname="outputs.ppo_height_and_p02_recovery_v1.temperature_actor_candidate.tests.test_semantic_tempered_history_actor" name="test_metadata_rejects_mixed_unbound_temperature_or_semantics[wrong_std]" time="0.004" /><testcase classname="outputs.ppo_height_and_p02_recovery_v1.temperature_actor_candidate.tests.test_semantic_tempered_history_actor" name="test_metadata_rejects_mixed_unbound_temperature_or_semantics[wrong_layout]" time="0.005" /><testcase classname="outputs.ppo_height_and_p02_recovery_v1.temperature_actor_candidate.tests.test_semantic_tempered_history_actor" name="test_metadata_rejects_mixed_unbound_temperature_or_semantics[extra_config]" time="0.005" /><testcase classname="outputs.ppo_height_and_p02_recovery_v1.temperature_actor_candidate.tests.test_semantic_tempered_history_actor" name="test_metadata_rejects_mixed_unbound_temperature_or_semantics[v2]" time="0.005" /><testcase classname="outputs.ppo_height_and_p02_recovery_v1.temperature_actor_candidate.tests.test_semantic_tempered_history_actor" name="test_metadata_rejects_mixed_unbound_temperature_or_semantics[wrong_version]" time="0.006" /><testcase classname="outputs.ppo_height_and_p02_recovery_v1.temperature_actor_candidate.tests.test_semantic_tempered_history_actor" name="test_no_new_contract_without_role_layout_or_hidden_temperature_in_old_config" time="0.014" /><testcase classname="outputs.ppo_height_and_p02_recovery_v1.temperature_actor_candidate.tests.test_semantic_tempered_history_actor" name="test_new_actor_keeps_explicit_unsupported_export_rejection[jit]" time="0.013" /><testcase classname="outputs.ppo_height_and_p02_recovery_v1.temperature_actor_candidate.tests.test_semantic_tempered_history_actor" name="test_new_actor_keeps_explicit_unsupported_export_rejection[onnx]" time="0.014" /><testcase classname="tests.unit.test_semantic_history_actor" name="test_helper_mixes_only_mean_and_preserves_log_sigma_and_inputs" time="0.006" /><testcase classname="tests.unit.test_semantic_history_actor" name="test_helper_rejects_invalid_rho[True]" time="0.002" /><testcase classname="tests.unit.test_semantic_history_actor" name="test_helper_rejects_invalid_rho[False]" time="0.001" /><testcase classname="tests.unit.test_semantic_history_actor" name="test_helper_rejects_invalid_rho[None]" time="0.002" /><testcase classname="tests.unit.test_semantic_history_actor" name="test_helper_rejects_invalid_rho[0.9]" time="0.002" /><testcase classname="tests.unit.test_semantic_history_actor" name="test_helper_rejects_invalid_rho[-0.1]" time="0.001" /><testcase classname="tests.unit.test_semantic_history_actor" name="test_helper_rejects_invalid_rho[1.0]" time="0.001" /><testcase classname="tests.unit.test_semantic_history_actor" name="test_helper_rejects_invalid_rho[1.1]" time="0.001" /><testcase classname="tests.unit.test_semantic_history_actor" name="test_helper_rejects_invalid_rho[nan]" time="0.001" /><testcase classname="tests.unit.test_semantic_history_actor" name="test_helper_rejects_invalid_rho[inf]" time="0.001" /><testcase classname="tests.unit.test_semantic_history_actor" name="test_helper_rejects_invalid_rho[-inf]" time="0.001" /><testcase classname="tests.unit.test_semantic_history_actor" name="test_helper_rejects_invalid_rho[10000000000000000000000000000000000000000000000000000000000000000000000000000000000000000000000000000000000000000000000000000000000000000000000000000000000000000000000000000000000000000000000000000000000000000000000000000000000000000000000000000000000000000000000000000000000000000000000000000000000000000000000000000000000000000000000000000000000000000000000000000000000000000000000000000000000000000]" time="0.001" /><testcase classname="tests.unit.test_semantic_history_actor" name="test_helper_rejects_invalid_tensor_contract[head_list]" time="0.001" /><testcase classname="tests.unit.test_semantic_history_actor" name="test_helper_rejects_invalid_tensor_contract[history_list]" time="0.002" /><testcase classname="tests.unit.test_semantic_history_actor" name="test_helper_rejects_invalid_tensor_contract[head_int]" time="0.002" /><testcase classname="tests.unit.test_semantic_history_actor" name="test_helper_rejects_invalid_tensor_contract[history_bool]" time="0.001" /><testcase classname="tests.unit.test_semantic_history_actor" name="test_helper_rejects_invalid_tensor_contract[head_width]" time="0.002" /><testcase classname="tests.unit.test_semantic_history_actor" name="test_helper_rejects_invalid_tensor_contract[head_rank]" time="0.002" /><testcase classname="tests.unit.test_semantic_history_actor" name="test_helper_rejects_invalid_tensor_contract[history_shape]" time="0.002" /><testcase classname="tests.unit.test_semantic_history_actor" name="test_helper_rejects_invalid_tensor_contract[dtype]" time="0.001" /><testcase classname="tests.unit.test_semantic_history_actor" name="test_helper_rejects_invalid_tensor_contract[head_nan]" time="0.001" /><testcase classname="tests.unit.test_semantic_history_actor" name="test_helper_rejects_invalid_tensor_contract[head_inf]" time="0.002" /><testcase classname="tests.unit.test_semantic_history_actor" name="test_helper_rejects_invalid_tensor_contract[history_nan]" time="0.002" /><testcase classname="tests.unit.test_semantic_history_actor" name="test_helper_rejects_invalid_tensor_contract[history_inf]" time="0.002" /><testcase classname="tests.unit.test_semantic_history_actor" name="test_helper_rejects_invalid_tensor_contract[history_above]" time="0.002" /><testcase classname="tests.unit.test_semantic_history_actor" name="test_helper_rejects_invalid_tensor_contract[history_below]" time="0.002" /><testcase classname="tests.unit.test_semantic_history_actor" name="test_rho_zero_is_exact_head_and_official_sampling_rng_degeneracy" time="0.003" /><testcase classname="tests.unit.test_semantic_history_actor" name="test_unrepresentable_conditional_sigma_rejected_without_floor_or_clamp[0.0-100.0]" time="0.002" /><testcase classname="tests.unit.test_semantic_history_actor" name="test_unrepresentable_conditional_sigma_rejected_without_floor_or_clamp[0.0-1000.0]" time="0.002" /><testcase classname="tests.unit.test_semantic_history_actor" name="test_unrepresentable_conditional_sigma_rejected_without_floor_or_clamp[0.0--104.0]" time="0.002" /><testcase classname="tests.unit.test_semantic_history_actor" name="test_unrepresentable_conditional_sigma_rejected_without_floor_or_clamp[0.0--1000.0]" time="0.002" /><testcase classname="tests.unit.test_semantic_history_actor" name="test_unrepresentable_conditional_sigma_rejected_without_floor_or_clamp[0.9-100.0]" time="0.002" /><testcase classname="tests.unit.test_semantic_history_actor" name="test_unrepresentable_conditional_sigma_rejected_without_floor_or_clamp[0.9-1000.0]" time="0.002" /><testcase classname="tests.unit.test_semantic_history_actor" name="test_unrepresentable_conditional_sigma_rejected_without_floor_or_clamp[0.9--104.0]" time="0.002" /><testcase classname="tests.unit.test_semantic_history_actor" name="test_unrepresentable_conditional_sigma_rejected_without_floor_or_clamp[0.9--1000.0]" time="0.002" /><testcase classname="tests.unit.test_semantic_history_actor" name="test_representable_extreme_sigma_is_not_rescaled_or_clamped[-90.0]" time="0.002" /><testcase classname="tests.unit.test_semantic_history_actor" name="test_representable_extreme_sigma_is_not_rescaled_or_clamped[80.0]" time="0.002" /><testcase classname="tests.unit.test_semantic_history_actor" name="test_actual_actor_state_keys_initialization_weights_buffers_and_strict_load_are_identical" time="0.014" /><testcase classname="tests.unit.test_semantic_history_actor" name="test_real_rsl_sample_logprob_entropy_kl_use_actual_conditional_normal" time="0.017" /><testcase classname="tests.unit.test_semantic_history_actor" name="test_positive_log_density_is_valid_and_base_mean_is_not_the_likelihood_center" time="0.013" /><testcase classname="tests.unit.test_semantic_history_actor" name="test_shuffled_minibatches_rebuild_each_stored_history_not_other_row_or_cache" time="0.016" /><testcase classname="tests.unit.test_semantic_history_actor" name="test_deterministic_forward_is_conditional_mean_without_cache_rng_or_mode_mutation" time="0.014" /><testcase classname="tests.unit.test_semantic_history_actor" name="test_history_is_stateless_reset_zero_and_phase_change_does_not_clear_input_history" time="0.014" /><testcase classname="tests.unit.test_semantic_history_actor" name="test_real_schema_provides_existing_clipped_raw_slice_not_residual_history" time="0.027" /><testcase classname="tests.unit.test_semantic_history_actor" name="test_masks_follow_official_unpad_before_history_selection" time="0.011" /><testcase classname="tests.unit.test_semantic_history_actor" name="test_mean_gradient_scaled_but_learned_log_sigma_gradient_not_rescaled" time="0.004" /><testcase classname="tests.unit.test_semantic_history_actor" name="test_unsupported_export_is_explicitly_rejected[jit]" time="0.011" /><testcase classname="tests.unit.test_semantic_history_actor" name="test_unsupported_export_is_explicitly_rejected[onnx]" time="0.013" /><testcase classname="tests.unit.test_semantic_history_actor" name="test_real_factory_configuration_and_strict_metadata[gaussian_scalar_v1]" time="0.008" /><testcase classname="tests.unit.test_semantic_history_actor" name="test_real_factory_configuration_and_strict_metadata[heteroscedastic_log_v1]" time="0.008" /><testcase classname="tests.unit.test_semantic_history_actor" name="test_real_factory_configuration_and_strict_metadata[history_conditioned_heteroscedastic_log_v1]" time="0.007" /><testcase classname="tests.unit.test_semantic_history_actor" name="test_history_metadata_rejects_missing_mixed_or_unrecognized_version[missing_contract]" time="0.006" /><testcase classname="tests.unit.test_semantic_history_actor" name="test_history_metadata_rejects_missing_mixed_or_unrecognized_version[null_contract]" time="0.006" /><testcase classname="tests.unit.test_semantic_history_actor" name="test_history_metadata_rejects_missing_mixed_or_unrecognized_version[old_contract]" time="0.006" /><testcase classname="tests.unit.test_semantic_history_actor" name="test_history_metadata_rejects_missing_mixed_or_unrecognized_version[old_class]" time="0.005" /><testcase classname="tests.unit.test_semantic_history_actor" name="test_history_metadata_rejects_missing_mixed_or_unrecognized_version[unknown_class]" time="0.006" /><testcase classname="tests.unit.test_semantic_history_actor" name="test_history_metadata_rejects_missing_mixed_or_unrecognized_version[wrong_distribution]" time="0.005" /><testcase classname="tests.unit.test_semantic_history_actor" name="test_history_metadata_rejects_missing_mixed_or_unrecognized_version[rho]" time="0.005" /><testcase classname="tests.unit.test_semantic_history_actor" name="test_history_metadata_rejects_missing_mixed_or_unrecognized_version[rho_bool]" time="0.005" /><testcase classname="tests.unit.test_semantic_history_actor" name="test_history_metadata_rejects_missing_mixed_or_unrecognized_version[history_slice]" time="0.005" /><testcase classname="tests.unit.test_semantic_history_actor" name="test_history_metadata_rejects_missing_mixed_or_unrecognized_version[history_clip]" time="0.006" /><testcase classname="tests.unit.test_semantic_history_actor" name="test_history_metadata_rejects_missing_mixed_or_unrecognized_version[std_scaling]" time="0.006" /><testcase classname="tests.unit.test_semantic_history_actor" name="test_history_metadata_rejects_missing_mixed_or_unrecognized_version[extra_contract]" time="0.005" /><testcase classname="tests.unit.test_semantic_history_actor" name="test_history_metadata_rejects_missing_mixed_or_unrecognized_version[extra_config]" time="0.005" /><testcase classname="tests.unit.test_semantic_history_actor" name="test_history_metadata_rejects_missing_mixed_or_unrecognized_version[missing_config]" time="0.007" /><testcase classname="tests.unit.test_semantic_history_actor" name="test_history_metadata_rejects_missing_mixed_or_unrecognized_version[version]" time="0.005" /><testcase classname="tests.unit.test_semantic_history_actor" name="test_history_metadata_rejects_missing_mixed_or_unrecognized_version[v2]" time="0.006" /><testcase classname="tests.unit.test_semantic_history_actor" name="test_public_prefix_contract_validation_is_exact_and_json_roundtrip_safe[heteroscedastic_log_v1]" time="0.002" /><testcase classname="tests.unit.test_semantic_history_actor" name="test_public_prefix_contract_validation_is_exact_and_json_roundtrip_safe[history_conditioned_heteroscedastic_log_v1]" time="0.002" /><testcase classname="tests.unit.test_semantic_history_actor" name="test_public_prefix_validator_does_not_widen_to_partial_or_legacy_scalar[None]" time="0.002" /><testcase classname="tests.unit.test_semantic_history_actor" name="test_public_prefix_validator_does_not_widen_to_partial_or_legacy_scalar[contract1]" time="0.001" /><testcase classname="tests.unit.test_semantic_history_actor" name="test_public_prefix_validator_does_not_widen_to_partial_or_legacy_scalar[contract2]" time="0.001" /><testcase classname="tests.unit.test_semantic_history_actor" name="test_public_prefix_validator_does_not_widen_to_partial_or_legacy_scalar[contract3]" time="0.002" /><testcase classname="tests.unit.test_semantic_history_actor" name="test_public_prefix_validator_does_not_widen_to_partial_or_legacy_scalar[contract4]" time="0.002" /><testcase classname="tests.unit.test_semantic_history_actor" name="test_old_contracts_remain_identical_and_missing_contract_legacy_remains_supported" time="0.005" /><testcase classname="tests.unit.test_semantic_history_actor" name="test_actor_rejects_incompatible_history_or_distribution_interface[normalizer]" time="0.005" /><testcase classname="tests.unit.test_semantic_history_actor" name="test_actor_rejects_incompatible_history_or_distribution_interface[obs_groups]" time="0.008" /><testcase classname="tests.unit.test_semantic_history_actor" name="test_actor_rejects_incompatible_history_or_distribution_interface[width]" time="0.009" /><testcase classname="tests.unit.test_semantic_history_actor" name="test_actor_rejects_incompatible_history_or_distribution_interface[distribution]" time="0.005" /><testcase classname="tests.unit.test_semantic_history_actor" name="test_actor_rejects_incompatible_history_or_distribution_interface[std_type]" time="0.006" /><testcase classname="tests.unit.test_semantic_history_actor" name="test_actor_rejects_incompatible_history_or_distribution_interface[output]" time="0.006" /></testsuite></testsuites>