<?xml version="1.0" encoding="utf-8"?><testsuites name="pytest tests"><testsuite name="pytest" errors="0" failures="0" skipped="0" tests="17" time="3.770" timestamp="2026-09-15T00:56:33.695362-04:00" hostname="Allenzjx"><testcase classname="tests.unit.test_semantic_policy_distribution" name="test_contract_and_inplace_configuration_only_change_two_fields[gaussian_scalar_v1]" time="0.017" /><testcase classname="tests.unit.test_semantic_policy_distribution" name="test_contract_and_inplace_configuration_only_change_two_fields[heteroscedastic_log_v1]" time="0.004" /><testcase classname="tests.unit.test_semantic_policy_distribution" name="test_complete_runner_config_validates_without_weak_fixture[v2-gaussian_scalar_v1]" time="0.003" /><testcase classname="tests.unit.test_semantic_policy_distribution" name="test_complete_runner_config_validates_without_weak_fixture[v2-heteroscedastic_log_v1]" time="0.003" /><testcase classname="tests.unit.test_semantic_policy_distribution" name="test_complete_runner_config_validates_without_weak_fixture[v3-gaussian_scalar_v1]" time="0.004" /><testcase classname="tests.unit.test_semantic_policy_distribution" name="test_complete_runner_config_validates_without_weak_fixture[v3-heteroscedastic_log_v1]" time="0.003" /><testcase classname="tests.unit.test_semantic_policy_distribution" name="test_rejects_incomplete_or_conflicting_metadata[missing_contract]" time="0.003" /><testcase classname="tests.unit.test_semantic_policy_distribution" name="test_rejects_incomplete_or_conflicting_metadata[wrong_contract]" time="0.003" /><testcase classname="tests.unit.test_semantic_policy_distribution" name="test_rejects_incomplete_or_conflicting_metadata[extra_config]" time="0.004" /><testcase classname="tests.unit.test_semantic_policy_distribution" name="test_rejects_incomplete_or_conflicting_metadata[changed_gamma]" time="0.003" /><testcase classname="tests.unit.test_semantic_policy_distribution" name="test_rejects_incomplete_or_conflicting_metadata[changed_normalizer]" time="0.004" /><testcase classname="tests.unit.test_semantic_policy_distribution" name="test_rejects_incomplete_or_conflicting_metadata[changed_hidden]" time="0.004" /><testcase classname="tests.unit.test_semantic_policy_distribution" name="test_rejects_incomplete_or_conflicting_metadata[changed_seed]" time="0.004" /><testcase classname="tests.unit.test_semantic_policy_distribution" name="test_rejects_incomplete_or_conflicting_metadata[missing_field]" time="0.004" /><testcase classname="tests.unit.test_semantic_policy_distribution" name="test_rejects_incomplete_or_conflicting_metadata[boolean_number]" time="0.004" /><testcase classname="tests.unit.test_semantic_policy_distribution" name="test_rejects_incomplete_or_conflicting_metadata[policy_version]" time="0.004" /><testcase classname="tests.unit.test_semantic_policy_distribution" name="test_legacy_missing_policy_contract_does_not_allow_other_distribution" time="0.004" /></testsuite></testsuites>