<?xml version="1.0" encoding="utf-8"?><testsuites name="pytest tests"><testsuite name="pytest" errors="0" failures="0" skipped="0" tests="142" time="4.020" timestamp="2026-09-05T22:31:02.981853-04:00" hostname="Allenzjx"><testcase classname="tests.unit.test_semantic_continuous_v3" name="test_whole_body_initial_clearance_does_not_require_rr_joint_motion_or_count_crossing" time="0.011" /><testcase classname="tests.unit.test_semantic_continuous_v3" name="test_two_nonhistorical_whole_body_entries_earn_same_qualification[-20.0]" time="0.011" /><testcase classname="tests.unit.test_semantic_continuous_v3" name="test_two_nonhistorical_whole_body_entries_earn_same_qualification[15.0]" time="0.011" /><testcase classname="tests.unit.test_semantic_continuous_v3" name="test_invalid_airborne_motion_never_earns_active_crossing[collision]" time="0.011" /><testcase classname="tests.unit.test_semantic_continuous_v3" name="test_invalid_airborne_motion_never_earns_active_crossing[fall]" time="0.013" /><testcase classname="tests.unit.test_semantic_continuous_v3" name="test_invalid_airborne_motion_never_earns_active_crossing[wheel_wall]" time="0.013" /><testcase classname="tests.unit.test_semantic_continuous_v3" name="test_invalid_airborne_motion_never_earns_active_crossing[no_motion]" time="0.013" /><testcase classname="tests.unit.test_semantic_continuous_v3" name="test_invalid_airborne_motion_never_earns_active_crossing[descent]" time="0.012" /><testcase classname="tests.unit.test_semantic_continuous_v3" name="test_obstacle_contact_does_not_forbid_fresh_actuated_corrective_lift" time="0.011" /><testcase classname="tests.unit.test_semantic_continuous_v3" name="test_ground_revokes_current_whole_body_qualification_but_retry_keeps_history" time="0.012" /><testcase classname="tests.unit.test_semantic_continuous_v3" name="test_fl_preparation_air_preserves_placement_not_current_load" time="0.014" /><testcase classname="tests.unit.test_semantic_continuous_v3" name="test_p08_air_history_survives_p09_handoff_and_phi_does_not_depend_on_label" time="0.028" /><testcase classname="tests.unit.test_semantic_continuous_v3" name="test_unfinished_p08_support_motion_continues_under_p09_without_old_entry_restore" time="0.025" /><testcase classname="tests.unit.test_semantic_continuous_v3" name="test_phase_bridge_keeps_all_live_residual_channels_without_global_zero[pair0]" time="0.018" /><testcase classname="tests.unit.test_semantic_continuous_v3" name="test_phase_bridge_keeps_all_live_residual_channels_without_global_zero[pair1]" time="0.020" /><testcase classname="tests.unit.test_semantic_continuous_v3" name="test_phase_bridge_keeps_all_live_residual_channels_without_global_zero[pair2]" time="0.033" /><testcase classname="tests.unit.test_semantic_continuous_v3" name="test_phase_bridge_keeps_all_live_residual_channels_without_global_zero[pair3]" time="0.018" /><testcase classname="tests.unit.test_semantic_continuous_v3" name="test_phase_bridge_keeps_all_live_residual_channels_without_global_zero[pair4]" time="0.018" /><testcase classname="tests.unit.test_semantic_continuous_v3" name="test_phase_bridge_keeps_all_live_residual_channels_without_global_zero[pair5]" time="0.025" /><testcase classname="tests.unit.test_semantic_continuous_v3" name="test_phase_bridge_keeps_all_live_residual_channels_without_global_zero[pair6]" time="0.021" /><testcase classname="tests.unit.test_semantic_continuous_v3" name="test_phase_bridge_keeps_all_live_residual_channels_without_global_zero[pair7]" time="0.018" /><testcase classname="tests.unit.test_semantic_continuous_v3" name="test_phase_bridge_keeps_all_live_residual_channels_without_global_zero[pair8]" time="0.021" /><testcase classname="tests.unit.test_semantic_continuous_v3" name="test_initial_departure_is_not_rebound_but_post_touchdown_passive_rebound_is" time="0.013" /><testcase classname="tests.unit.test_semantic_continuous_v3" name="test_nominal_and_residual_changes_are_diagnostic_when_applied_is_constant" time="0.005" /><testcase classname="tests.unit.test_semantic_continuous_v3" name="test_real_env_phase_change_is_not_done_and_new_ranges_reach_meaningful_targets" time="0.026" /><testcase classname="tests.unit.test_semantic_continuous_v3" name="test_v3_failure_bound_success_and_no_cycle_or_stall_bonus" time="0.006" /><testcase classname="tests.unit.test_semantic_supervisor" name="test_p02_descent_handoff_requires_front_edge_capture_geometry[-0.15-False]" time="0.012" /><testcase classname="tests.unit.test_semantic_supervisor" name="test_p02_descent_handoff_requires_front_edge_capture_geometry[-0.005001-False]" time="0.012" /><testcase classname="tests.unit.test_semantic_supervisor" name="test_p02_descent_handoff_requires_front_edge_capture_geometry[-0.005-True]" time="0.012" /><testcase classname="tests.unit.test_semantic_supervisor" name="test_p02_descent_handoff_requires_front_edge_capture_geometry[-0.001-True]" time="0.014" /><testcase classname="tests.unit.test_semantic_supervisor" name="test_p02_front_edge_geometry_does_not_replace_lift_or_clearance[lift]" time="0.014" /><testcase classname="tests.unit.test_semantic_supervisor" name="test_p02_front_edge_geometry_does_not_replace_lift_or_clearance[clearance]" time="0.014" /><testcase classname="tests.unit.test_semantic_supervisor" name="test_p10_entry_accepts_actual_rr_placement_without_historical_rebound[-30.0-0.0]" time="0.027" /><testcase classname="tests.unit.test_semantic_supervisor" name="test_p10_entry_accepts_actual_rr_placement_without_historical_rebound[-43.0--3.0]" time="0.026" /><testcase classname="tests.unit.test_semantic_supervisor" name="test_p10_entry_accepts_actual_rr_placement_without_historical_rebound[-50.3975984-0.0]" time="0.023" /><testcase classname="tests.unit.test_semantic_supervisor" name="test_p10_entry_accepts_actual_rr_placement_without_historical_rebound[10.0--20.0]" time="0.026" /><testcase classname="tests.unit.test_semantic_supervisor" name="test_p10_historical_knee_values_do_not_replace_actual_rr_history" time="0.023" /><testcase classname="tests.unit.test_semantic_supervisor" name="test_p10_collision_rejected_even_with_history_and_exact_historical_knee" time="0.024" /><testcase classname="tests.unit.test_semantic_supervisor" name="test_p10_needs_complete_current_physical_observation[contacts]" time="0.023" /><testcase classname="tests.unit.test_semantic_supervisor" name="test_p10_needs_complete_current_physical_observation[wheels]" time="0.023" /><testcase classname="tests.unit.test_semantic_supervisor" name="test_p10_needs_complete_current_physical_observation[imu]" time="0.024" /><testcase classname="tests.unit.test_semantic_supervisor" name="test_p10_completion_waits_for_workspace_then_handoffs_without_velocity_gate" time="0.026" /><testcase classname="tests.unit.test_semantic_supervisor" name="test_raw_joint_command_or_air_without_measured_lift_never_credits_lift" time="0.025" /><testcase classname="tests.unit.test_semantic_supervisor" name="test_single_air_sample_is_not_active_lift" time="0.010" /><testcase classname="tests.unit.test_semantic_supervisor" name="test_monotonic_airborne_descent_is_not_positive_lift_excursion" time="0.010" /><testcase classname="tests.unit.test_semantic_supervisor" name="test_lift_land_then_wheel_only_roll_cannot_reuse_old_crossing_qualification" time="0.011" /><testcase classname="tests.unit.test_semantic_supervisor" name="test_old_excursion_window_cannot_requalify_after_ground_contact" time="0.012" /><testcase classname="tests.unit.test_semantic_supervisor" name="test_new_genuine_lift_after_landing_can_retry_and_preserves_both_attempts" time="0.012" /><testcase classname="tests.unit.test_semantic_supervisor" name="test_crossing_geometry_rejects_low_wheel_climb_but_allows_real_air_to_top[low_air]" time="0.012" /><testcase classname="tests.unit.test_semantic_supervisor" name="test_crossing_geometry_rejects_low_wheel_climb_but_allows_real_air_to_top[low_air_to_top]" time="0.011" /><testcase classname="tests.unit.test_semantic_supervisor" name="test_crossing_geometry_rejects_low_wheel_climb_but_allows_real_air_to_top[ground_to_top]" time="0.012" /><testcase classname="tests.unit.test_semantic_supervisor" name="test_crossing_geometry_rejects_low_wheel_climb_but_allows_real_air_to_top[clear_air_to_top]" time="0.011" /><testcase classname="tests.unit.test_semantic_supervisor" name="test_revoked_lift_qualification_is_visible_in_existing_task_history_features" time="0.021" /><testcase classname="tests.unit.test_semantic_supervisor" name="test_active_clearance_then_early_top_landing_can_cross_after_multiple_contact_ticks[missing_point]" time="0.026" /><testcase classname="tests.unit.test_semantic_supervisor" name="test_active_clearance_then_early_top_landing_can_cross_after_multiple_contact_ticks[top_point]" time="0.026" /><testcase classname="tests.unit.test_semantic_supervisor" name="test_active_clearance_then_early_top_landing_can_cross_after_multiple_contact_ticks[mixed_contact_mean]" time="0.027" /><testcase classname="tests.unit.test_semantic_supervisor" name="test_low_joint_driven_hop_never_earns_observable_above_top_qualification" time="0.021" /><testcase classname="tests.unit.test_semantic_supervisor" name="test_corner_contact_does_not_invent_ground_or_expire_true_clearance_history" time="0.013" /><testcase classname="tests.unit.test_semantic_supervisor" name="test_air_cross_still_needs_current_clearance_after_earlier_qualified_lift" time="0.011" /><testcase classname="tests.unit.test_semantic_supervisor" name="test_rr_first_order_is_actual_history_not_phase_name" time="0.011" /><testcase classname="tests.unit.test_semantic_supervisor" name="test_evaluator_requires_final_region_home_and_stable_physical_stop" time="0.040" /><testcase classname="tests.unit.test_semantic_supervisor" name="test_final_static_placement_without_active_history_is_not_success" time="0.010" /><testcase classname="tests.unit.test_semantic_supervisor" name="test_physical_stop_tolerance_is_not_an_exact_zero_actor_requirement[0.01-True]" time="0.043" /><testcase classname="tests.unit.test_semantic_supervisor" name="test_physical_stop_tolerance_is_not_an_exact_zero_actor_requirement[0.2-False]" time="0.040" /><testcase classname="tests.unit.test_semantic_supervisor" name="test_final_top_height_alone_cannot_fake_obstacle_region[wheel_y]" time="0.041" /><testcase classname="tests.unit.test_semantic_supervisor" name="test_final_top_height_alone_cannot_fake_obstacle_region[wheel_back]" time="0.043" /><testcase classname="tests.unit.test_semantic_supervisor" name="test_final_top_height_alone_cannot_fake_obstacle_region[base_y]" time="0.042" /><testcase classname="tests.unit.test_semantic_supervisor" name="test_final_top_height_alone_cannot_fake_obstacle_region[base_back]" time="0.040" /><testcase classname="tests.unit.test_semantic_supervisor" name="test_unfinished_task_ends_at_declared_task_deadline_not_legacy_half_second" time="0.012" /><testcase classname="tests.unit.test_semantic_supervisor" name="test_history_reset_does_not_inherit_success_from_another_evaluator" time="0.024" /><testcase classname="tests.unit.test_semantic_supervisor" name="test_repeated_same_observation_cannot_mine_stage_credit" time="0.025" /><testcase classname="tests.unit.test_semantic_supervisor" name="test_final_stop_without_current_physical_support_never_succeeds" time="0.041" /><testcase classname="tests.unit.test_semantic_supervisor" name="test_missing_or_unverified_geometry_is_not_feasibility" time="0.011" /><testcase classname="tests.unit.test_semantic_supervisor" name="test_nonfinite_and_hard_limits_remain_terminal" time="0.020" /><testcase classname="tests.unit.test_semantic_supervisor" name="test_goal_history_requires_contiguous_real_observation_ticks" time="0.011" /><testcase classname="tests.unit.test_semantic_supervisor" name="test_stage_spec_covers_all_tasks_without_reference_predicates" time="0.010" /><testcase classname="tests.unit.test_semantic_supervisor" name="test_nominal_handoff_is_continuous_and_does_not_reapply_increment" time="0.025" /><testcase classname="tests.unit.test_semantic_supervisor" name="test_early_handoff_still_approaches_usable_absolute_advisory_not_a_lost_delta" time="0.035" /><testcase classname="tests.unit.test_semantic_supervisor" name="test_p02_reuses_verified_p01_wheel_prior_after_finite_lift_tail" time="0.036" /><testcase classname="tests.unit.test_semantic_supervisor" name="test_p02_approach_assist_is_current_goal_feedback_and_slews_to_stop[arrival]" time="0.033" /><testcase classname="tests.unit.test_semantic_supervisor" name="test_p02_approach_assist_is_current_goal_feedback_and_slews_to_stop[overrun]" time="0.031" /><testcase classname="tests.unit.test_semantic_supervisor" name="test_p02_approach_assist_is_current_goal_feedback_and_slews_to_stop[no_lift]" time="0.030" /><testcase classname="tests.unit.test_semantic_supervisor" name="test_p02_approach_assist_is_current_goal_feedback_and_slews_to_stop[no_clearance]" time="0.031" /><testcase classname="tests.unit.test_semantic_supervisor" name="test_p02_approach_assist_is_current_goal_feedback_and_slews_to_stop[one_support]" time="0.043" /><testcase classname="tests.unit.test_semantic_supervisor" name="test_p02_approach_assist_is_current_goal_feedback_and_slews_to_stop[invalid]" time="0.032" /><testcase classname="tests.unit.test_semantic_supervisor" name="test_p02_approach_assist_is_current_goal_feedback_and_slews_to_stop[unsafe]" time="0.030" /><testcase classname="tests.unit.test_semantic_supervisor" name="test_p02_approach_assist_is_current_goal_feedback_and_slews_to_stop[task_terminal]" time="0.030" /><testcase classname="tests.unit.test_semantic_supervisor" name="test_p02_assist_handoff_preserves_current_target_then_uses_next_advisory" time="0.032" /><testcase classname="tests.unit.test_semantic_supervisor" name="test_p02_assist_accepts_existing_clearance_and_two_support_boundary" time="0.031" /><testcase classname="tests.unit.test_semantic_supervisor" name="test_approach_assist_does_not_change_any_other_phase_prior[P01]" time="0.043" /><testcase classname="tests.unit.test_semantic_supervisor" name="test_approach_assist_does_not_change_any_other_phase_prior[P03]" time="0.042" /><testcase classname="tests.unit.test_semantic_supervisor" name="test_approach_assist_does_not_change_any_other_phase_prior[P04]" time="0.041" /><testcase classname="tests.unit.test_semantic_supervisor" name="test_approach_assist_does_not_change_any_other_phase_prior[P05]" time="0.041" /><testcase classname="tests.unit.test_semantic_supervisor" name="test_approach_assist_does_not_change_any_other_phase_prior[P06]" time="0.041" /><testcase classname="tests.unit.test_semantic_supervisor" name="test_approach_assist_does_not_change_any_other_phase_prior[P07]" time="0.060" /><testcase classname="tests.unit.test_semantic_supervisor" name="test_approach_assist_does_not_change_any_other_phase_prior[P08]" time="0.044" /><testcase classname="tests.unit.test_semantic_supervisor" name="test_approach_assist_does_not_change_any_other_phase_prior[P09]" time="0.042" /><testcase classname="tests.unit.test_semantic_supervisor" name="test_approach_assist_does_not_change_any_other_phase_prior[P10]" time="0.043" /><testcase classname="tests.unit.test_semantic_supervisor" name="test_approach_assist_does_not_change_any_other_phase_prior[P11]" time="0.042" /><testcase classname="tests.unit.test_semantic_supervisor" name="test_approach_assist_does_not_change_any_other_phase_prior[P12]" time="0.040" /><testcase classname="tests.unit.test_semantic_supervisor" name="test_approach_assist_does_not_change_any_other_phase_prior[P13]" time="0.043" /><testcase classname="tests.unit.test_semantic_supervisor" name="test_missing_physical_task_data_keeps_original_p02_advisory[P02]" time="0.020" /><testcase classname="tests.unit.test_semantic_supervisor" name="test_missing_physical_task_data_keeps_original_p02_advisory[stage1]" time="0.024" /><testcase classname="tests.unit.test_semantic_supervisor" name="test_approach_prior_configuration_is_bound_to_p01_logical_rad_per_second" time="0.018" /><testcase classname="tests.unit.test_semantic_supervisor" name="test_controller_passes_live_goals_to_p02_prior_without_replaying_p01" time="0.145" /><testcase classname="tests.unit.test_semantic_supervisor" name="test_placement_progress_is_continuous_but_does_not_forge_completion" time="0.020" /><testcase classname="tests.unit.test_semantic_supervisor" name="test_nominal_endpoint_does_not_complete_unfinished_task_or_stop_residual" time="0.468" /><testcase classname="tests.unit.test_semantic_supervisor" name="test_adapter_produces_full12_and_preserves_public_rate_contract" time="0.132" /><testcase classname="tests.unit.test_semantic_observation_reward_env" name="test_live_dataclasses_and_real_obstacle_planes_encode_automatic_dimension" time="0.002" /><testcase classname="tests.unit.test_semantic_observation_reward_env" name="test_episode_start_tilt_is_not_redefined_as_horizontal" time="0.001" /><testcase classname="tests.unit.test_semantic_observation_reward_env" name="test_real_task_supervisor_metadata_encodes_without_fixture_contract_shortcuts" time="0.012" /><testcase classname="tests.unit.test_semantic_observation_reward_env" name="test_euler_pitch_derivative_comes_from_pose_not_body_omega_y" time="0.002" /><testcase classname="tests.unit.test_semantic_observation_reward_env" name="test_missing_live_metadata_fails_closed[semantic_task]" time="0.001" /><testcase classname="tests.unit.test_semantic_observation_reward_env" name="test_missing_live_metadata_fails_closed[mapper_state_summary]" time="0.001" /><testcase classname="tests.unit.test_semantic_observation_reward_env" name="test_missing_live_metadata_fails_closed[mapped_nominal_full12]" time="0.001" /><testcase classname="tests.unit.test_semantic_observation_reward_env" name="test_unverified_geometry_fails_closed_and_reversed_planes_are_rejected" time="0.001" /><testcase classname="tests.unit.test_semantic_observation_reward_env" name="test_reward_has_only_five_families_and_standing_still_cannot_profit" time="0.004" /><testcase classname="tests.unit.test_semantic_observation_reward_env" name="test_phase_label_change_is_not_a_reward_event_or_potential_reset" time="0.004" /><testcase classname="tests.unit.test_semantic_observation_reward_env" name="test_discounted_closed_potential_cycle_cannot_generate_positive_credit" time="0.005" /><testcase classname="tests.unit.test_semantic_observation_reward_env" name="test_failure_and_task_timeout_have_zero_potential_no_bootstrap[BODY_COLLISION]" time="0.004" /><testcase classname="tests.unit.test_semantic_observation_reward_env" name="test_failure_and_task_timeout_have_zero_potential_no_bootstrap[WHEEL_ONLY_CLIMB]" time="0.004" /><testcase classname="tests.unit.test_semantic_observation_reward_env" name="test_failure_and_task_timeout_have_zero_potential_no_bootstrap[TASK_TIMEOUT]" time="0.004" /><testcase classname="tests.unit.test_semantic_observation_reward_env" name="test_failure_and_task_timeout_have_zero_potential_no_bootstrap[FALL]" time="0.005" /><testcase classname="tests.unit.test_semantic_observation_reward_env" name="test_failure_and_task_timeout_have_zero_potential_no_bootstrap[HARD_JOINT_LIMIT]" time="0.004" /><testcase classname="tests.unit.test_semantic_observation_reward_env" name="test_failure_and_task_timeout_have_zero_potential_no_bootstrap[NAN_INF]" time="0.004" /><testcase classname="tests.unit.test_semantic_observation_reward_env" name="test_success_is_one_terminal_event_and_failure_exceeds_avoidable_cost_bound" time="0.004" /><testcase classname="tests.unit.test_semantic_observation_reward_env" name="test_regularizer_can_be_disabled_and_transfer_attitude_is_less_restrictive" time="0.004" /><testcase classname="tests.unit.test_semantic_observation_reward_env" name="test_actual_env_projector_reward_signature_and_eight_tick_action_hold" time="0.022" /><testcase classname="tests.unit.test_semantic_observation_reward_env" name="test_env_valid_terminal_breaks_repeat_and_never_bootstraps[BODY_COLLISION]" time="0.034" /><testcase classname="tests.unit.test_semantic_observation_reward_env" name="test_env_valid_terminal_breaks_repeat_and_never_bootstraps[SUCCESS]" time="0.021" /><testcase classname="tests.unit.test_semantic_observation_reward_env" name="test_env_valid_terminal_breaks_repeat_and_never_bootstraps[INCOMPLETE_CONTROLLER_BLOCKED]" time="0.020" /><testcase classname="tests.unit.test_semantic_observation_reward_env" name="test_200_seconds_is_task_terminal_and_partial_policy_step_cost_uses_actual_dt" time="0.020" /><testcase classname="tests.unit.test_semantic_observation_reward_env" name="test_unknown_abort_cannot_continue_collecting_policy_credit[SAFETY_ABORT]" time="0.000" /><testcase classname="tests.unit.test_semantic_observation_reward_env" name="test_unknown_abort_cannot_continue_collecting_policy_credit[SOME_UNKNOWN_RESULT]" time="0.000" /><testcase classname="tests.unit.test_semantic_observation_reward_env" name="test_unknown_abort_cannot_continue_collecting_policy_credit[INFRASTRUCTURE_ERROR]" time="0.000" /><testcase classname="tests.unit.test_semantic_observation_reward_env" name="test_repeated_completed_stage_cannot_appear_in_actor_history" time="0.001" /><testcase classname="tests.unit.test_semantic_observation_reward_env" name="test_all_physics_audits_preserve_early_native_effect_and_stage_evidence_once" time="0.031" /><testcase classname="tests.unit.test_semantic_observation_reward_env" name="test_intermediate_missing_or_invalid_audit_cannot_be_hidden_by_valid_final_tick[setting0]" time="0.023" /><testcase classname="tests.unit.test_semantic_observation_reward_env" name="test_intermediate_missing_or_invalid_audit_cannot_be_hidden_by_valid_final_tick[setting1]" time="0.025" /><testcase classname="tests.unit.test_semantic_observation_reward_env" name="test_intermediate_forbidden_write_and_missing_counter_fail_closed" time="0.045" /><testcase classname="tests.unit.test_semantic_legacy_evaluator_paths" name="test_explicit_v3_common_paths_construct_real_evaluator_and_metrics" time="0.055" /><testcase classname="tests.unit.test_semantic_legacy_evaluator_paths" name="test_omitted_common_paths_keep_original_defaults" time="0.027" /></testsuite></testsuites>