<?xml version="1.0" encoding="utf-8"?><testsuites name="pytest tests"><testsuite name="pytest" errors="0" failures="0" skipped="0" tests="139" time="10.515" timestamp="2026-09-15T02:21:27.894142-04:00" hostname="Allenzjx"><testcase classname="outputs.ppo_height_and_p02_recovery_v1.test_four_wheel_semantics" name="test_residual_permission_mask_never_masks_nominal[previous0-P01]" time="0.038" /><testcase classname="outputs.ppo_height_and_p02_recovery_v1.test_four_wheel_semantics" name="test_residual_permission_mask_never_masks_nominal[previous0-P02]" time="0.037" /><testcase classname="outputs.ppo_height_and_p02_recovery_v1.test_four_wheel_semantics" name="test_residual_permission_mask_never_masks_nominal[previous0-P03]" time="0.085" /><testcase classname="outputs.ppo_height_and_p02_recovery_v1.test_four_wheel_semantics" name="test_residual_permission_mask_never_masks_nominal[previous1-P01]" time="0.036" /><testcase classname="outputs.ppo_height_and_p02_recovery_v1.test_four_wheel_semantics" name="test_residual_permission_mask_never_masks_nominal[previous1-P02]" time="0.036" /><testcase classname="outputs.ppo_height_and_p02_recovery_v1.test_four_wheel_semantics" name="test_residual_permission_mask_never_masks_nominal[previous1-P03]" time="0.033" /><testcase classname="outputs.ppo_height_and_p02_recovery_v1.test_four_wheel_semantics" name="test_one_residual_writes_only_its_wheel_on_reversed_joint_indices[-0.13-0]" time="0.003" /><testcase classname="outputs.ppo_height_and_p02_recovery_v1.test_four_wheel_semantics" name="test_one_residual_writes_only_its_wheel_on_reversed_joint_indices[-0.13-1]" time="0.001" /><testcase classname="outputs.ppo_height_and_p02_recovery_v1.test_four_wheel_semantics" name="test_one_residual_writes_only_its_wheel_on_reversed_joint_indices[-0.13-2]" time="0.001" /><testcase classname="outputs.ppo_height_and_p02_recovery_v1.test_four_wheel_semantics" name="test_one_residual_writes_only_its_wheel_on_reversed_joint_indices[-0.13-3]" time="0.001" /><testcase classname="outputs.ppo_height_and_p02_recovery_v1.test_four_wheel_semantics" name="test_one_residual_writes_only_its_wheel_on_reversed_joint_indices[0.13-0]" time="0.001" /><testcase classname="outputs.ppo_height_and_p02_recovery_v1.test_four_wheel_semantics" name="test_one_residual_writes_only_its_wheel_on_reversed_joint_indices[0.13-1]" time="0.001" /><testcase classname="outputs.ppo_height_and_p02_recovery_v1.test_four_wheel_semantics" name="test_one_residual_writes_only_its_wheel_on_reversed_joint_indices[0.13-2]" time="0.001" /><testcase classname="outputs.ppo_height_and_p02_recovery_v1.test_four_wheel_semantics" name="test_one_residual_writes_only_its_wheel_on_reversed_joint_indices[0.13-3]" time="0.001" /><testcase classname="outputs.ppo_height_and_p02_recovery_v1.test_four_wheel_semantics" name="test_zero_residual_retains_all_four_nominal_targets" time="0.001" /><testcase classname="outputs.ppo_height_and_p02_recovery_v1.test_four_wheel_semantics" name="test_phase_handoff_preserves_nominal_and_residual_history[pair0]" time="0.033" /><testcase classname="outputs.ppo_height_and_p02_recovery_v1.test_four_wheel_semantics" name="test_phase_handoff_preserves_nominal_and_residual_history[pair1]" time="0.036" /><testcase classname="outputs.ppo_height_and_p02_recovery_v1.test_four_wheel_semantics" name="test_policy_cancellation_zero_target_and_measured_velocity_are_distinct" time="0.001" /><testcase classname="outputs.ppo_height_and_p02_recovery_v1.test_four_wheel_semantics" name="test_diagnostic_wrapper_restores_cli_functions_on_exception" time="0.081" /><testcase classname="tests.unit.test_semantic_residual_adapter" name="test_native_composition_preserves_mapper_and_same_tick_audit[residual0]" time="0.044" /><testcase classname="tests.unit.test_semantic_residual_adapter" name="test_native_composition_preserves_mapper_and_same_tick_audit[residual1]" time="0.043" /><testcase classname="tests.unit.test_semantic_residual_adapter" name="test_native_composition_preserves_mapper_and_same_tick_audit[residual2]" time="0.042" /><testcase classname="tests.unit.test_semantic_residual_adapter" name="test_controller_correction_cap_stays_frozen_even_when_policy_cancels[residual0]" time="0.001" /><testcase classname="tests.unit.test_semantic_residual_adapter" name="test_controller_correction_cap_stays_frozen_even_when_policy_cancels[residual1]" time="0.000" /><testcase classname="tests.unit.test_semantic_residual_adapter" name="test_rejected_plan_never_advances_or_dispatches" time="0.000" /><testcase classname="tests.unit.test_semantic_residual_adapter" name="test_zero_current_residual_after_large_history_has_zero_counterfactual_effect" time="0.009" /><testcase classname="tests.unit.test_semantic_residual_adapter" name="test_v2_does_not_opt_in_and_v3_explicitly_does" time="0.060" /><testcase classname="tests.unit.test_semantic_residual_adapter" name="test_new_range_only_uses_one_reset_and_crosses_old_envelope" time="2.818" /><testcase classname="tests.unit.test_semantic_residual_adapter" name="test_probe_segment_cli_defaults_and_rejects_unknown" time="0.003" /><testcase classname="tests.unit.test_actuator_target_effect" name="test_nonzero_pre_cast_residual_below_float32_quantization_has_no_effect[1e-09]" time="0.002" /><testcase classname="tests.unit.test_actuator_target_effect" name="test_nonzero_pre_cast_residual_below_float32_quantization_has_no_effect[1e-12]" time="0.001" /><testcase classname="tests.unit.test_actuator_target_effect" name="test_one_percent_policy_visible_target_in_canonical_full12_order[0]" time="0.068" /><testcase classname="tests.unit.test_actuator_target_effect" name="test_one_percent_policy_visible_target_in_canonical_full12_order[1]" time="0.014" /><testcase classname="tests.unit.test_actuator_target_effect" name="test_one_percent_policy_visible_target_in_canonical_full12_order[2]" time="0.013" /><testcase classname="tests.unit.test_actuator_target_effect" name="test_one_percent_policy_visible_target_in_canonical_full12_order[3]" time="0.013" /><testcase classname="tests.unit.test_actuator_target_effect" name="test_one_percent_policy_visible_target_in_canonical_full12_order[4]" time="0.014" /><testcase classname="tests.unit.test_actuator_target_effect" name="test_one_percent_policy_visible_target_in_canonical_full12_order[5]" time="0.014" /><testcase classname="tests.unit.test_actuator_target_effect" name="test_one_percent_policy_visible_target_in_canonical_full12_order[6]" time="0.013" /><testcase classname="tests.unit.test_actuator_target_effect" name="test_one_percent_policy_visible_target_in_canonical_full12_order[7]" time="0.013" /><testcase classname="tests.unit.test_actuator_target_effect" name="test_one_percent_policy_visible_target_in_canonical_full12_order[8]" time="0.013" /><testcase classname="tests.unit.test_actuator_target_effect" name="test_one_percent_policy_visible_target_in_canonical_full12_order[9]" time="0.013" /><testcase classname="tests.unit.test_actuator_target_effect" name="test_one_percent_policy_visible_target_in_canonical_full12_order[10]" time="0.012" /><testcase classname="tests.unit.test_actuator_target_effect" name="test_one_percent_policy_visible_target_in_canonical_full12_order[11]" time="0.014" /><testcase classname="tests.unit.test_actuator_target_effect" name="test_safety_projected_zero_cannot_count_nonzero_policy_request_as_effect" time="0.014" /><testcase classname="tests.unit.test_actuator_target_effect" name="test_final_slew_clamps_actual_and_counterfactual_to_same_target" time="0.001" /><testcase classname="tests.unit.test_actuator_target_effect" name="test_counterfactual_uses_pre_dispatch_not_updated_final_drive" time="0.001" /><testcase classname="tests.unit.test_actuator_target_effect" name="test_counterfactual_retains_controller_drive_feedback" time="0.001" /><testcase classname="tests.unit.test_actuator_target_effect" name="test_audit_reuses_frozen_mapping_without_second_advance_apply_or_dispatch" time="0.001" /><testcase classname="tests.unit.test_actuator_target_effect" name="test_unverifiable_actual_dispatch_fails_closed[dispatch]" time="0.001" /><testcase classname="tests.unit.test_actuator_target_effect" name="test_unverifiable_actual_dispatch_fails_closed[both]" time="0.001" /><testcase classname="tests.unit.test_actuator_target_effect" name="test_unverifiable_actual_dispatch_fails_closed[dtype]" time="0.001" /><testcase classname="tests.unit.test_actuator_target_effect" name="test_unverifiable_actual_dispatch_fails_closed[missing]" time="0.001" /><testcase classname="tests.unit.test_actuator_target_effect" name="test_unverifiable_actual_dispatch_fails_closed[nan]" time="0.001" /><testcase classname="tests.unit.test_actuator_target_effect" name="test_backend_audit_default_disabled_and_request_only_saves_copied_metadata" time="0.001" /><testcase classname="tests.unit.test_actuator_target_effect" name="test_backend_only_enabled_path_reads_audit_and_emits_frame_info[False]" time="0.024" /><testcase classname="tests.unit.test_actuator_target_effect" name="test_backend_only_enabled_path_reads_audit_and_emits_frame_info[True]" time="0.025" /><testcase classname="tests.unit.test_semantic_p06_wheel_tail" name="test_actual_source_three_waypoint_timing_and_tail_only_at_original_endpoint" time="0.431" /><testcase classname="tests.unit.test_semantic_p06_wheel_tail" name="test_absent_and_none_optin_preserve_old_zero_tail_and_v2[absent]" time="0.300" /><testcase classname="tests.unit.test_semantic_p06_wheel_tail" name="test_absent_and_none_optin_preserve_old_zero_tail_and_v2[None]" time="0.301" /><testcase classname="tests.unit.test_semantic_p06_wheel_tail" name="test_current_recorded_far_workspace_stays_uncompleted_across_source_stop" time="0.224" /><testcase classname="tests.unit.test_semantic_p06_wheel_tail" name="test_partial_full_retirement_and_retreat_do_not_reactivate_tail" time="0.053" /><testcase classname="tests.unit.test_semantic_p06_wheel_tail" name="test_lagging_rear_or_invalid_lateral_cannot_earn_new_retirement[-0.3--0.2-True]" time="0.020" /><testcase classname="tests.unit.test_semantic_p06_wheel_tail" name="test_lagging_rear_or_invalid_lateral_cannot_earn_new_retirement[-0.21--0.3-True]" time="0.020" /><testcase classname="tests.unit.test_semantic_p06_wheel_tail" name="test_lagging_rear_or_invalid_lateral_cannot_earn_new_retirement[-0.21--0.21-False]" time="0.020" /><testcase classname="tests.unit.test_semantic_p06_wheel_tail" name="test_early_handoff_keeps_layer_clock_and_tail_uses_p06_not_current_endpoint[True]" time="0.256" /><testcase classname="tests.unit.test_semantic_p06_wheel_tail" name="test_early_handoff_keeps_layer_clock_and_tail_uses_p06_not_current_endpoint[False]" time="0.244" /><testcase classname="tests.unit.test_semantic_p06_wheel_tail" name="test_later_real_p07_reverse_and_stop_own_only_fr_then_p09_owns_all" time="0.217" /><testcase classname="tests.unit.test_semantic_p06_wheel_tail" name="test_p13_endpoint_stop_has_priority_over_still_active_p06_tail" time="0.220" /><testcase classname="tests.unit.test_semantic_p06_wheel_tail" name="test_qualified_carry_override_still_wins_after_complete_retirement" time="0.046" /><testcase classname="tests.unit.test_semantic_p06_wheel_tail" name="test_terminal_first_tail_tick_advances_original_source_but_never_earns_or_activates[task-False]" time="0.018" /><testcase classname="tests.unit.test_semantic_p06_wheel_tail" name="test_terminal_first_tail_tick_advances_original_source_but_never_earns_or_activates[task-True]" time="0.035" /><testcase classname="tests.unit.test_semantic_p06_wheel_tail" name="test_terminal_first_tail_tick_advances_original_source_but_never_earns_or_activates[evaluator-False]" time="0.017" /><testcase classname="tests.unit.test_semantic_p06_wheel_tail" name="test_terminal_first_tail_tick_advances_original_source_but_never_earns_or_activates[evaluator-True]" time="0.043" /><testcase classname="tests.unit.test_semantic_p06_wheel_tail" name="test_invalid_tail_measurement_fails_before_clock_or_nominal_mutation[missing]" time="0.021" /><testcase classname="tests.unit.test_semantic_p06_wheel_tail" name="test_invalid_tail_measurement_fails_before_clock_or_nominal_mutation[invalid]" time="0.022" /><testcase classname="tests.unit.test_semantic_p06_wheel_tail" name="test_invalid_tail_measurement_fails_before_clock_or_nominal_mutation[nan]" time="0.017" /><testcase classname="tests.unit.test_semantic_p06_wheel_tail" name="test_invalid_tail_measurement_fails_before_clock_or_nominal_mutation[stale]" time="0.022" /><testcase classname="tests.unit.test_semantic_p06_wheel_tail" name="test_invalid_tail_measurement_fails_before_clock_or_nominal_mutation[lateral_type]" time="0.023" /><testcase classname="tests.unit.test_semantic_p06_wheel_tail" name="test_direct_teacher_handoff_cannot_invent_p06_layer_or_tail[P09]" time="0.046" /><testcase classname="tests.unit.test_semantic_p06_wheel_tail" name="test_direct_teacher_handoff_cannot_invent_p06_layer_or_tail[P10]" time="0.036" /><testcase classname="tests.unit.test_semantic_p06_wheel_tail" name="test_direct_teacher_handoff_cannot_invent_p06_layer_or_tail[P12]" time="0.033" /><testcase classname="tests.unit.test_semantic_p06_wheel_tail" name="test_direct_p06_handoff_starts_current_source_and_slews_actual_receipt" time="0.034" /><testcase classname="tests.unit.test_semantic_p06_wheel_tail" name="test_tail_diagnostics_are_copied_and_label_pre_owner_pre_slew" time="0.019" /><testcase classname="tests.unit.test_semantic_p06_wheel_tail" name="test_real_projected_negative_residual_can_cancel_tail_with_one_frozen_dispatch" time="0.067" /><testcase classname="tests.unit.test_semantic_p06_wheel_tail" name="test_loader_rejects_mode_without_existing_retirement_contract[unknown]" time="0.061" /><testcase classname="tests.unit.test_semantic_p06_wheel_tail" name="test_loader_rejects_mode_without_existing_retirement_contract[no_retirement]" time="0.055" /><testcase classname="tests.unit.test_semantic_p06_wheel_tail" name="test_loader_rejects_mode_without_existing_retirement_contract[not_continuous]" time="0.061" /><testcase classname="tests.unit.test_semantic_p06_wheel_tail" name="test_constructor_rejects_unreviewed_source_structures_but_absent_mode_stays_compatible[amplitude]" time="0.029" /><testcase classname="tests.unit.test_semantic_p06_wheel_tail" name="test_constructor_rejects_unreviewed_source_structures_but_absent_mode_stays_compatible[negative]" time="0.030" /><testcase classname="tests.unit.test_semantic_p06_wheel_tail" name="test_constructor_rejects_unreviewed_source_structures_but_absent_mode_stays_compatible[extra]" time="0.035" /><testcase classname="tests.unit.test_semantic_p06_wheel_tail" name="test_constructor_rejects_unreviewed_source_structures_but_absent_mode_stays_compatible[anchor]" time="0.029" /><testcase classname="tests.unit.test_semantic_p06_wheel_tail" name="test_constructor_rejects_unreviewed_source_structures_but_absent_mode_stays_compatible[endpoint]" time="0.031" /><testcase classname="tests.unit.test_semantic_p06_wheel_tail" name="test_constructor_rejects_unreviewed_source_structures_but_absent_mode_stays_compatible[servo]" time="0.032" /><testcase classname="tests.unit.test_semantic_p06_wheel_tail" name="test_constructor_rejects_unreviewed_source_structures_but_absent_mode_stays_compatible[onset]" time="0.034" /><testcase classname="tests.unit.test_semantic_p06_wheel_tail" name="test_constructor_rejects_unreviewed_source_structures_but_absent_mode_stays_compatible[duration]" time="0.038" /><testcase classname="tests.unit.test_semantic_p06_wheel_tail" name="test_constructor_rejects_unreviewed_source_structures_but_absent_mode_stays_compatible[atomic]" time="0.088" /><testcase classname="tests.unit.test_semantic_p06_wheel_tail" name="test_constructor_rejects_unreviewed_source_structures_but_absent_mode_stays_compatible[kind]" time="0.031" /><testcase classname="tests.unit.test_semantic_p06_wheel_tail" name="test_source_amplitude_is_bound_to_verified_p01_tuple_not_hardcoded_constant" time="0.015" /><testcase classname="tests.unit.test_semantic_continuous_v3" name="test_whole_body_initial_clearance_does_not_require_rr_joint_motion_or_count_crossing" time="0.016" /><testcase classname="tests.unit.test_semantic_continuous_v3" name="test_two_nonhistorical_whole_body_entries_earn_same_qualification[-20.0]" time="0.018" /><testcase classname="tests.unit.test_semantic_continuous_v3" name="test_two_nonhistorical_whole_body_entries_earn_same_qualification[15.0]" time="0.017" /><testcase classname="tests.unit.test_semantic_continuous_v3" name="test_invalid_airborne_motion_never_earns_active_crossing[collision]" time="0.016" /><testcase classname="tests.unit.test_semantic_continuous_v3" name="test_invalid_airborne_motion_never_earns_active_crossing[fall]" time="0.016" /><testcase classname="tests.unit.test_semantic_continuous_v3" name="test_invalid_airborne_motion_never_earns_active_crossing[wheel_wall]" time="0.016" /><testcase classname="tests.unit.test_semantic_continuous_v3" name="test_invalid_airborne_motion_never_earns_active_crossing[no_motion]" time="0.016" /><testcase classname="tests.unit.test_semantic_continuous_v3" name="test_invalid_airborne_motion_never_earns_active_crossing[descent]" time="0.017" /><testcase classname="tests.unit.test_semantic_continuous_v3" name="test_obstacle_contact_does_not_forbid_fresh_actuated_corrective_lift" time="0.017" /><testcase classname="tests.unit.test_semantic_continuous_v3" name="test_ground_revokes_current_whole_body_qualification_but_retry_keeps_history" time="0.019" /><testcase classname="tests.unit.test_semantic_continuous_v3" name="test_fl_preparation_air_preserves_placement_not_current_load" time="0.020" /><testcase classname="tests.unit.test_semantic_continuous_v3" name="test_p08_air_history_survives_p09_handoff_and_phi_does_not_depend_on_label" time="0.040" /><testcase classname="tests.unit.test_semantic_continuous_v3" name="test_unfinished_p08_support_motion_continues_under_p09_without_old_entry_restore" time="0.034" /><testcase classname="tests.unit.test_semantic_continuous_v3" name="test_rear_advisory_joint_motion_does_not_require_its_front_endpoint[P09-RR-7-250]" time="0.075" /><testcase classname="tests.unit.test_semantic_continuous_v3" name="test_rear_advisory_joint_motion_does_not_require_its_front_endpoint[P12-RL-5-600]" time="0.119" /><testcase classname="tests.unit.test_semantic_continuous_v3" name="test_phase_bridge_keeps_all_live_residual_channels_without_global_zero[pair0]" time="0.039" /><testcase classname="tests.unit.test_semantic_continuous_v3" name="test_phase_bridge_keeps_all_live_residual_channels_without_global_zero[pair1]" time="0.039" /><testcase classname="tests.unit.test_semantic_continuous_v3" name="test_phase_bridge_keeps_all_live_residual_channels_without_global_zero[pair2]" time="0.035" /><testcase classname="tests.unit.test_semantic_continuous_v3" name="test_phase_bridge_keeps_all_live_residual_channels_without_global_zero[pair3]" time="0.038" /><testcase classname="tests.unit.test_semantic_continuous_v3" name="test_phase_bridge_keeps_all_live_residual_channels_without_global_zero[pair4]" time="0.036" /><testcase classname="tests.unit.test_semantic_continuous_v3" name="test_phase_bridge_keeps_all_live_residual_channels_without_global_zero[pair5]" time="0.037" /><testcase classname="tests.unit.test_semantic_continuous_v3" name="test_phase_bridge_keeps_all_live_residual_channels_without_global_zero[pair6]" time="0.036" /><testcase classname="tests.unit.test_semantic_continuous_v3" name="test_phase_bridge_keeps_all_live_residual_channels_without_global_zero[pair7]" time="0.036" /><testcase classname="tests.unit.test_semantic_continuous_v3" name="test_phase_bridge_keeps_all_live_residual_channels_without_global_zero[pair8]" time="0.037" /><testcase classname="tests.unit.test_semantic_continuous_v3" name="test_initial_departure_is_not_rebound_but_post_touchdown_passive_rebound_is" time="0.013" /><testcase classname="tests.unit.test_semantic_continuous_v3" name="test_touchdown_tick_retains_real_whole_body_command_change[command0-True]" time="0.006" /><testcase classname="tests.unit.test_semantic_continuous_v3" name="test_touchdown_tick_retains_real_whole_body_command_change[command1-False]" time="0.007" /><testcase classname="tests.unit.test_semantic_continuous_v3" name="test_touchdown_tick_retains_real_whole_body_command_change[command2-False]" time="0.006" /><testcase classname="tests.unit.test_semantic_continuous_v3" name="test_future_unloaded_leg_does_not_discount_current_physical_target[P01]" time="0.017" /><testcase classname="tests.unit.test_semantic_continuous_v3" name="test_future_unloaded_leg_does_not_discount_current_physical_target[P06]" time="0.015" /><testcase classname="tests.unit.test_semantic_continuous_v3" name="test_future_unloaded_leg_does_not_discount_current_physical_target[P08]" time="0.015" /><testcase classname="tests.unit.test_semantic_continuous_v3" name="test_future_unloaded_leg_does_not_discount_current_physical_target[P09]" time="0.015" /><testcase classname="tests.unit.test_semantic_continuous_v3" name="test_future_unloaded_leg_does_not_discount_current_physical_target[P13]" time="0.015" /><testcase classname="tests.unit.test_semantic_continuous_v3" name="test_transfer_eligibility_uses_actual_placement_history_not_phase[placed0-FR]" time="0.030" /><testcase classname="tests.unit.test_semantic_continuous_v3" name="test_transfer_eligibility_uses_actual_placement_history_not_phase[placed1-FL]" time="0.032" /><testcase classname="tests.unit.test_semantic_continuous_v3" name="test_transfer_eligibility_uses_actual_placement_history_not_phase[placed2-RR]" time="0.036" /><testcase classname="tests.unit.test_semantic_continuous_v3" name="test_transfer_eligibility_uses_actual_placement_history_not_phase[placed3-RL]" time="0.038" /><testcase classname="tests.unit.test_semantic_continuous_v3" name="test_transfer_eligibility_uses_actual_placement_history_not_phase[placed4-None]" time="0.044" /><testcase classname="tests.unit.test_semantic_continuous_v3" name="test_nominal_and_residual_changes_are_diagnostic_when_applied_is_constant" time="0.005" /><testcase classname="tests.unit.test_semantic_continuous_v3" name="test_real_env_phase_change_is_not_done_and_new_ranges_reach_meaningful_targets" time="0.045" /><testcase classname="tests.unit.test_semantic_continuous_v3" name="test_v3_failure_bound_success_and_no_cycle_or_stall_bonus" time="0.006" /></testsuite></testsuites>